#
# A fatal error has been detected by the Java Runtime Environment:
#
#  EXCEPTION_ACCESS_VIOLATION (0xc0000005) at pc=0x00007ffc8b1e63b7, pid=16044, tid=21212
#
# JRE version: OpenJDK Runtime Environment (19.0.1+10) (build 19.0.1+10-21)
# Java VM: OpenJDK 64-Bit Server VM (19.0.1+10-21, mixed mode, sharing, tiered, compressed oops, compressed class ptrs, g1 gc, windows-amd64)
# Problematic frame:
# C  [glass.dll+0x263b7]
#
# No core dump will be written. Minidumps are not enabled by default on client versions of Windows
#
# If you would like to submit a bug report, please visit:
#   https://bugreport.java.com/bugreport/crash.jsp
#

---------------  S U M M A R Y ------------

Command Line: --module-path=C:\Users\tobia\OneDrive\Coding\javafx-sdk-19\lib --add-modules=javafx.controls,javafx.fxml -javaagent:C:\Program Files\JetBrains\IntelliJ IDEA 2022.2.1\lib\idea_rt.jar=56340:C:\Program Files\JetBrains\IntelliJ IDEA 2022.2.1\bin -Dfile.encoding=UTF-8 -Dsun.stdout.encoding=UTF-8 -Dsun.stderr.encoding=UTF-8 dk.dtu.compute.se.pisd.roborally.RoboRally

Host: Intel(R) Core(TM) i5-7300HQ CPU @ 2.50GHz, 4 cores, 7G,  Windows 10 , 64 bit Build 19041 (10.0.19041.2913)
Time: Mon Jun  5 15:49:27 2023 Romance Summer Time elapsed time: 13.958819 seconds (0d 0h 0m 13s)

---------------  T H R E A D  ---------------

Current thread (0x00000287fee00750):  VMThread "VM Thread" [stack: 0x000000be96d00000,0x000000be96e00000] [id=21212]

Stack: [0x000000be96d00000,0x000000be96e00000],  sp=0x000000be96dff0d0,  free space=1020k
Native frames: (J=compiled Java code, j=interpreted, Vv=VM code, C=native code)
C  [glass.dll+0x263b7]


siginfo: EXCEPTION_ACCESS_VIOLATION (0xc0000005), reading address 0x0000000000000000


Registers:
RAX=0x0000000000000000, RBX=0x00000287fee08b58, RCX=0x00000287fee00750, RDX=0x000000be96dff0d0
RSP=0x000000be96dff0d0, RBP=0x0000028793573b38, RSI=0x0000028793573b10, RDI=0x00005629a8011ad7
R8 =0x0000000000010002, R9 =0x00005629a8011ad7, R10=0x0000000000008000, R11=0x000000be96dff060
R12=0x00007ffc8b1e3cf0, R13=0x00007ffc6a9772a0, R14=0x000000be96dff1c8, R15=0x0000028793573b10
RIP=0x00007ffc8b1e63b7, EFLAGS=0x0000000000010202


Register to memory mapping:

RIP=0x00007ffc8b1e63b7 glass.dll
RAX=0x0 is NULL
RBX=0x00000287fee08b58 is a global jni handle
RCX=0x00000287fee00750 points into unknown readable memory: 0x00007ffc6a7845d8 | d8 45 78 6a fc 7f 00 00
RDX=0x000000be96dff0d0 points into unknown readable memory: 0x0000000000000000 | 00 00 00 00 00 00 00 00
RSP=0x000000be96dff0d0 points into unknown readable memory: 0x0000000000000000 | 00 00 00 00 00 00 00 00
RBP=0x0000028793573b38 points into unknown readable memory: 0x00005629a8011ad7 | d7 1a 01 a8 29 56 00 00
RSI=0x0000028793573b10 points into unknown readable memory: 0xfe45d935ac011ae8 | e8 1a 01 ac 35 d9 45 fe
RDI=0x00005629a8011ad7 is an unknown value
R8 =0x0000000000010002 is an unknown value
R9 =0x00005629a8011ad7 is an unknown value
R10=0x0000000000008000 is an unknown value
R11=0x000000be96dff060 points into unknown readable memory: 0x0000028793573b10 | 10 3b 57 93 87 02 00 00
R12=0x00007ffc8b1e3cf0 glass.dll
R13=0x00007ffc6a9772a0 jvm.dll
R14=0x000000be96dff1c8 points into unknown readable memory: 0x000000be96dff1b0 | b0 f1 df 96 be 00 00 00
R15=0x0000028793573b10 points into unknown readable memory: 0xfe45d935ac011ae8 | e8 1a 01 ac 35 d9 45 fe


Top of Stack: (sp=0x000000be96dff0d0)
0x000000be96dff0d0:   0000000000000000 0000028793573b10
0x000000be96dff0e0:   00007ffc6a9772a0 00007ffc8b1e3cf0
0x000000be96dff0f0:   0000028793573b18 00007ffcadf242d6
0x000000be96dff100:   00005629a8011ad7 0000028700000000
0x000000be96dff110:   0000028793573b38 0000028793573b10
0x000000be96dff120:   fffffffffffffffe 0000000000000000
0x000000be96dff130:   0000000000000001 00007ffc8b1c0000
0x000000be96dff140:   000000be96dff1b8 00007ffcadf241fb
0x000000be96dff150:   0000000000000000 000000be96dff1c8
0x000000be96dff160:   000000be96dff490 00007ffcae000e40
0x000000be96dff170:   0000000000000001 00007ffcadf241b4
0x000000be96dff180:   0000000000000000 0000000000000001
0x000000be96dff190:   0000000000000001 000000be96dff1b8
0x000000be96dff1a0:   0000000000000000 00007ffc8b1e3b7d
0x000000be96dff1b0:   00007ffc8b1f9f88 00007ffc00000002
0x000000be96dff1c0:   0000000000000002 000000be96dff1b0 

Instructions: (pc=0x00007ffc8b1e63b7)
0x00007ffc8b1e62b7:   8b 4d 58 e8 7d cf ff ff 48 8b 4d 60 e8 74 cf ff
0x00007ffc8b1e62c7:   ff 48 8b 95 80 00 00 00 48 8b 8d 18 01 00 00 e8
0x00007ffc8b1e62d7:   66 c4 ff ff 33 d2 33 c9 e8 bc e1 ff ff 90 48 89
0x00007ffc8b1e62e7:   54 24 10 55 48 83 ec 20 48 8b ea 48 b8 00 00 00
0x00007ffc8b1e62f7:   00 00 00 00 00 48 83 c4 20 5d c3 cc 40 55 48 8b
0x00007ffc8b1e6307:   ea 48 8b 01 33 c9 81 38 05 00 00 c0 0f 94 c1 8b
0x00007ffc8b1e6317:   c1 5d c3 cc 40 55 48 83 ec 20 48 8b ea 8a 4d 40
0x00007ffc8b1e6327:   48 83 c4 20 5d e9 63 d3 ff ff cc 40 55 48 83 ec
0x00007ffc8b1e6337:   20 48 8b ea 8a 4d 20 e8 51 d3 ff ff 90 48 83 c4
0x00007ffc8b1e6347:   20 5d c3 cc 40 55 48 83 ec 20 48 8b ea 48 83 c4
0x00007ffc8b1e6357:   20 5d e9 b2 d1 ff ff cc 40 55 48 83 ec 30 48 8b
0x00007ffc8b1e6367:   ea 48 8b 01 8b 10 48 89 4c 24 28 89 54 24 20 4c
0x00007ffc8b1e6377:   8d 0d 53 d6 ff ff 4c 8b 45 70 8b 55 68 48 8b 4d
0x00007ffc8b1e6387:   60 e8 f3 d0 ff ff 90 48 83 c4 30 5d c3 cc cc cc
0x00007ffc8b1e6397:   cc cc cc cc cc cc cc cc cc 40 53 48 83 ec 20 48
0x00007ffc8b1e63a7:   8b 1d db 35 01 00 48 85 db 74 16 e8 79 8b ff ff
0x00007ffc8b1e63b7:   4c 8b 00 48 8b d3 48 8b c8 41 ff 90 b0 00 00 00
0x00007ffc8b1e63c7:   90 48 83 c4 20 5b c3 cc cc 40 53 48 83 ec 20 48
0x00007ffc8b1e63d7:   8b 1d 4b 37 01 00 48 85 db 74 57 b8 ff ff ff ff
0x00007ffc8b1e63e7:   f0 0f c1 43 10 83 f8 01 75 3d 48 85 db 74 38 48
0x00007ffc8b1e63f7:   8b 0b 48 85 c9 74 0d ff 15 a4 0e 00 00 48 c7 03
0x00007ffc8b1e6407:   00 00 00 00 48 8b 4b 08 48 85 c9 74 0d e8 23 ce
0x00007ffc8b1e6417:   ff ff 48 c7 43 08 00 00 00 00 ba 18 00 00 00 48
0x00007ffc8b1e6427:   8b cb e8 0e ce ff ff 48 c7 05 ef 36 01 00 00 00
0x00007ffc8b1e6437:   00 00 48 83 c4 20 5b c3 cc 40 53 48 83 ec 20 48
0x00007ffc8b1e6447:   8b 1d bb 36 01 00 48 85 db 74 57 b8 ff ff ff ff
0x00007ffc8b1e6457:   f0 0f c1 43 10 83 f8 01 75 3d 48 85 db 74 38 48
0x00007ffc8b1e6467:   8b 0b 48 85 c9 74 0d ff 15 34 0e 00 00 48 c7 03
0x00007ffc8b1e6477:   00 00 00 00 48 8b 4b 08 48 85 c9 74 0d e8 b3 cd
0x00007ffc8b1e6487:   ff ff 48 c7 43 08 00 00 00 00 ba 18 00 00 00 48
0x00007ffc8b1e6497:   8b cb e8 9e cd ff ff 48 c7 05 5f 36 01 00 00 00
0x00007ffc8b1e64a7:   00 00 48 83 c4 20 5b c3 cc 40 53 48 83 ec 20 48 


Stack slot to memory mapping:
stack at sp + 0 slots: 0x0 is NULL
stack at sp + 1 slots: 0x0000028793573b10 points into unknown readable memory: 0xfe45d935ac011ae8 | e8 1a 01 ac 35 d9 45 fe
stack at sp + 2 slots: 0x00007ffc6a9772a0 jvm.dll
stack at sp + 3 slots: 0x00007ffc8b1e3cf0 glass.dll
stack at sp + 4 slots: 0x0000028793573b18 points into unknown readable memory: 0x00005629a8011ad7 | d7 1a 01 a8 29 56 00 00
stack at sp + 5 slots: 0x00007ffcadf242d6 ucrtbase.dll
stack at sp + 6 slots: 0x00005629a8011ad7 is an unknown value
stack at sp + 7 slots: 0x0000028700000000 is an unknown value

VM_Operation (0x000000be978ff360): Exit, mode: safepoint, requested by thread 0x00000287933a6570


---------------  P R O C E S S  ---------------

Threads class SMR info:
_java_thread_list=0x0000028793bbd0f0, length=20, elements={
0x00000287edff50b0, 0x00000287fee1e930, 0x00000287fee1f460, 0x00000287fee20ac0,
0x00000287fee23400, 0x00000287fee23d30, 0x00000287fee269a0, 0x00000287fee2a830,
0x00000287fee2d440, 0x00000287fedefd30, 0x00000287931b0c70, 0x00000287ff169fb0,
0x000002879326f250, 0x00000287931f8040, 0x00000287932052a0, 0x000002879339c110,
0x00000287933a6ac0, 0x00000287933a35a0, 0x00000287933a5030, 0x00000287933a6570
}

Java Threads: ( => current thread )
  0x00000287edff50b0 JavaThread "main" [_thread_blocked, id=7700, stack(0x000000be96700000,0x000000be96800000)]
  0x00000287fee1e930 JavaThread "Reference Handler" daemon [_thread_blocked, id=11604, stack(0x000000be96e00000,0x000000be96f00000)]
  0x00000287fee1f460 JavaThread "Finalizer" daemon [_thread_blocked, id=2528, stack(0x000000be96f00000,0x000000be97000000)]
  0x00000287fee20ac0 JavaThread "Attach Listener" daemon [_thread_blocked, id=11780, stack(0x000000be97100000,0x000000be97200000)]
  0x00000287fee23400 JavaThread "Service Thread" daemon [_thread_blocked, id=6784, stack(0x000000be97200000,0x000000be97300000)]
  0x00000287fee23d30 JavaThread "Monitor Deflation Thread" daemon [_thread_blocked, id=18852, stack(0x000000be97300000,0x000000be97400000)]
  0x00000287fee269a0 JavaThread "C2 CompilerThread0" daemon [_thread_blocked, id=3616, stack(0x000000be97400000,0x000000be97500000)]
  0x00000287fee2a830 JavaThread "C1 CompilerThread0" daemon [_thread_blocked, id=14884, stack(0x000000be97500000,0x000000be97600000)]
  0x00000287fee2d440 JavaThread "Sweeper thread" daemon [_thread_blocked, id=16176, stack(0x000000be97600000,0x000000be97700000)]
  0x00000287fedefd30 JavaThread "Common-Cleaner" daemon [_thread_blocked, id=15824, stack(0x000000be97700000,0x000000be97800000)]
  0x00000287931b0c70 JavaThread "Monitor Ctrl-Break" daemon [_thread_in_native, id=9016, stack(0x000000be97900000,0x000000be97a00000)]
  0x00000287ff169fb0 JavaThread "Notification Thread" daemon [_thread_blocked, id=10972, stack(0x000000be97a00000,0x000000be97b00000)]
  0x000002879326f250 JavaThread "QuantumRenderer-0" daemon [_thread_blocked, id=6592, stack(0x000000be97f00000,0x000000be98000000)]
  0x00000287931f8040 JavaThread "InvokeLaterDispatcher" daemon [_thread_blocked, id=21440, stack(0x000000be98000000,0x000000be98100000)]
  0x00000287932052a0 JavaThread "JavaFX Application Thread" [_thread_in_native, id=18560, stack(0x000000be98100000,0x000000be98200000)]
  0x000002879339c110 JavaThread "JavaFX-Launcher" [_thread_blocked, id=19608, stack(0x000000be98600000,0x000000be98700000)]
  0x00000287933a6ac0 JavaThread "Thread-2" daemon [_thread_in_native, id=10920, stack(0x000000be98500000,0x000000be98600000)]
  0x00000287933a35a0 JavaThread "Prism Font Disposer" daemon [_thread_blocked, id=13472, stack(0x000000be98a00000,0x000000be98b00000)]
  0x00000287933a5030 JavaThread "Cleaner-0" daemon [_thread_blocked, id=15792, stack(0x000000be98b00000,0x000000be98c00000)]
  0x00000287933a6570 JavaThread "SIGINT handler" daemon [_thread_blocked, id=13068, stack(0x000000be97800000,0x000000be97900000)]

Other Threads:
=>0x00000287fee00750 VMThread "VM Thread" [stack: 0x000000be96d00000,0x000000be96e00000] [id=21212]
  0x00000287ee0557d0 WorkerThread "GC Thread#0" [stack: 0x000000be96800000,0x000000be96900000] [id=15052]
  0x00000287ff95d270 WorkerThread "GC Thread#1" [stack: 0x000000be97c00000,0x000000be97d00000] [id=10408]
  0x00000287ff16a4f0 WorkerThread "GC Thread#2" [stack: 0x000000be97d00000,0x000000be97e00000] [id=32]
  0x0000028793625600 WorkerThread "GC Thread#3" [stack: 0x000000be97e00000,0x000000be97f00000] [id=18776]
  0x00000287ee066270 ConcurrentGCThread "G1 Main Marker" terminated
  0x00000287ee066e40 WorkerThread "G1 Conc#0" [stack: 0x000000be96a00000,0x000000be96b00000] [id=15396]
  0x00000287ee0be5e0 ConcurrentGCThread "G1 Refine#0" terminated
  0x00000287fecb8240 ConcurrentGCThread "G1 Service" terminated

Threads with active compile tasks:
C1 CompilerThread0  
[error occurred during error reporting (printing all threads), id 0xc0000005, EXCEPTION_ACCESS_VIOLATION (0xc0000005) at pc=0x00007ffc6a570753]

VM state: at safepoint (shutting down)

VM Mutex/Monitor currently owned by a thread:  ([mutex/lock_event])
[0x00000287edff1060] Threads_lock - owner thread: 0x00000287fee00750
[0x00000287edfefd40] Heap_lock - owner thread: 0x00000287933a6570

Heap address: 0x0000000082600000, size: 2010 MB, Compressed Oops mode: 32-bit

CDS archive(s) mapped at: [0x0000000800000000-0x0000000800c30000-0x0000000800c30000), size 12779520, SharedBaseAddress: 0x0000000800000000, ArchiveRelocationMode: 0.
Compressed class space mapped at: 0x0000000801000000-0x0000000841000000, reserved size: 1073741824
Narrow klass base: 0x0000000800000000, Narrow klass shift: 0, Narrow klass range: 0x100000000

GC Precious Log:
 CardTable entry size: 512
 Card Set container configuration: InlinePtr #cards 5 size 8 Array Of Cards #cards 12 size 40 Howl #buckets 4 coarsen threshold 1843 Howl Bitmap #cards 512 size 80 coarsen threshold 460 Card regions per heap region 1 cards per card region 2048
 CPUs: 4 total, 4 available
 Memory: 8035M
 Large Page Support: Disabled
 NUMA Support: Disabled
 Compressed Oops: Enabled (32-bit)
 Heap Region Size: 1M
 Heap Min Capacity: 8M
 Heap Initial Capacity: 126M
 Heap Max Capacity: 2010M
 Pre-touch: Disabled
 Parallel Workers: 4
 Concurrent Workers: 1
 Concurrent Refinement Workers: 4
 Periodic GC: Disabled

Heap:
 garbage-first heap   total 129024K, used 58925K [0x0000000082600000, 0x0000000100000000)
  region size 1024K, 16 young (16384K), 8 survivors (8192K)
 Metaspace       used 14541K, committed 14784K, reserved 1114112K
  class space    used 2121K, committed 2240K, reserved 1048576K

Heap Regions: E=young(eden), S=young(survivor), O=old, HS=humongous(starts), HC=humongous(continues), CS=collection set, F=free, OA=open archive, CA=closed archive, TAMS=top-at-mark-start (previous, next)
|   0|0x0000000082600000, 0x0000000082700000, 0x0000000082700000|100%| O|  |TAMS 0x0000000082600000, 0x0000000082600000| Untracked 
|   1|0x0000000082700000, 0x0000000082800000, 0x0000000082800000|100%| O|  |TAMS 0x0000000082700000, 0x0000000082700000| Untracked 
|   2|0x0000000082800000, 0x0000000082900000, 0x0000000082900000|100%| O|  |TAMS 0x0000000082800000, 0x0000000082800000| Untracked 
|   3|0x0000000082900000, 0x0000000082a00000, 0x0000000082a00000|100%| O|  |TAMS 0x0000000082900000, 0x0000000082900000| Untracked 
|   4|0x0000000082a00000, 0x0000000082b00000, 0x0000000082b00000|100%| O|  |TAMS 0x0000000082a00000, 0x0000000082a00000| Untracked 
|   5|0x0000000082b00000, 0x0000000082c00000, 0x0000000082c00000|100%|HS|  |TAMS 0x0000000082b00000, 0x0000000082b00000| Complete 
|   6|0x0000000082c00000, 0x0000000082d00000, 0x0000000082d00000|100%|HC|  |TAMS 0x0000000082c00000, 0x0000000082c00000| Complete 
|   7|0x0000000082d00000, 0x0000000082e00000, 0x0000000082e00000|100%|HS|  |TAMS 0x0000000082d00000, 0x0000000082d00000| Complete 
|   8|0x0000000082e00000, 0x0000000082f00000, 0x0000000082f00000|100%|HS|  |TAMS 0x0000000082e00000, 0x0000000082e00000| Complete 
|   9|0x0000000082f00000, 0x0000000083000000, 0x0000000083000000|100%|HS|  |TAMS 0x0000000082f00000, 0x0000000082f00000| Complete 
|  10|0x0000000083000000, 0x0000000083100000, 0x0000000083100000|100%|HC|  |TAMS 0x0000000083000000, 0x0000000083000000| Complete 
|  11|0x0000000083100000, 0x0000000083200000, 0x0000000083200000|100%|HS|  |TAMS 0x0000000083100000, 0x0000000083100000| Complete 
|  12|0x0000000083200000, 0x0000000083300000, 0x0000000083300000|100%|HS|  |TAMS 0x0000000083200000, 0x0000000083200000| Complete 
|  13|0x0000000083300000, 0x0000000083400000, 0x0000000083400000|100%|HS|  |TAMS 0x0000000083300000, 0x0000000083300000| Complete 
|  14|0x0000000083400000, 0x0000000083500000, 0x0000000083500000|100%|HS|  |TAMS 0x0000000083400000, 0x0000000083400000| Complete 
|  15|0x0000000083500000, 0x0000000083600000, 0x0000000083600000|100%|HS|  |TAMS 0x0000000083500000, 0x0000000083500000| Complete 
|  16|0x0000000083600000, 0x0000000083700000, 0x0000000083700000|100%|HS|  |TAMS 0x0000000083600000, 0x0000000083600000| Complete 
|  17|0x0000000083700000, 0x0000000083800000, 0x0000000083800000|100%|HC|  |TAMS 0x0000000083700000, 0x0000000083700000| Complete 
|  18|0x0000000083800000, 0x0000000083900000, 0x0000000083900000|100%|HS|  |TAMS 0x0000000083800000, 0x0000000083800000| Complete 
|  19|0x0000000083900000, 0x0000000083a00000, 0x0000000083a00000|100%|HS|  |TAMS 0x0000000083900000, 0x0000000083900000| Complete 
|  20|0x0000000083a00000, 0x0000000083b00000, 0x0000000083b00000|100%|HS|  |TAMS 0x0000000083a00000, 0x0000000083a00000| Complete 
|  21|0x0000000083b00000, 0x0000000083c00000, 0x0000000083c00000|100%| O|  |TAMS 0x0000000083b00000, 0x0000000083b00000| Untracked 
|  22|0x0000000083c00000, 0x0000000083d00000, 0x0000000083d00000|100%| O|  |TAMS 0x0000000083c00000, 0x0000000083c00000| Untracked 
|  23|0x0000000083d00000, 0x0000000083e00000, 0x0000000083e00000|100%| O|  |TAMS 0x0000000083d00000, 0x0000000083d00000| Untracked 
|  24|0x0000000083e00000, 0x0000000083f00000, 0x0000000083f00000|100%| O|  |TAMS 0x0000000083e00000, 0x0000000083e00000| Untracked 
|  25|0x0000000083f00000, 0x0000000084000000, 0x0000000084000000|100%| O|  |TAMS 0x0000000083f00000, 0x0000000083f00000| Untracked 
|  26|0x0000000084000000, 0x0000000084100000, 0x0000000084100000|100%| O|  |TAMS 0x0000000084000000, 0x0000000084000000| Untracked 
|  27|0x0000000084100000, 0x0000000084200000, 0x0000000084200000|100%| O|  |TAMS 0x0000000084100000, 0x0000000084100000| Untracked 
|  28|0x0000000084200000, 0x0000000084300000, 0x0000000084300000|100%| O|  |TAMS 0x0000000084200000, 0x0000000084200000| Untracked 
|  29|0x0000000084300000, 0x0000000084400000, 0x0000000084400000|100%| O|  |TAMS 0x0000000084300000, 0x0000000084300000| Untracked 
|  30|0x0000000084400000, 0x0000000084500000, 0x0000000084500000|100%| O|  |TAMS 0x0000000084400000, 0x0000000084400000| Untracked 
|  31|0x0000000084500000, 0x0000000084600000, 0x0000000084600000|100%| O|  |TAMS 0x0000000084500000, 0x0000000084500000| Untracked 
|  32|0x0000000084600000, 0x0000000084700000, 0x0000000084700000|100%| O|  |TAMS 0x0000000084600000, 0x0000000084600000| Untracked 
|  33|0x0000000084700000, 0x0000000084800000, 0x0000000084800000|100%| O|  |TAMS 0x0000000084700000, 0x0000000084700000| Untracked 
|  34|0x0000000084800000, 0x0000000084900000, 0x0000000084900000|100%| O|  |TAMS 0x0000000084800000, 0x0000000084800000| Untracked 
|  35|0x0000000084900000, 0x0000000084a00000, 0x0000000084a00000|100%| O|  |TAMS 0x0000000084900000, 0x0000000084900000| Untracked 
|  36|0x0000000084a00000, 0x0000000084b00000, 0x0000000084b00000|100%| O|  |TAMS 0x0000000084a00000, 0x0000000084a00000| Untracked 
|  37|0x0000000084b00000, 0x0000000084c00000, 0x0000000084c00000|100%| O|  |TAMS 0x0000000084b00000, 0x0000000084b00000| Untracked 
|  38|0x0000000084c00000, 0x0000000084d00000, 0x0000000084d00000|100%| O|  |TAMS 0x0000000084c00000, 0x0000000084c00000| Untracked 
|  39|0x0000000084d00000, 0x0000000084e00000, 0x0000000084e00000|100%| O|  |TAMS 0x0000000084d00000, 0x0000000084d00000| Untracked 
|  40|0x0000000084e00000, 0x0000000084f00000, 0x0000000084f00000|100%| O|  |TAMS 0x0000000084e00000, 0x0000000084e00000| Untracked 
|  41|0x0000000084f00000, 0x0000000085000000, 0x0000000085000000|100%| O|  |TAMS 0x0000000084f00000, 0x0000000084f00000| Untracked 
|  42|0x0000000085000000, 0x000000008508b600, 0x0000000085100000| 54%| O|  |TAMS 0x0000000085000000, 0x0000000085000000| Untracked 
|  43|0x0000000085100000, 0x0000000085100000, 0x0000000085200000|  0%| F|  |TAMS 0x0000000085100000, 0x0000000085100000| Untracked 
|  44|0x0000000085200000, 0x0000000085200000, 0x0000000085300000|  0%| F|  |TAMS 0x0000000085200000, 0x0000000085200000| Untracked 
|  45|0x0000000085300000, 0x0000000085300000, 0x0000000085400000|  0%| F|  |TAMS 0x0000000085300000, 0x0000000085300000| Untracked 
|  46|0x0000000085400000, 0x0000000085400000, 0x0000000085500000|  0%| F|  |TAMS 0x0000000085400000, 0x0000000085400000| Untracked 
|  47|0x0000000085500000, 0x0000000085500000, 0x0000000085600000|  0%| F|  |TAMS 0x0000000085500000, 0x0000000085500000| Untracked 
|  48|0x0000000085600000, 0x0000000085600000, 0x0000000085700000|  0%| F|  |TAMS 0x0000000085600000, 0x0000000085600000| Untracked 
|  49|0x0000000085700000, 0x0000000085700000, 0x0000000085800000|  0%| F|  |TAMS 0x0000000085700000, 0x0000000085700000| Untracked 
|  50|0x0000000085800000, 0x0000000085800000, 0x0000000085900000|  0%| F|  |TAMS 0x0000000085800000, 0x0000000085800000| Untracked 
|  51|0x0000000085900000, 0x0000000085900000, 0x0000000085a00000|  0%| F|  |TAMS 0x0000000085900000, 0x0000000085900000| Untracked 
|  52|0x0000000085a00000, 0x0000000085a00000, 0x0000000085b00000|  0%| F|  |TAMS 0x0000000085a00000, 0x0000000085a00000| Untracked 
|  53|0x0000000085b00000, 0x0000000085b00000, 0x0000000085c00000|  0%| F|  |TAMS 0x0000000085b00000, 0x0000000085b00000| Untracked 
|  54|0x0000000085c00000, 0x0000000085d00000, 0x0000000085d00000|100%| S|CS|TAMS 0x0000000085c00000, 0x0000000085c00000| Complete 
|  55|0x0000000085d00000, 0x0000000085e00000, 0x0000000085e00000|100%| S|CS|TAMS 0x0000000085d00000, 0x0000000085d00000| Complete 
|  56|0x0000000085e00000, 0x0000000085f00000, 0x0000000085f00000|100%| S|CS|TAMS 0x0000000085e00000, 0x0000000085e00000| Complete 
|  57|0x0000000085f00000, 0x0000000086000000, 0x0000000086000000|100%| S|CS|TAMS 0x0000000085f00000, 0x0000000085f00000| Complete 
|  58|0x0000000086000000, 0x0000000086100000, 0x0000000086100000|100%| S|CS|TAMS 0x0000000086000000, 0x0000000086000000| Complete 
|  59|0x0000000086100000, 0x0000000086200000, 0x0000000086200000|100%| S|CS|TAMS 0x0000000086100000, 0x0000000086100000| Complete 
|  60|0x0000000086200000, 0x0000000086300000, 0x0000000086300000|100%| S|CS|TAMS 0x0000000086200000, 0x0000000086200000| Complete 
|  61|0x0000000086300000, 0x0000000086400000, 0x0000000086400000|100%| S|CS|TAMS 0x0000000086300000, 0x0000000086300000| Complete 
|  62|0x0000000086400000, 0x0000000086400000, 0x0000000086500000|  0%| F|  |TAMS 0x0000000086400000, 0x0000000086400000| Untracked 
|  63|0x0000000086500000, 0x0000000086500000, 0x0000000086600000|  0%| F|  |TAMS 0x0000000086500000, 0x0000000086500000| Untracked 
|  64|0x0000000086600000, 0x0000000086600000, 0x0000000086700000|  0%| F|  |TAMS 0x0000000086600000, 0x0000000086600000| Untracked 
|  65|0x0000000086700000, 0x0000000086700000, 0x0000000086800000|  0%| F|  |TAMS 0x0000000086700000, 0x0000000086700000| Untracked 
|  66|0x0000000086800000, 0x0000000086800000, 0x0000000086900000|  0%| F|  |TAMS 0x0000000086800000, 0x0000000086800000| Untracked 
|  67|0x0000000086900000, 0x0000000086900000, 0x0000000086a00000|  0%| F|  |TAMS 0x0000000086900000, 0x0000000086900000| Untracked 
|  68|0x0000000086a00000, 0x0000000086a00000, 0x0000000086b00000|  0%| F|  |TAMS 0x0000000086a00000, 0x0000000086a00000| Untracked 
|  69|0x0000000086b00000, 0x0000000086b00000, 0x0000000086c00000|  0%| F|  |TAMS 0x0000000086b00000, 0x0000000086b00000| Untracked 
|  70|0x0000000086c00000, 0x0000000086c00000, 0x0000000086d00000|  0%| F|  |TAMS 0x0000000086c00000, 0x0000000086c00000| Untracked 
|  71|0x0000000086d00000, 0x0000000086d00000, 0x0000000086e00000|  0%| F|  |TAMS 0x0000000086d00000, 0x0000000086d00000| Untracked 
|  72|0x0000000086e00000, 0x0000000086e00000, 0x0000000086f00000|  0%| F|  |TAMS 0x0000000086e00000, 0x0000000086e00000| Untracked 
|  73|0x0000000086f00000, 0x0000000086f00000, 0x0000000087000000|  0%| F|  |TAMS 0x0000000086f00000, 0x0000000086f00000| Untracked 
|  74|0x0000000087000000, 0x0000000087000000, 0x0000000087100000|  0%| F|  |TAMS 0x0000000087000000, 0x0000000087000000| Untracked 
|  75|0x0000000087100000, 0x0000000087100000, 0x0000000087200000|  0%| F|  |TAMS 0x0000000087100000, 0x0000000087100000| Untracked 
|  76|0x0000000087200000, 0x0000000087200000, 0x0000000087300000|  0%| F|  |TAMS 0x0000000087200000, 0x0000000087200000| Untracked 
|  77|0x0000000087300000, 0x0000000087300000, 0x0000000087400000|  0%| F|  |TAMS 0x0000000087300000, 0x0000000087300000| Untracked 
|  78|0x0000000087400000, 0x0000000087400000, 0x0000000087500000|  0%| F|  |TAMS 0x0000000087400000, 0x0000000087400000| Untracked 
|  79|0x0000000087500000, 0x0000000087500000, 0x0000000087600000|  0%| F|  |TAMS 0x0000000087500000, 0x0000000087500000| Untracked 
|  80|0x0000000087600000, 0x0000000087600000, 0x0000000087700000|  0%| F|  |TAMS 0x0000000087600000, 0x0000000087600000| Untracked 
|  81|0x0000000087700000, 0x0000000087700000, 0x0000000087800000|  0%| F|  |TAMS 0x0000000087700000, 0x0000000087700000| Untracked 
|  82|0x0000000087800000, 0x0000000087800000, 0x0000000087900000|  0%| F|  |TAMS 0x0000000087800000, 0x0000000087800000| Untracked 
|  83|0x0000000087900000, 0x0000000087900000, 0x0000000087a00000|  0%| F|  |TAMS 0x0000000087900000, 0x0000000087900000| Untracked 
|  84|0x0000000087a00000, 0x0000000087a00000, 0x0000000087b00000|  0%| F|  |TAMS 0x0000000087a00000, 0x0000000087a00000| Untracked 
|  85|0x0000000087b00000, 0x0000000087b00000, 0x0000000087c00000|  0%| F|  |TAMS 0x0000000087b00000, 0x0000000087b00000| Untracked 
|  86|0x0000000087c00000, 0x0000000087c00000, 0x0000000087d00000|  0%| F|  |TAMS 0x0000000087c00000, 0x0000000087c00000| Untracked 
|  87|0x0000000087d00000, 0x0000000087d00000, 0x0000000087e00000|  0%| F|  |TAMS 0x0000000087d00000, 0x0000000087d00000| Untracked 
|  88|0x0000000087e00000, 0x0000000087e00000, 0x0000000087f00000|  0%| F|  |TAMS 0x0000000087e00000, 0x0000000087e00000| Untracked 
|  89|0x0000000087f00000, 0x0000000087f00000, 0x0000000088000000|  0%| F|  |TAMS 0x0000000087f00000, 0x0000000087f00000| Untracked 
|  90|0x0000000088000000, 0x0000000088000000, 0x0000000088100000|  0%| F|  |TAMS 0x0000000088000000, 0x0000000088000000| Untracked 
|  91|0x0000000088100000, 0x0000000088100000, 0x0000000088200000|  0%| F|  |TAMS 0x0000000088100000, 0x0000000088100000| Untracked 
|  92|0x0000000088200000, 0x0000000088200000, 0x0000000088300000|  0%| F|  |TAMS 0x0000000088200000, 0x0000000088200000| Untracked 
|  93|0x0000000088300000, 0x0000000088300000, 0x0000000088400000|  0%| F|  |TAMS 0x0000000088300000, 0x0000000088300000| Untracked 
|  94|0x0000000088400000, 0x0000000088400000, 0x0000000088500000|  0%| F|  |TAMS 0x0000000088400000, 0x0000000088400000| Untracked 
|  95|0x0000000088500000, 0x0000000088500000, 0x0000000088600000|  0%| F|  |TAMS 0x0000000088500000, 0x0000000088500000| Untracked 
|  96|0x0000000088600000, 0x0000000088600000, 0x0000000088700000|  0%| F|  |TAMS 0x0000000088600000, 0x0000000088600000| Untracked 
|  97|0x0000000088700000, 0x0000000088700000, 0x0000000088800000|  0%| F|  |TAMS 0x0000000088700000, 0x0000000088700000| Untracked 
|  98|0x0000000088800000, 0x0000000088800000, 0x0000000088900000|  0%| F|  |TAMS 0x0000000088800000, 0x0000000088800000| Untracked 
|  99|0x0000000088900000, 0x0000000088900000, 0x0000000088a00000|  0%| F|  |TAMS 0x0000000088900000, 0x0000000088900000| Untracked 
| 100|0x0000000088a00000, 0x0000000088a00000, 0x0000000088b00000|  0%| F|  |TAMS 0x0000000088a00000, 0x0000000088a00000| Untracked 
| 101|0x0000000088b00000, 0x0000000088b00000, 0x0000000088c00000|  0%| F|  |TAMS 0x0000000088b00000, 0x0000000088b00000| Untracked 
| 102|0x0000000088c00000, 0x0000000088c00000, 0x0000000088d00000|  0%| F|  |TAMS 0x0000000088c00000, 0x0000000088c00000| Untracked 
| 103|0x0000000088d00000, 0x0000000088d00000, 0x0000000088e00000|  0%| F|  |TAMS 0x0000000088d00000, 0x0000000088d00000| Untracked 
| 104|0x0000000088e00000, 0x0000000088e00000, 0x0000000088f00000|  0%| F|  |TAMS 0x0000000088e00000, 0x0000000088e00000| Untracked 
| 105|0x0000000088f00000, 0x0000000088f00000, 0x0000000089000000|  0%| F|  |TAMS 0x0000000088f00000, 0x0000000088f00000| Untracked 
| 106|0x0000000089000000, 0x0000000089000000, 0x0000000089100000|  0%| F|  |TAMS 0x0000000089000000, 0x0000000089000000| Untracked 
| 107|0x0000000089100000, 0x0000000089100000, 0x0000000089200000|  0%| F|  |TAMS 0x0000000089100000, 0x0000000089100000| Untracked 
| 108|0x0000000089200000, 0x0000000089200000, 0x0000000089300000|  0%| F|  |TAMS 0x0000000089200000, 0x0000000089200000| Untracked 
| 109|0x0000000089300000, 0x0000000089300000, 0x0000000089400000|  0%| F|  |TAMS 0x0000000089300000, 0x0000000089300000| Untracked 
| 110|0x0000000089400000, 0x0000000089400000, 0x0000000089500000|  0%| F|  |TAMS 0x0000000089400000, 0x0000000089400000| Untracked 
| 111|0x0000000089500000, 0x0000000089500000, 0x0000000089600000|  0%| F|  |TAMS 0x0000000089500000, 0x0000000089500000| Untracked 
| 112|0x0000000089600000, 0x0000000089600000, 0x0000000089700000|  0%| F|  |TAMS 0x0000000089600000, 0x0000000089600000| Untracked 
| 113|0x0000000089700000, 0x0000000089700000, 0x0000000089800000|  0%| F|  |TAMS 0x0000000089700000, 0x0000000089700000| Untracked 
| 114|0x0000000089800000, 0x0000000089800000, 0x0000000089900000|  0%| F|  |TAMS 0x0000000089800000, 0x0000000089800000| Untracked 
| 115|0x0000000089900000, 0x0000000089900000, 0x0000000089a00000|  0%| F|  |TAMS 0x0000000089900000, 0x0000000089900000| Untracked 
| 116|0x0000000089a00000, 0x0000000089a00000, 0x0000000089b00000|  0%| F|  |TAMS 0x0000000089a00000, 0x0000000089a00000| Untracked 
| 117|0x0000000089b00000, 0x0000000089b00000, 0x0000000089c00000|  0%| F|  |TAMS 0x0000000089b00000, 0x0000000089b00000| Untracked 
| 118|0x0000000089c00000, 0x0000000089c50708, 0x0000000089d00000| 31%| E|  |TAMS 0x0000000089c00000, 0x0000000089c00000| Complete 
| 119|0x0000000089d00000, 0x0000000089e00000, 0x0000000089e00000|100%| E|CS|TAMS 0x0000000089d00000, 0x0000000089d00000| Complete 
| 120|0x0000000089e00000, 0x0000000089f00000, 0x0000000089f00000|100%| E|CS|TAMS 0x0000000089e00000, 0x0000000089e00000| Complete 
| 121|0x0000000089f00000, 0x000000008a000000, 0x000000008a000000|100%| E|CS|TAMS 0x0000000089f00000, 0x0000000089f00000| Complete 
| 122|0x000000008a000000, 0x000000008a100000, 0x000000008a100000|100%| E|CS|TAMS 0x000000008a000000, 0x000000008a000000| Complete 
| 123|0x000000008a100000, 0x000000008a200000, 0x000000008a200000|100%| E|CS|TAMS 0x000000008a100000, 0x000000008a100000| Complete 
| 124|0x000000008a200000, 0x000000008a300000, 0x000000008a300000|100%| E|CS|TAMS 0x000000008a200000, 0x000000008a200000| Complete 
| 125|0x000000008a300000, 0x000000008a400000, 0x000000008a400000|100%| E|CS|TAMS 0x000000008a300000, 0x000000008a300000| Complete 

Card table byte_map: [0x00000287f8140000,0x00000287f8530000] _byte_map_base: 0x00000287f7d2d000

Marking Bits (Prev, Next): (CMBitMap*) 0x00000287ee055e00, (CMBitMap*) 0x00000287ee055e40
 Prev Bits: [0x00000287f8920000, 0x00000287fa888000)
 Next Bits: [0x00000287fa890000, 0x00000287fc7f8000)

Polling page: 0x00000287ee0c0000

Metaspace:

Usage:
  Non-class:     12.13 MB used.
      Class:      2.07 MB used.
       Both:     14.20 MB used.

Virtual space:
  Non-class space:       64.00 MB reserved,      12.25 MB ( 19%) committed,  1 nodes.
      Class space:        1.00 GB reserved,       2.19 MB ( <1%) committed,  1 nodes.
             Both:        1.06 GB reserved,      14.44 MB (  1%) committed. 

Chunk freelists:
   Non-Class:  2.78 MB
       Class:  1.85 MB
        Both:  4.63 MB

MaxMetaspaceSize: unlimited
CompressedClassSpaceSize: 1.00 GB
Initial GC threshold: 21.00 MB
Current GC threshold: 21.00 MB
CDS: on
MetaspaceReclaimPolicy: balanced
 - commit_granule_bytes: 65536.
 - commit_granule_words: 8192.
 - virtual_space_node_default_size: 8388608.
 - enlarge_chunks_in_place: 1.
 - new_chunks_are_fully_committed: 0.
 - uncommit_free_chunks: 1.
 - use_allocation_guard: 0.


Internal statistics:

num_allocs_failed_limit: 0.
num_arena_births: 240.
num_arena_deaths: 0.
num_vsnodes_births: 2.
num_vsnodes_deaths: 0.
num_space_committed: 231.
num_space_uncommitted: 0.
num_chunks_returned_to_freelist: 0.
num_chunks_taken_from_freelist: 738.
num_chunk_merges: 0.
num_chunk_splits: 511.
num_chunks_enlarged: 410.
num_inconsistent_stats: 0.

CodeHeap 'non-profiled nmethods': size=120000Kb used=1120Kb max_used=1120Kb free=118879Kb
 bounds [0x0000028787ad0000, 0x0000028787d40000, 0x000002878f000000]
CodeHeap 'profiled nmethods': size=120000Kb used=5443Kb max_used=5443Kb free=114556Kb
 bounds [0x0000028780000000, 0x0000028780560000, 0x0000028787530000]
CodeHeap 'non-nmethods': size=5760Kb used=1515Kb max_used=1554Kb free=4245Kb
 bounds [0x0000028787530000, 0x00000287877a0000, 0x0000028787ad0000]
 total_blobs=3682 nmethods=2884 adapters=707
 compilation: enabled
              stopped_count=0, restarted_count=0
 full_count=0

Compilation events (20 events):
Event: 10.874 Thread 0x00000287fee2a830 2876       3       com.sun.javafx.event.CompositeEventHandler::find (44 bytes)
Event: 10.874 Thread 0x00000287fee2a830 nmethod 2876 0x000002878054ac10 code [0x000002878054ae00, 0x000002878054b268]
Event: 10.887 Thread 0x00000287fee2a830 2877       3       java.util.HashMap::values (25 bytes)
Event: 10.887 Thread 0x00000287fee2a830 nmethod 2877 0x000002878054b390 code [0x000002878054b540, 0x000002878054b8b8]
Event: 11.020 Thread 0x00000287fee269a0 2878       4       javafx.scene.Scene::getRoot (22 bytes)
Event: 11.021 Thread 0x00000287fee269a0 nmethod 2878 0x0000028787be7b90 code [0x0000028787be7d20, 0x0000028787be7e78]
Event: 11.189 Thread 0x00000287fee2a830 2879       3       com.sun.javafx.stage.WindowCloseRequestHandler::dispatchBubblingEvent (23 bytes)
Event: 11.190 Thread 0x00000287fee2a830 nmethod 2879 0x000002878054ba10 code [0x000002878054bbe0, 0x000002878054bfb8]
Event: 11.190 Thread 0x00000287fee2a830 2880       3       com.sun.javafx.event.BasicEventDispatcher::dispatchBubblingEvent (2 bytes)
Event: 11.190 Thread 0x00000287fee2a830 nmethod 2880 0x000002878054c110 code [0x000002878054c2a0, 0x000002878054c3b8]
Event: 11.223 Thread 0x00000287fee2a830 2881       3       com.sun.javafx.scene.EnteredExitedHandler::dispatchBubblingEvent (204 bytes)
Event: 11.226 Thread 0x00000287fee2a830 nmethod 2881 0x000002878054c490 code [0x000002878054c8a0, 0x000002878054eeb8]
Event: 11.226 Thread 0x00000287fee2a830 2882       3       com.sun.javafx.scene.KeyboardShortcutsHandler::dispatchBubblingEvent (60 bytes)
Event: 11.227 Thread 0x00000287fee2a830 nmethod 2882 0x000002878054f710 code [0x000002878054f900, 0x0000028780550008]
Event: 13.478 Thread 0x00000287fee2a830 2883       3       com.sun.javafx.css.PseudoClassState::cast (6 bytes)
Event: 13.479 Thread 0x00000287fee2a830 nmethod 2883 0x0000028780550190 code [0x0000028780550360, 0x00000287805506c8]
Event: 13.479 Thread 0x00000287fee2a830 2884       3       com.sun.javafx.css.PseudoClassState::cast (21 bytes)
Event: 13.479 Thread 0x00000287fee2a830 nmethod 2884 0x0000028780550810 code [0x00000287805509c0, 0x0000028780550cc8]
Event: 13.591 Thread 0x00000287fee2a830 2885       1       com.sun.prism.d3d.D3DContext::getResourceFactory (5 bytes)
Event: 13.591 Thread 0x00000287fee2a830 nmethod 2885 0x0000028787be7f90 code [0x0000028787be8120, 0x0000028787be81f8]

GC Heap History (6 events):
Event: 0.772 GC heap before
{Heap before GC invocations=0 (full 0):
 garbage-first heap   total 129024K, used 12288K [0x0000000082600000, 0x0000000100000000)
  region size 1024K, 13 young (13312K), 0 survivors (0K)
 Metaspace       used 1738K, committed 1920K, reserved 1114112K
  class space    used 160K, committed 256K, reserved 1048576K
}
Event: 0.776 GC heap after
{Heap after GC invocations=1 (full 0):
 garbage-first heap   total 129024K, used 4282K [0x0000000082600000, 0x0000000100000000)
  region size 1024K, 2 young (2048K), 2 survivors (2048K)
 Metaspace       used 1738K, committed 1920K, reserved 1114112K
  class space    used 160K, committed 256K, reserved 1048576K
}
Event: 1.295 GC heap before
{Heap before GC invocations=1 (full 0):
 garbage-first heap   total 129024K, used 18618K [0x0000000082600000, 0x0000000100000000)
  region size 1024K, 17 young (17408K), 2 survivors (2048K)
 Metaspace       used 6428K, committed 6592K, reserved 1114112K
  class space    used 805K, committed 896K, reserved 1048576K
}
Event: 1.301 GC heap after
{Heap after GC invocations=2 (full 0):
 garbage-first heap   total 129024K, used 6774K [0x0000000082600000, 0x0000000100000000)
  region size 1024K, 3 young (3072K), 3 survivors (3072K)
 Metaspace       used 6428K, committed 6592K, reserved 1114112K
  class space    used 805K, committed 896K, reserved 1048576K
}
Event: 5.494 GC heap before
{Heap before GC invocations=2 (full 0):
 garbage-first heap   total 129024K, used 84598K [0x0000000082600000, 0x0000000100000000)
  region size 1024K, 64 young (65536K), 3 survivors (3072K)
 Metaspace       used 14320K, committed 14592K, reserved 1114112K
  class space    used 2107K, committed 2240K, reserved 1048576K
}
Event: 5.527 GC heap after
{Heap after GC invocations=3 (full 0):
 garbage-first heap   total 129024K, used 51757K [0x0000000082600000, 0x0000000100000000)
  region size 1024K, 8 young (8192K), 8 survivors (8192K)
 Metaspace       used 14320K, committed 14592K, reserved 1114112K
  class space    used 2107K, committed 2240K, reserved 1048576K
}

Dll operation events (20 events):
Event: 0.851 Loaded shared library C:\Users\tobia\OneDrive\Coding\javafx-sdk-19\bin\api-ms-win-crt-locale-l1-1-0.dll
Event: 0.853 Loaded shared library C:\Users\tobia\OneDrive\Coding\javafx-sdk-19\bin\api-ms-win-crt-math-l1-1-0.dll
Event: 0.855 Loaded shared library C:\Users\tobia\OneDrive\Coding\javafx-sdk-19\bin\api-ms-win-crt-multibyte-l1-1-0.dll
Event: 0.857 Loaded shared library C:\Users\tobia\OneDrive\Coding\javafx-sdk-19\bin\api-ms-win-crt-private-l1-1-0.dll
Event: 0.858 Loaded shared library C:\Users\tobia\OneDrive\Coding\javafx-sdk-19\bin\api-ms-win-crt-process-l1-1-0.dll
Event: 0.860 Loaded shared library C:\Users\tobia\OneDrive\Coding\javafx-sdk-19\bin\api-ms-win-crt-runtime-l1-1-0.dll
Event: 0.862 Loaded shared library C:\Users\tobia\OneDrive\Coding\javafx-sdk-19\bin\api-ms-win-crt-stdio-l1-1-0.dll
Event: 0.864 Loaded shared library C:\Users\tobia\OneDrive\Coding\javafx-sdk-19\bin\api-ms-win-crt-string-l1-1-0.dll
Event: 0.865 Loaded shared library C:\Users\tobia\OneDrive\Coding\javafx-sdk-19\bin\api-ms-win-crt-time-l1-1-0.dll
Event: 0.867 Loaded shared library C:\Users\tobia\OneDrive\Coding\javafx-sdk-19\bin\api-ms-win-crt-utility-l1-1-0.dll
Event: 0.869 Loaded shared library C:\Users\tobia\OneDrive\Coding\javafx-sdk-19\bin\ucrtbase.dll
Event: 0.871 Loaded shared library C:\Users\tobia\OneDrive\Coding\javafx-sdk-19\bin\vcruntime140.dll
Event: 0.873 Loaded shared library C:\Users\tobia\OneDrive\Coding\javafx-sdk-19\bin\vcruntime140_1.dll
Event: 0.875 Loaded shared library C:\Users\tobia\OneDrive\Coding\javafx-sdk-19\bin\msvcp140.dll
Event: 0.876 Loaded shared library C:\Users\tobia\OneDrive\Coding\javafx-sdk-19\bin\msvcp140_1.dll
Event: 0.878 Loaded shared library C:\Users\tobia\OneDrive\Coding\javafx-sdk-19\bin\msvcp140_2.dll
Event: 0.914 Loaded shared library C:\Users\tobia\OneDrive\Coding\javafx-sdk-19\bin\prism_d3d.dll
Event: 0.951 Loaded shared library C:\Users\tobia\OneDrive\Coding\javafx-sdk-19\bin\glass.dll
Event: 1.199 Loaded shared library C:\Users\tobia\.jdks\openjdk-19.0.1\bin\jimage.dll
Event: 1.277 Loaded shared library C:\Users\tobia\OneDrive\Coding\javafx-sdk-19\bin\javafx_font.dll

Deoptimization events (20 events):
Event: 5.536 Thread 0x00000287932052a0 DEOPT PACKING pc=0x000002878032b8a6 sp=0x000000be981f8510
Event: 5.536 Thread 0x00000287932052a0 DEOPT UNPACKING pc=0x0000028787597543 sp=0x000000be981f7a30 mode 0
Event: 5.536 Thread 0x00000287932052a0 DEOPT PACKING pc=0x000002878032b8a6 sp=0x000000be981f8510
Event: 5.537 Thread 0x00000287932052a0 DEOPT UNPACKING pc=0x0000028787597543 sp=0x000000be981f7a30 mode 0
Event: 5.537 Thread 0x00000287932052a0 DEOPT PACKING pc=0x000002878032b8a6 sp=0x000000be981f8510
Event: 5.537 Thread 0x00000287932052a0 DEOPT UNPACKING pc=0x0000028787597543 sp=0x000000be981f7a30 mode 0
Event: 5.538 Thread 0x00000287932052a0 DEOPT PACKING pc=0x000002878032b8a6 sp=0x000000be981f8510
Event: 5.538 Thread 0x00000287932052a0 DEOPT UNPACKING pc=0x0000028787597543 sp=0x000000be981f7a30 mode 0
Event: 5.539 Thread 0x00000287932052a0 DEOPT PACKING pc=0x000002878032b885 sp=0x000000be981f8510
Event: 5.539 Thread 0x00000287932052a0 DEOPT UNPACKING pc=0x0000028787597543 sp=0x000000be981f7a30 mode 0
Event: 5.540 Thread 0x00000287932052a0 DEOPT PACKING pc=0x000002878032b885 sp=0x000000be981f8510
Event: 5.540 Thread 0x00000287932052a0 DEOPT UNPACKING pc=0x0000028787597543 sp=0x000000be981f7a30 mode 0
Event: 5.541 Thread 0x00000287932052a0 DEOPT PACKING pc=0x000002878032b885 sp=0x000000be981f8510
Event: 5.541 Thread 0x00000287932052a0 DEOPT UNPACKING pc=0x0000028787597543 sp=0x000000be981f7a30 mode 0
Event: 5.542 Thread 0x00000287932052a0 DEOPT PACKING pc=0x000002878032b8a6 sp=0x000000be981f8510
Event: 5.542 Thread 0x00000287932052a0 DEOPT UNPACKING pc=0x0000028787597543 sp=0x000000be981f7a30 mode 0
Event: 5.555 Thread 0x00000287932052a0 Uncommon trap: trap_request=0xffffff45 fr.pc=0x0000028787bd577c relative=0x000000000000057c
Event: 5.555 Thread 0x00000287932052a0 Uncommon trap: reason=unstable_if action=reinterpret pc=0x0000028787bd577c method=javafx.scene.Node.updateLocalToParentTransform()V @ 152 c2
Event: 5.555 Thread 0x00000287932052a0 DEOPT PACKING pc=0x0000028787bd577c sp=0x000000be981f4dd0
Event: 5.555 Thread 0x00000287932052a0 DEOPT UNPACKING pc=0x0000028787596da3 sp=0x000000be981f4d60 mode 2

Classes loaded (20 events):
Event: 10.434 Loading class sun/text/resources/BreakIteratorResources
Event: 10.434 Loading class sun/util/resources/BreakIteratorResourceBundle
Event: 10.435 Loading class sun/util/resources/BreakIteratorResourceBundle done
Event: 10.435 Loading class sun/text/resources/BreakIteratorResources done
Event: 10.435 Loading class sun/text/resources/BreakIteratorResources_en
Event: 10.435 Loading class sun/text/resources/BreakIteratorResources_en done
Event: 10.435 Loading class sun/util/resources/Bundles$2
Event: 10.435 Loading class sun/util/resources/Bundles$2 done
Event: 10.436 Loading class java/lang/InstantiationException
Event: 10.436 Loading class java/lang/InstantiationException done
Event: 10.438 Loading class sun/text/RuleBasedBreakIterator
Event: 10.438 Loading class sun/text/RuleBasedBreakIterator done
Event: 10.440 Loading class sun/text/CompactByteArray
Event: 10.440 Loading class sun/text/CompactByteArray done
Event: 10.441 Loading class sun/text/SupplementaryCharacterData
Event: 10.441 Loading class sun/text/SupplementaryCharacterData done
Event: 10.441 Loading class java/text/BreakIterator$BreakIteratorCache
Event: 10.441 Loading class java/text/BreakIterator$BreakIteratorCache done
Event: 13.588 Loading class jdk/internal/misc/Signal$1
Event: 13.588 Loading class jdk/internal/misc/Signal$1 done

Classes unloaded (0 events):
No events

Classes redefined (0 events):
No events

Internal exceptions (20 events):
Event: 1.426 Thread 0x00000287932052a0 Exception <a 'java/lang/NoSuchMethodError'{0x0000000089cbca78}: 'void java.lang.invoke.DirectMethodHandle$Holder.invokeStaticInit(java.lang.Object, java.lang.Object)'> (0x0000000089cbca78) 
thrown [s\open\src\hotspot\share\interpreter\linkResolver.cpp, line 774]
Event: 1.501 Thread 0x00000287932052a0 Implicit null exception at 0x0000028787b3c183 to 0x0000028787b3c7e4
Event: 1.549 Thread 0x00000287932052a0 Exception <a 'java/lang/NoSuchMethodError'{0x00000000897e9ae0}: 'java.lang.Object java.lang.invoke.DirectMethodHandle$Holder.invokeInterface(java.lang.Object, java.lang.Object, java.lang.Object)'> (0x00000000897e9ae0) 
thrown [s\open\src\hotspot\share\interpreter\linkResolver.cpp, line 774]
Event: 1.550 Thread 0x00000287932052a0 Exception <a 'java/lang/IncompatibleClassChangeError'{0x00000000897ed470}: Found class java.lang.Object, but interface was expected> (0x00000000897ed470) 
thrown [s\open\src\hotspot\share\interpreter\linkResolver.cpp, line 841]
Event: 1.588 Thread 0x00000287932052a0 Exception <a 'java/lang/NoSuchMethodError'{0x00000000896fd208}: 'int java.lang.invoke.DirectMethodHandle$Holder.invokeSpecial(java.lang.Object, java.lang.Object, int)'> (0x00000000896fd208) 
thrown [s\open\src\hotspot\share\interpreter\linkResolver.cpp, line 774]
Event: 1.589 Thread 0x00000287932052a0 Exception <a 'java/lang/NoSuchMethodError'{0x0000000089518b08}: 'int java.lang.invoke.DirectMethodHandle$Holder.invokeSpecial(java.lang.Object, java.lang.Object, java.lang.Object, int)'> (0x0000000089518b08) 
thrown [s\open\src\hotspot\share\interpreter\linkResolver.cpp, line 774]
Event: 1.590 Thread 0x00000287932052a0 Exception <a 'java/lang/NoSuchMethodError'{0x000000008952afd0}: 'java.lang.Object java.lang.invoke.DirectMethodHandle$Holder.invokeStatic(java.lang.Object, java.lang.Object, java.lang.Object, java.lang.Object, int)'> (0x000000008952afd0) 
thrown [s\open\src\hotspot\share\interpreter\linkResolver.cpp, line 774]
Event: 1.591 Thread 0x00000287932052a0 Exception <a 'java/lang/NoSuchMethodError'{0x0000000089533ec8}: 'int java.lang.invoke.DirectMethodHandle$Holder.invokeSpecial(java.lang.Object, java.lang.Object, java.lang.Object)'> (0x0000000089533ec8) 
thrown [s\open\src\hotspot\share\interpreter\linkResolver.cpp, line 774]
Event: 1.607 Thread 0x00000287932052a0 Exception <a 'java/lang/NoSuchMethodError'{0x00000000895bef20}: 'java.lang.Object java.lang.invoke.DirectMethodHandle$Holder.newInvokeSpecial(java.lang.Object, java.lang.Object, int)'> (0x00000000895bef20) 
thrown [s\open\src\hotspot\share\interpreter\linkResolver.cpp, line 774]
Event: 1.637 Thread 0x000002879326f250 Exception <a 'java/lang/NoSuchMethodError'{0x0000000089476158}: 'int java.lang.invoke.DirectMethodHandle$Holder.invokeStaticInit(java.lang.Object, java.lang.Object)'> (0x0000000089476158) 
thrown [s\open\src\hotspot\share\interpreter\linkResolver.cpp, line 774]
Event: 2.764 Thread 0x00000287932052a0 Exception <a 'java/lang/NoSuchMethodError'{0x0000000088d9a188}: 'long java.lang.invoke.DirectMethodHandle$Holder.invokeStatic(java.lang.Object, java.lang.Object, java.lang.Object)'> (0x0000000088d9a188) 
thrown [s\open\src\hotspot\share\interpreter\linkResolver.cpp, line 774]
Event: 2.765 Thread 0x00000287932052a0 Exception <a 'java/lang/NoSuchMethodError'{0x0000000088d9dab0}: 'long java.lang.invoke.DirectMethodHandle$Holder.invokeStaticInit(java.lang.Object, java.lang.Object, java.lang.Object)'> (0x0000000088d9dab0) 
thrown [s\open\src\hotspot\share\interpreter\linkResolver.cpp, line 774]
Event: 2.766 Thread 0x00000287932052a0 Exception <a 'java/lang/NoSuchMethodError'{0x0000000088db6468}: 'java.lang.Object java.lang.invoke.DirectMethodHandle$Holder.newInvokeSpecial(java.lang.Object, java.lang.Object, long)'> (0x0000000088db6468) 
thrown [s\open\src\hotspot\share\interpreter\linkResolver.cpp, line 774]
Event: 2.767 Thread 0x00000287932052a0 Exception <a 'java/lang/NoSuchMethodError'{0x0000000088db9ff0}: 'java.lang.Object java.lang.invoke.Invokers$Holder.linkToTargetMethod(java.lang.Object, long, java.lang.Object)'> (0x0000000088db9ff0) 
thrown [s\open\src\hotspot\share\interpreter\linkResolver.cpp, line 774]
Event: 4.148 Thread 0x00000287932052a0 Exception <a 'java/lang/NoSuchMethodError'{0x0000000087cef358}: 'java.lang.Object java.lang.invoke.DirectMethodHandle$Holder.newInvokeSpecial(java.lang.Object, java.lang.Object, int, int)'> (0x0000000087cef358) 
thrown [s\open\src\hotspot\share\interpreter\linkResolver.cpp, line 774]
Event: 4.148 Thread 0x00000287932052a0 Exception <a 'java/lang/NoSuchMethodError'{0x0000000087cf3718}: 'java.lang.Object java.lang.invoke.DirectMethodHandle$Holder.invokeSpecial(java.lang.Object, java.lang.Object, java.lang.Object, int, int)'> (0x0000000087cf3718) 
thrown [s\open\src\hotspot\share\interpreter\linkResolver.cpp, line 774]
Event: 4.291 Thread 0x00000287932052a0 Exception <a 'java/lang/ClassNotFoundException'{0x0000000087514770}: com/sun/javafx/scene/control/skin/resources/controls> (0x0000000087514770) 
thrown [s\open\src\hotspot\share\prims\jni.cpp, line 536]
Event: 4.292 Thread 0x00000287932052a0 Exception <a 'java/lang/ClassNotFoundException'{0x0000000087522ad0}: com/sun/javafx/scene/control/skin/resources/controls_en> (0x0000000087522ad0) 
thrown [s\open\src\hotspot\share\prims\jni.cpp, line 536]
Event: 4.292 Thread 0x00000287932052a0 Exception <a 'java/lang/ClassNotFoundException'{0x0000000087525448}: com/sun/javafx/scene/control/skin/resources/controls_en_GB> (0x0000000087525448) 
thrown [s\open\src\hotspot\share\prims\jni.cpp, line 536]
Event: 4.347 Thread 0x00000287932052a0 Exception <a 'java/lang/NoSuchMethodError'{0x000000008749b420}: 'void java.lang.invoke.DirectMethodHandle$Holder.invokeSpecial(java.lang.Object, java.lang.Object, java.lang.Object, java.lang.Object, java.lang.Object, java.lang.Object)'> (0x000000008749b420) 
thrown [s\open\src\hotspot\share\interpreter\linkResolver.cpp, line 774]

VM Operations (20 events):
Event: 4.344 Executing VM operation: HandshakeAllThreads done
Event: 4.344 Executing VM operation: HandshakeAllThreads
Event: 4.344 Executing VM operation: HandshakeAllThreads done
Event: 4.428 Executing VM operation: ICBufferFull
Event: 4.428 Executing VM operation: ICBufferFull done
Event: 5.428 Executing VM operation: Cleanup
Event: 5.429 Executing VM operation: Cleanup done
Event: 5.494 Executing VM operation: G1CollectForAllocation
Event: 5.527 Executing VM operation: G1CollectForAllocation done
Event: 6.528 Executing VM operation: Cleanup
Event: 6.528 Executing VM operation: Cleanup done
Event: 8.528 Executing VM operation: Cleanup
Event: 8.529 Executing VM operation: Cleanup done
Event: 9.529 Executing VM operation: Cleanup
Event: 9.529 Executing VM operation: Cleanup done
Event: 10.530 Executing VM operation: Cleanup
Event: 10.530 Executing VM operation: Cleanup done
Event: 11.530 Executing VM operation: Cleanup
Event: 11.531 Executing VM operation: Cleanup done
Event: 13.591 Executing VM operation: Exit

Events (20 events):
Event: 0.697 Thread 0x00000287931b0c70 Thread added: 0x00000287931b0c70
Event: 0.697 Thread 0x00000287ff169fb0 Thread added: 0x00000287ff169fb0
Event: 0.909 Thread 0x000002879326f250 Thread added: 0x000002879326f250
Event: 0.953 Thread 0x00000287931f8040 Thread added: 0x00000287931f8040
Event: 0.959 Thread 0x00000287932052a0 Thread added: 0x00000287932052a0
Event: 1.080 Thread 0x000002879339c110 Thread added: 0x000002879339c110
Event: 1.083 Thread 0x00000287933a6ac0 Thread added: 0x00000287933a6ac0
Event: 1.542 Thread 0x00000287933a35a0 Thread added: 0x00000287933a35a0
Event: 1.676 Thread 0x00000287933a5030 Thread added: 0x00000287933a5030
Event: 1.984 Thread 0x00000287ff0b8f80 Thread exited: 0x00000287ff0b8f80
Event: 3.871 Thread 0x0000028793bdaf50 Thread added: 0x0000028793bdaf50
Event: 5.019 Thread 0x0000028793bdaf50 Thread exited: 0x0000028793bdaf50
Event: 5.553 Thread 0x0000028793df57b0 Thread added: 0x0000028793df57b0
Event: 5.699 Thread 0x0000028793df57b0 Thread exited: 0x0000028793df57b0
Event: 13.589 Thread 0x00000287933a6570 Thread added: 0x00000287933a6570
Event: 13.589 Thread 0x00000287933a5580 Thread added: 0x00000287933a5580
Event: 13.589 Thread 0x00000287933a5ad0 Thread added: 0x00000287933a5ad0
Event: 13.590 Thread 0x00000287933a5ad0 Thread exited: 0x00000287933a5ad0
Event: 13.591 Thread 0x00000287933a5580 Thread exited: 0x00000287933a5580
Event: 13.591 Thread 0x00000287fee1ff90 Thread exited: 0x00000287fee1ff90


Dynamic libraries:
0x00007ff7d3e80000 - 0x00007ff7d3e8e000 	C:\Users\tobia\.jdks\openjdk-19.0.1\bin\java.exe
0x00007ffcb0530000 - 0x00007ffcb0728000 	C:\WINDOWS\SYSTEM32\ntdll.dll
0x00007ffcaecf0000 - 0x00007ffcaedaf000 	C:\WINDOWS\System32\KERNEL32.DLL
0x00007ffcadc10000 - 0x00007ffcadf06000 	C:\WINDOWS\System32\KERNELBASE.dll
0x00007ffcadf10000 - 0x00007ffcae010000 	C:\WINDOWS\System32\ucrtbase.dll
0x00007ffca7110000 - 0x00007ffca7127000 	C:\Users\tobia\.jdks\openjdk-19.0.1\bin\jli.dll
0x00007ffca7320000 - 0x00007ffca733b000 	C:\Users\tobia\.jdks\openjdk-19.0.1\bin\VCRUNTIME140.dll
0x00007ffcaef40000 - 0x00007ffcaf0dd000 	C:\WINDOWS\System32\USER32.dll
0x00007ffcae310000 - 0x00007ffcae332000 	C:\WINDOWS\System32\win32u.dll
0x00007ffca24d0000 - 0x00007ffca276a000 	C:\WINDOWS\WinSxS\amd64_microsoft.windows.common-controls_6595b64144ccf1df_6.0.19041.1110_none_60b5254171f9507e\COMCTL32.dll
0x00007ffcae590000 - 0x00007ffcae62e000 	C:\WINDOWS\System32\msvcrt.dll
0x00007ffcaffd0000 - 0x00007ffcafffc000 	C:\WINDOWS\System32\GDI32.dll
0x00007ffcae470000 - 0x00007ffcae585000 	C:\WINDOWS\System32\gdi32full.dll
0x00007ffcae270000 - 0x00007ffcae30d000 	C:\WINDOWS\System32\msvcp_win.dll
0x00007ffcaffa0000 - 0x00007ffcaffd0000 	C:\WINDOWS\System32\IMM32.DLL
0x00007ffca81f0000 - 0x00007ffca81fc000 	C:\Users\tobia\.jdks\openjdk-19.0.1\bin\vcruntime140_1.dll
0x00007ffc7a580000 - 0x00007ffc7a60e000 	C:\Users\tobia\.jdks\openjdk-19.0.1\bin\msvcp140.dll
0x00007ffc69d60000 - 0x00007ffc6aa20000 	C:\Users\tobia\.jdks\openjdk-19.0.1\bin\server\jvm.dll
0x00007ffcb0440000 - 0x00007ffcb04ef000 	C:\WINDOWS\System32\ADVAPI32.dll
0x00007ffcaf9e0000 - 0x00007ffcafa7c000 	C:\WINDOWS\System32\sechost.dll
0x00007ffcb0180000 - 0x00007ffcb02a6000 	C:\WINDOWS\System32\RPCRT4.dll
0x00007ffca1e70000 - 0x00007ffca1e79000 	C:\WINDOWS\SYSTEM32\WSOCK32.dll
0x00007ffcafa80000 - 0x00007ffcafaeb000 	C:\WINDOWS\System32\WS2_32.dll
0x00007ffc908b0000 - 0x00007ffc908d7000 	C:\WINDOWS\SYSTEM32\WINMM.dll
0x00007ffca6630000 - 0x00007ffca663a000 	C:\WINDOWS\SYSTEM32\VERSION.dll
0x00007ffcac460000 - 0x00007ffcac472000 	C:\WINDOWS\SYSTEM32\kernel.appcore.dll
0x00007ffca73d0000 - 0x00007ffca73da000 	C:\Users\tobia\.jdks\openjdk-19.0.1\bin\jimage.dll
0x00007ffcac250000 - 0x00007ffcac434000 	C:\WINDOWS\SYSTEM32\DBGHELP.DLL
0x00007ffca5760000 - 0x00007ffca5794000 	C:\WINDOWS\SYSTEM32\dbgcore.DLL
0x00007ffcae3e0000 - 0x00007ffcae462000 	C:\WINDOWS\System32\bcryptPrimitives.dll
0x00007ffca73b0000 - 0x00007ffca73be000 	C:\Users\tobia\.jdks\openjdk-19.0.1\bin\instrument.dll
0x00007ffca14c0000 - 0x00007ffca14e6000 	C:\Users\tobia\.jdks\openjdk-19.0.1\bin\java.dll
0x00007ffc6f360000 - 0x00007ffc6f437000 	C:\Users\tobia\.jdks\openjdk-19.0.1\bin\jsvml.dll
0x00007ffcaf0e0000 - 0x00007ffcaf824000 	C:\WINDOWS\System32\SHELL32.dll
0x00007ffcab970000 - 0x00007ffcac103000 	C:\WINDOWS\SYSTEM32\windows.storage.dll
0x00007ffcafbb0000 - 0x00007ffcaff04000 	C:\WINDOWS\System32\combase.dll
0x00007ffcad670000 - 0x00007ffcad69e000 	C:\WINDOWS\SYSTEM32\Wldp.dll
0x00007ffcb02b0000 - 0x00007ffcb035d000 	C:\WINDOWS\System32\SHCORE.dll
0x00007ffcafb50000 - 0x00007ffcafba5000 	C:\WINDOWS\System32\shlwapi.dll
0x00007ffcadb50000 - 0x00007ffcadb6f000 	C:\WINDOWS\SYSTEM32\profapi.dll
0x00007ffca7060000 - 0x00007ffca7073000 	C:\Users\tobia\.jdks\openjdk-19.0.1\bin\net.dll
0x00007ffca4b70000 - 0x00007ffca4c7a000 	C:\WINDOWS\SYSTEM32\WINHTTP.dll
0x00007ffcad3d0000 - 0x00007ffcad43a000 	C:\WINDOWS\system32\mswsock.dll
0x00007ffca6fc0000 - 0x00007ffca6fd6000 	C:\Users\tobia\.jdks\openjdk-19.0.1\bin\nio.dll
0x00007ffca5f70000 - 0x00007ffca5f88000 	C:\Users\tobia\.jdks\openjdk-19.0.1\bin\zip.dll
0x00007ffca81d0000 - 0x00007ffca81ea000 	C:\Program Files\JetBrains\IntelliJ IDEA 2022.2.1\bin\breakgen64.dll
0x00007ffca1e30000 - 0x00007ffca1e38000 	C:\Users\tobia\.jdks\openjdk-19.0.1\bin\extnet.dll
0x00000287ffbb0000 - 0x00000287ffbb3000 	C:\Users\tobia\OneDrive\Coding\javafx-sdk-19\bin\api-ms-win-core-console-l1-1-0.dll
0x00000287ffbc0000 - 0x00000287ffbc3000 	C:\Users\tobia\OneDrive\Coding\javafx-sdk-19\bin\api-ms-win-core-console-l1-2-0.dll
0x00000287ffbd0000 - 0x00000287ffbd3000 	C:\Users\tobia\OneDrive\Coding\javafx-sdk-19\bin\api-ms-win-core-datetime-l1-1-0.dll
0x00000287ffbe0000 - 0x00000287ffbe3000 	C:\Users\tobia\OneDrive\Coding\javafx-sdk-19\bin\api-ms-win-core-debug-l1-1-0.dll
0x00000287ffbf0000 - 0x00000287ffbf3000 	C:\Users\tobia\OneDrive\Coding\javafx-sdk-19\bin\api-ms-win-core-errorhandling-l1-1-0.dll
0x00000287ffc00000 - 0x00000287ffc04000 	C:\Users\tobia\OneDrive\Coding\javafx-sdk-19\bin\api-ms-win-core-file-l1-1-0.dll
0x00000287ffc10000 - 0x00000287ffc13000 	C:\Users\tobia\OneDrive\Coding\javafx-sdk-19\bin\api-ms-win-core-file-l1-2-0.dll
0x00000287ffc20000 - 0x00000287ffc23000 	C:\Users\tobia\OneDrive\Coding\javafx-sdk-19\bin\api-ms-win-core-file-l2-1-0.dll
0x00000287ffc30000 - 0x00000287ffc33000 	C:\Users\tobia\OneDrive\Coding\javafx-sdk-19\bin\api-ms-win-core-handle-l1-1-0.dll
0x00000287ffc40000 - 0x00000287ffc43000 	C:\Users\tobia\OneDrive\Coding\javafx-sdk-19\bin\api-ms-win-core-heap-l1-1-0.dll
0x00000287ffc50000 - 0x00000287ffc53000 	C:\Users\tobia\OneDrive\Coding\javafx-sdk-19\bin\api-ms-win-core-interlocked-l1-1-0.dll
0x00000287ffc60000 - 0x00000287ffc63000 	C:\Users\tobia\OneDrive\Coding\javafx-sdk-19\bin\api-ms-win-core-libraryloader-l1-1-0.dll
0x00000287ffc70000 - 0x00000287ffc73000 	C:\Users\tobia\OneDrive\Coding\javafx-sdk-19\bin\api-ms-win-core-localization-l1-2-0.dll
0x00000287ffc80000 - 0x00000287ffc83000 	C:\Users\tobia\OneDrive\Coding\javafx-sdk-19\bin\api-ms-win-core-memory-l1-1-0.dll
0x00000287ffc90000 - 0x00000287ffc93000 	C:\Users\tobia\OneDrive\Coding\javafx-sdk-19\bin\api-ms-win-core-namedpipe-l1-1-0.dll
0x00000287ffca0000 - 0x00000287ffca3000 	C:\Users\tobia\OneDrive\Coding\javafx-sdk-19\bin\api-ms-win-core-processenvironment-l1-1-0.dll
0x00000287ffcb0000 - 0x00000287ffcb3000 	C:\Users\tobia\OneDrive\Coding\javafx-sdk-19\bin\api-ms-win-core-processthreads-l1-1-0.dll
0x00000287ffcc0000 - 0x00000287ffcc3000 	C:\Users\tobia\OneDrive\Coding\javafx-sdk-19\bin\api-ms-win-core-processthreads-l1-1-1.dll
0x00000287ffcd0000 - 0x00000287ffcd3000 	C:\Users\tobia\OneDrive\Coding\javafx-sdk-19\bin\api-ms-win-core-profile-l1-1-0.dll
0x00000287ffce0000 - 0x00000287ffce3000 	C:\Users\tobia\OneDrive\Coding\javafx-sdk-19\bin\api-ms-win-core-rtlsupport-l1-1-0.dll
0x00000287ffcf0000 - 0x00000287ffcf3000 	C:\Users\tobia\OneDrive\Coding\javafx-sdk-19\bin\api-ms-win-core-string-l1-1-0.dll
0x00000287ffd00000 - 0x00000287ffd03000 	C:\Users\tobia\OneDrive\Coding\javafx-sdk-19\bin\api-ms-win-core-synch-l1-1-0.dll
0x00000287ffd10000 - 0x00000287ffd13000 	C:\Users\tobia\OneDrive\Coding\javafx-sdk-19\bin\api-ms-win-core-synch-l1-2-0.dll
0x00000287ffd20000 - 0x00000287ffd23000 	C:\Users\tobia\OneDrive\Coding\javafx-sdk-19\bin\api-ms-win-core-sysinfo-l1-1-0.dll
0x00000287ffd30000 - 0x00000287ffd33000 	C:\Users\tobia\OneDrive\Coding\javafx-sdk-19\bin\api-ms-win-core-timezone-l1-1-0.dll
0x00000287ffd40000 - 0x00000287ffd43000 	C:\Users\tobia\OneDrive\Coding\javafx-sdk-19\bin\api-ms-win-core-util-l1-1-0.dll
0x00000287ffd50000 - 0x00000287ffd53000 	C:\Users\tobia\OneDrive\Coding\javafx-sdk-19\bin\api-ms-win-crt-conio-l1-1-0.dll
0x00000287ffd60000 - 0x00000287ffd64000 	C:\Users\tobia\OneDrive\Coding\javafx-sdk-19\bin\api-ms-win-crt-convert-l1-1-0.dll
0x00000287ffd70000 - 0x00000287ffd73000 	C:\Users\tobia\OneDrive\Coding\javafx-sdk-19\bin\api-ms-win-crt-environment-l1-1-0.dll
0x00000287ffd80000 - 0x00000287ffd83000 	C:\Users\tobia\OneDrive\Coding\javafx-sdk-19\bin\api-ms-win-crt-filesystem-l1-1-0.dll
0x00000287ffd90000 - 0x00000287ffd93000 	C:\Users\tobia\OneDrive\Coding\javafx-sdk-19\bin\api-ms-win-crt-heap-l1-1-0.dll
0x00000287ffda0000 - 0x00000287ffda3000 	C:\Users\tobia\OneDrive\Coding\javafx-sdk-19\bin\api-ms-win-crt-locale-l1-1-0.dll
0x00000287ffdb0000 - 0x00000287ffdb5000 	C:\Users\tobia\OneDrive\Coding\javafx-sdk-19\bin\api-ms-win-crt-math-l1-1-0.dll
0x00000287ffdc0000 - 0x00000287ffdc5000 	C:\Users\tobia\OneDrive\Coding\javafx-sdk-19\bin\api-ms-win-crt-multibyte-l1-1-0.dll
0x00000287ffdd0000 - 0x00000287ffde0000 	C:\Users\tobia\OneDrive\Coding\javafx-sdk-19\bin\api-ms-win-crt-private-l1-1-0.dll
0x00000287ffde0000 - 0x00000287ffde3000 	C:\Users\tobia\OneDrive\Coding\javafx-sdk-19\bin\api-ms-win-crt-process-l1-1-0.dll
0x00000287ffdf0000 - 0x00000287ffdf4000 	C:\Users\tobia\OneDrive\Coding\javafx-sdk-19\bin\api-ms-win-crt-runtime-l1-1-0.dll
0x00000287ffe00000 - 0x00000287ffe04000 	C:\Users\tobia\OneDrive\Coding\javafx-sdk-19\bin\api-ms-win-crt-stdio-l1-1-0.dll
0x00000287ffe10000 - 0x00000287ffe14000 	C:\Users\tobia\OneDrive\Coding\javafx-sdk-19\bin\api-ms-win-crt-string-l1-1-0.dll
0x00000287ffe20000 - 0x00000287ffe23000 	C:\Users\tobia\OneDrive\Coding\javafx-sdk-19\bin\api-ms-win-crt-time-l1-1-0.dll
0x00000287ffe30000 - 0x00000287ffe33000 	C:\Users\tobia\OneDrive\Coding\javafx-sdk-19\bin\api-ms-win-crt-utility-l1-1-0.dll
0x00007ffc6fa90000 - 0x00007ffc6fb8c000 	C:\Users\tobia\OneDrive\Coding\javafx-sdk-19\bin\ucrtbase.dll
0x00007ffca81b0000 - 0x00007ffca81cb000 	C:\Users\tobia\OneDrive\Coding\javafx-sdk-19\bin\vcruntime140.dll
0x00007ffca4cd0000 - 0x00007ffca4cdc000 	C:\Users\tobia\OneDrive\Coding\javafx-sdk-19\bin\vcruntime140_1.dll
0x00007ffc71130000 - 0x00007ffc711be000 	C:\Users\tobia\OneDrive\Coding\javafx-sdk-19\bin\msvcp140.dll
0x00007ffca4960000 - 0x00007ffca4969000 	C:\Users\tobia\OneDrive\Coding\javafx-sdk-19\bin\msvcp140_1.dll
0x00007ffc8c5e0000 - 0x00007ffc8c610000 	C:\Users\tobia\OneDrive\Coding\javafx-sdk-19\bin\msvcp140_2.dll
0x00007ffc8c510000 - 0x00007ffc8c53c000 	C:\Users\tobia\OneDrive\Coding\javafx-sdk-19\bin\prism_d3d.dll
0x00007ffc83c20000 - 0x00007ffc83ded000 	C:\WINDOWS\system32\d3d9.dll
0x00007ffcab4a0000 - 0x00007ffcab4cf000 	C:\WINDOWS\SYSTEM32\dwmapi.dll
0x00007ffcab2c0000 - 0x00007ffcab35e000 	C:\WINDOWS\system32\uxtheme.dll
0x00007ffc8bc40000 - 0x00007ffc8be0e000 	C:\WINDOWS\System32\DriverStore\FileRepository\igdlh64.inf_amd64_ba34b5e302b5992f\igdumdim64.dll
0x00007ffc9a4c0000 - 0x00007ffc9a5dd000 	C:\WINDOWS\System32\DriverStore\FileRepository\igdlh64.inf_amd64_ba34b5e302b5992f\igdgmm64.dll
0x00007ffc713f0000 - 0x00007ffc74fd2000 	C:\WINDOWS\System32\DriverStore\FileRepository\igdlh64.inf_amd64_ba34b5e302b5992f\igd9dxva64.dll
0x00007ffcae630000 - 0x00007ffcae75a000 	C:\WINDOWS\System32\OLE32.dll
0x00007ffcb00b0000 - 0x00007ffcb017d000 	C:\WINDOWS\System32\OLEAUT32.dll
0x00007ffc8b1c0000 - 0x00007ffc8b202000 	C:\Users\tobia\OneDrive\Coding\javafx-sdk-19\bin\glass.dll
0x00007ffcb0360000 - 0x00007ffcb043a000 	C:\WINDOWS\System32\COMDLG32.dll
0x00007ffcaebd0000 - 0x00007ffcaece4000 	C:\WINDOWS\System32\MSCTF.dll
0x00007ffc8bc10000 - 0x00007ffc8bc31000 	C:\WINDOWS\System32\DriverStore\FileRepository\igdlh64.inf_amd64_ba34b5e302b5992f\igdinfo64.dll
0x00007ffc98120000 - 0x00007ffc9a3c5000 	C:\WINDOWS\System32\DriverStore\FileRepository\igdlh64.inf_amd64_ba34b5e302b5992f\igc64.dll
0x00007ffc97bb0000 - 0x00007ffc97beb000 	C:\WINDOWS\SYSTEM32\dxcore.dll
0x00007ffcae170000 - 0x00007ffcae1be000 	C:\WINDOWS\System32\cfgmgr32.dll
0x00007ffca1e80000 - 0x00007ffca1e94000 	C:\Users\tobia\OneDrive\Coding\javafx-sdk-19\bin\javafx_font.dll
0x00007ffc9ce90000 - 0x00007ffc9d10f000 	C:\WINDOWS\SYSTEM32\dwrite.dll
0x00007ffcb0000000 - 0x00007ffcb00a9000 	C:\WINDOWS\System32\clbcatq.dll
0x00007ffca1620000 - 0x00007ffca17d4000 	C:\WINDOWS\SYSTEM32\WindowsCodecs.dll
0x00007ffcae340000 - 0x00007ffcae367000 	C:\WINDOWS\System32\bcrypt.dll
0x00007ffc7ec30000 - 0x00007ffc7ec6e000 	C:\WINDOWS\system32\dataexchange.dll
0x00007ffca9eb0000 - 0x00007ffcaa113000 	C:\WINDOWS\system32\d3d11.dll
0x00007ffcaa700000 - 0x00007ffcaa8e3000 	C:\WINDOWS\system32\dcomp.dll
0x00007ffcac510000 - 0x00007ffcac603000 	C:\WINDOWS\system32\dxgi.dll
0x00007ffca6650000 - 0x00007ffca6850000 	C:\WINDOWS\system32\twinapi.appcore.dll
0x00007ffc8a4b0000 - 0x00007ffc8a4e4000 	C:\Program Files\Common Files\Microsoft Shared\Ink\rtscom.dll
0x00007ffca0ec0000 - 0x00007ffca0fba000 	C:\WINDOWS\SYSTEM32\textinputframework.dll
0x00007ffcaac70000 - 0x00007ffcaafce000 	C:\WINDOWS\System32\CoreUIComponents.dll
0x00007ffcaafd0000 - 0x00007ffcab0c2000 	C:\WINDOWS\System32\CoreMessaging.dll
0x00007ffcacdc0000 - 0x00007ffcacdf3000 	C:\WINDOWS\SYSTEM32\ntmarta.dll
0x00007ffcaa5a0000 - 0x00007ffcaa6f4000 	C:\WINDOWS\SYSTEM32\wintypes.dll

dbghelp: loaded successfully - version: 4.0.5 - missing functions: none
symbol engine: initialized successfully - sym options: 0x614 - pdb path: .;C:\Users\tobia\.jdks\openjdk-19.0.1\bin;C:\WINDOWS\SYSTEM32;C:\WINDOWS\WinSxS\amd64_microsoft.windows.common-controls_6595b64144ccf1df_6.0.19041.1110_none_60b5254171f9507e;C:\Users\tobia\.jdks\openjdk-19.0.1\bin\server;C:\Program Files\JetBrains\IntelliJ IDEA 2022.2.1\bin;C:\Users\tobia\OneDrive\Coding\javafx-sdk-19\bin;C:\WINDOWS\System32\DriverStore\FileRepository\igdlh64.inf_amd64_ba34b5e302b5992f;C:\Program Files\Common Files\Microsoft Shared\Ink

VM Arguments:
jvm_args: --module-path=C:\Users\tobia\OneDrive\Coding\javafx-sdk-19\lib --add-modules=javafx.controls,javafx.fxml -javaagent:C:\Program Files\JetBrains\IntelliJ IDEA 2022.2.1\lib\idea_rt.jar=56340:C:\Program Files\JetBrains\IntelliJ IDEA 2022.2.1\bin -Dfile.encoding=UTF-8 -Dsun.stdout.encoding=UTF-8 -Dsun.stderr.encoding=UTF-8 
java_command: dk.dtu.compute.se.pisd.roborally.RoboRally
java_class_path (initial): C:\Users\tobia\OneDrive\Coding\Bobby\roborally\target\classes;C:\Users\tobia\.m2\repository\com\fasterxml\jackson-xml-databind\0.6.2\jackson-xml-databind-0.6.2.jar;C:\Users\tobia\.m2\repository\org\codehaus\jackson\jackson-mapper-asl\1.9.2\jackson-mapper-asl-1.9.2.jar;C:\Users\tobia\.m2\repository\org\codehaus\jackson\jackson-core-asl\1.9.2\jackson-core-asl-1.9.2.jar;C:\Users\tobia\.m2\repository\org\codehaus\jackson\jackson-xc\1.9.2\jackson-xc-1.9.2.jar;C:\Users\tobia\.m2\repository\org\codehaus\woodstox\stax2-api\3.1.0\stax2-api-3.1.0.jar;C:\Users\tobia\.m2\repository\javax\xml\stream\stax-api\1.0-2\stax-api-1.0-2.jar;C:\Users\tobia\.m2\repository\com\fasterxml\jackson\dataformat\jackson-dataformat-xml\2.8.5\jackson-dataformat-xml-2.8.5.jar;C:\Users\tobia\.m2\repository\com\fasterxml\jackson\core\jackson-core\2.15.0\jackson-core-2.15.0.jar;C:\Users\tobia\.m2\repository\com\fasterxml\jackson\core\jackson-annotations\2.15.0\jackson-annotations-2.15.0.jar;C:\Users\tobia\.m2\repository\com\fasterxml\jackson\core\jackson-databind\2.15.0\jackson-databind-2.15.0.jar;C:\Users\tobia\.m2\repository\com\fasterxml\jackson\module\jackson-module-jaxb-annotations\2.15.0\jackson-module-jaxb-annotations-2.15.0.jar;C:\Users\tobia\.m2\repository\jakarta\activation\jakarta.activation-api\2.1.2\jakarta.activation-api-2.1.2.jar;C:\Users\tobia\.m2\repository\com\fasterxml\woodstox\woodstox-core\5.0.3\woodstox-core-5.0.3.jar;C:\Users\tobia\.m2\repository\org\jetbrains\annotations\13.0\annotations-13.0.jar;C:\Users\tobia\.m2\repository\mysql\mysql-connector-java\8.0.11\mysql-connector-java-8.0.11.jar;C:\Users\tobia\.m2\repository\com\google\protobuf\protobuf-java\2.6.0\protobuf-java-2.6.0.jar;C:\Users\tobia\.m2\repository\com\google\code\gson\gson\2.8.2\gson-2.8.2.jar;C:\Users\tobia\.m2\repository\com\google\guava\guava\19.0\guava-19.0.jar;C:\Users\tobia\.m2\repository\org\springframework\boot\spring-boot-starter\3.1.0\spring-boot-starter-3.1.0.jar;C:\Users\tobia\.m2\repository\org\springframework\boot\spring-boot\3.1.0\spring-boot-3.1.0.jar;C:\Users\tobia\.m2\repository\org\springframework\spring-context\6.0.9\spring-context-6.0.9.jar;C:\Users\tobia\.m2\repository\org\springframework\boot\spring-boot-autoconfigure\3.1.0\spring-boot-autoconfigure-3.1.0.jar;C:\Users\tobia\.m2\repository\org\springframework\boot\spring-boot-starter-logging\3.1.0\spring-boot-starter-logging-3.1.0.jar;C:\Users\tobia\.m2\repository\ch\qos\logback\logback-classic\1.4.7\logback-classic-1.4.7.jar;C:\Users\tobia\.m2\repository\ch\qos\logback\logback-core\1.4.7\logback-core-1.4.7.jar;C:\Users\tobia\.m2\repository\org\apache\logging\log4j\log4j-to-slf4j\2.20.0\log4j-to-slf4j-2.20.0.jar;C:\Users\tobia\.m2\repository\org\apache\logging\log4j\log4j-api\2.20.0\log4j-api-2.20.0.jar;C:\Users\tobia\.m2\repository\org\slf4j\jul-to-slf4j\2.0.7\jul-to-slf4j-2.0.7.jar;C:\Users\tobia\.m2\repository\jakarta\annotation\jakarta.annotation-api\2.1.1\jakarta.annotation-api-2.1.1.jar;C:\Users\tobia\.m2\repository\org\springframework\spring-core\6.0.9\spring-core-6.0.9.jar;C:\Users\tobia\.m2\repository\org\springframework\spring-jcl\6.0.9\spring-jcl-6.0.9.jar;C:\Users\tobia\.m2\repository\org\yaml\snakeyaml\1.33\snakeyaml-1.33.jar;C:\Users\tobia\.m2\repository\jakarta\xml\bind\jakarta.xml.bind-api\4.0.0\jakarta.xml.bind-api-4.0.0.jar;C:\Users\tobia\.m2\repository\org\hamcrest\hamcrest\2.2\hamcrest-2.2.jar;C:\Users\tobia\.m2\repository\com\googlecode\json-simple\json-simple\1.1.1\json-simple-1.1.1.jar;C:\Users\tobia\.m2\repository\junit\junit\4.13.2\junit-4.13.2.jar;C:\Users\tobia\.m2\repository\org\hamcrest\hamcrest-core\2.2\hamcrest-core-2.2.jar;C:\Users\tobia\.m2\repository\org\openjfx\javafx-controls\17\javafx-controls-17.jar;C:\Users\tobia\.m2\repository\org\openjfx\javafx-controls\17\javafx-controls-17-win.jar;C:\Users\tobia\.m2\repository\org\openjfx\javafx-graphics\17\javafx-graphics-17.jar;C:\Users\tobia\.m2\repository\org\openjfx\javafx-graphics\17\javafx-graphics-17-win.jar;C:\Users\tobia\.m2\repository\org\openjfx\javafx-base\17\javafx-base-17.jar;C:\Users\tobia\.m2\repository\org\openjfx\javafx-base\17\javafx-base-17-win.jar;C:\Users\tobia\.m2\repository\org\openjfx\javafx-fxml\17\javafx-fxml-17.jar;C:\Users\tobia\.m2\repository\org\openjfx\javafx-fxml\17\javafx-fxml-17-win.jar;C:\Users\tobia\.m2\repository\org\testng\testng\7.8.0\testng-7.8.0.jar;C:\Users\tobia\.m2\repository\org\slf4j\slf4j-api\2.0.7\slf4j-api-2.0.7.jar;C:\Users\tobia\.m2\repository\com\beust\jcommander\1.82\jcommander-1.82.jar;C:\Users\tobia\.m2\repository\org\webjars\jquery\3.6.1\jquery-3.6.1.jar;C:\Users\tobia\.m2\repository\org\springframework\boot\spring-boot-starter-web\3.1.0\spring-boot-starter-web-3.1.0.jar;C:\Users\tobia\.m2\repository\org\springframework\boot\spring-boot-starter-json\3.1.0\spring-boot-starter-json-3.1.0.jar;C:\Users\tobia\.m2\repository\com\fasterxml\jackson\datatype\jackson-datatype-jdk8\2.15.0\jackson-datatype-jdk8-2.15.0.jar;C:\Users\tobia\.m2\repository\com\fasterxml\jackson\datatype\jackson-datatype-jsr310\2.15.0\jackson-datatype-jsr310-2.15.0.jar;C:\Users\tobia\.m2\repository\com\fasterxml\jackson\module\jackson-module-parameter-names\2.15.0\jackson-module-parameter-names-2.15.0.jar;C:\Users\tobia\.m2\repository\org\springframework\boot\spring-boot-starter-tomcat\3.1.0\spring-boot-starter-tomcat-3.1.0.jar;C:\Users\tobia\.m2\repository\org\apache\tomcat\embed\tomcat-embed-core\10.1.8\tomcat-embed-core-10.1.8.jar;C:\Users\tobia\.m2\repository\org\apache\tomcat\embed\tomcat-embed-el\10.1.8\tomcat-embed-el-10.1.8.jar;C:\Users\tobia\.m2\repository\org\apache\tomcat\embed\tomcat-embed-websocket\10.1.8\tomcat-embed-websocket-10.1.8.jar;C:\Users\tobia\.m2\repository\org\springframework\spring-web\6.0.9\spring-web-6.0.9.jar;C:\Users\tobia\.m2\repository\org\springframework\spring-beans\6.0.9\spring-beans-6.0.9.jar;C:\Users\tobia\.m2\repository\io\micrometer\micrometer-observation\1.11.0\micrometer-observation-1.11.0.jar;C:\Users\tobia\.m2\repository\io\micrometer\micrometer-commons\1.11.0\micrometer-commons-1.11.0.jar;C:\Users\tobia\.m2\repository\org\springframework\spring-webmvc\6.0.9\spring-webmvc-6.0.9.jar;C:\Users\tobia\.m2\repository\org\springframework\spring-aop\6.0.9\spring-aop-6.0.9.jar;C:\Users\tobia\.m2\repository\org\springframework\spring-expression\6.0.9\spring-expression-6.0.9.jar
Launcher Type: SUN_STANDARD

[Global flags]
     intx CICompilerCount                          = 3                                         {product} {ergonomic}
     uint ConcGCThreads                            = 1                                         {product} {ergonomic}
     uint G1ConcRefinementThreads                  = 4                                         {product} {ergonomic}
   size_t G1HeapRegionSize                         = 1048576                                   {product} {ergonomic}
    uintx GCDrainStackTargetSize                   = 64                                        {product} {ergonomic}
   size_t InitialHeapSize                          = 132120576                                 {product} {ergonomic}
   size_t MarkStackSize                            = 4194304                                   {product} {ergonomic}
   size_t MaxHeapSize                              = 2107637760                                {product} {ergonomic}
   size_t MaxNewSize                               = 1264582656                                {product} {ergonomic}
   size_t MinHeapDeltaBytes                        = 1048576                                   {product} {ergonomic}
   size_t MinHeapSize                              = 8388608                                   {product} {ergonomic}
    uintx NonNMethodCodeHeapSize                   = 5832780                                {pd product} {ergonomic}
    uintx NonProfiledCodeHeapSize                  = 122912730                              {pd product} {ergonomic}
    uintx ProfiledCodeHeapSize                     = 122912730                              {pd product} {ergonomic}
    uintx ReservedCodeCacheSize                    = 251658240                              {pd product} {ergonomic}
     bool SegmentedCodeCache                       = true                                      {product} {ergonomic}
   size_t SoftMaxHeapSize                          = 2107637760                             {manageable} {ergonomic}
     bool UseCompressedClassPointers               = true                           {product lp64_product} {ergonomic}
     bool UseCompressedOops                        = true                           {product lp64_product} {ergonomic}
     bool UseG1GC                                  = true                                      {product} {ergonomic}
     bool UseLargePagesIndividualAllocation        = false                                  {pd product} {ergonomic}

Logging:
Log output configuration:
 #0: stdout all=off uptime,level,tags foldmultilines=false
 #1: stderr all=off uptime,level,tags foldmultilines=false

Environment Variables:
PATH=C:\Program Files\Common Files\Oracle\Java\javapath;C:\Program Files (x86)\Intel\iCLS Client\;C:\Program Files\Intel\iCLS Client\;C:\Windows\system32;C:\Windows;C:\Windows\System32\Wbem;C:\Windows\System32\WindowsPowerShell\v1.0\;C:\Program Files (x86)\Intel\Intel(R) Management Engine Components\DAL;C:\Program Files\Intel\Intel(R) Management Engine Components\DAL;C:\Program Files (x86)\Intel\Intel(R) Management Engine Components\IPT;C:\Program Files\Intel\Intel(R) Management Engine Components\IPT;C:\Program Files (x86)\NVIDIA Corporation\PhysX\Common;C:\WINDOWS\system32;C:\WINDOWS;C:\WINDOWS\System32\Wbem;C:\WINDOWS\System32\WindowsPowerShell\v1.0\;C:\WINDOWS\System32\OpenSSH\;C:\Program Files\Microsoft SQL Server\150\Tools\Binn\;C:\Program Files\Microsoft SQL Server\Client SDK\ODBC\170\Tools\Binn\;C:\Program Files\dotnet\;C:\Program Files\Git\cmd;C:\Users\tobia\AppData\Local\Microsoft\WindowsApps;C:\Users\tobia\.dotnet\tools;C:\Program Files\Java\jdk-18.0.2.1\bin;C:\Users\tobia\AppData\Local\GitHubDesktop\bin
USERNAME=tobia
OS=Windows_NT
PROCESSOR_IDENTIFIER=Intel64 Family 6 Model 158 Stepping 9, GenuineIntel
TMP=C:\Users\tobia\AppData\Local\Temp
TEMP=C:\Users\tobia\AppData\Local\Temp



---------------  S Y S T E M  ---------------

OS:
 Windows 10 , 64 bit Build 19041 (10.0.19041.2913)
OS uptime: 8 days 20:45 hours

CPU: total 4 (initial active 4) (4 cores per cpu, 1 threads per core) family 6 model 158 stepping 9 microcode 0xb4, cx8, cmov, fxsr, mmx, 3dnowpref, sse, sse2, sse3, ssse3, sse4.1, sse4.2, popcnt, lzcnt, tsc, tscinvbit, avx, avx2, aes, erms, clmul, bmi1, bmi2, adx, fma, vzeroupper, clflush, clflushopt, rdtscp

Memory: 4k page, system-wide physical 8035M (1199M free)
TotalPageFile size 20835M (AvailPageFile size 8368M)
current process WorkingSet (physical memory assigned to process): 230M, peak: 249M
current process commit charge ("private bytes"): 282M, peak: 302M

vm_info: OpenJDK 64-Bit Server VM (19.0.1+10-21) for windows-amd64 JRE (19.0.1+10-21), built on 2022-09-14T12:45:06Z by "mach5one" with MS VC++ 17.1 (VS2022)

END.
