#
# A fatal error has been detected by the Java Runtime Environment:
#
#  EXCEPTION_ACCESS_VIOLATION (0xc0000005) at pc=0x00007ffc7b5163b7, pid=20652, tid=10096
#
# JRE version: OpenJDK Runtime Environment (19.0.1+10) (build 19.0.1+10-21)
# Java VM: OpenJDK 64-Bit Server VM (19.0.1+10-21, mixed mode, sharing, tiered, compressed oops, compressed class ptrs, g1 gc, windows-amd64)
# Problematic frame:
# C  [glass.dll+0x263b7]
#
# No core dump will be written. Minidumps are not enabled by default on client versions of Windows
#
# If you would like to submit a bug report, please visit:
#   https://bugreport.java.com/bugreport/crash.jsp
#

---------------  S U M M A R Y ------------

Command Line: --module-path=C:\Users\tobia\OneDrive\Coding\javafx-sdk-19\lib --add-modules=javafx.controls,javafx.fxml -javaagent:C:\Program Files\JetBrains\IntelliJ IDEA 2022.2.1\lib\idea_rt.jar=56261:C:\Program Files\JetBrains\IntelliJ IDEA 2022.2.1\bin -Dfile.encoding=UTF-8 -Dsun.stdout.encoding=UTF-8 -Dsun.stderr.encoding=UTF-8 dk.dtu.compute.se.pisd.roborally.RoboRally

Host: Intel(R) Core(TM) i5-7300HQ CPU @ 2.50GHz, 4 cores, 7G,  Windows 10 , 64 bit Build 19041 (10.0.19041.2913)
Time: Mon Jun  5 15:47:29 2023 Romance Summer Time elapsed time: 10.176121 seconds (0d 0h 0m 10s)

---------------  T H R E A D  ---------------

Current thread (0x00000278edfefd70):  VMThread "VM Thread" [stack: 0x000000b172500000,0x000000b172600000] [id=10096]

Stack: [0x000000b172500000,0x000000b172600000],  sp=0x000000b1725fee10,  free space=1019k
Native frames: (J=compiled Java code, j=interpreted, Vv=VM code, C=native code)
C  [glass.dll+0x263b7]


siginfo: EXCEPTION_ACCESS_VIOLATION (0xc0000005), reading address 0x0000000000000000


Registers:
RAX=0x0000000000000000, RBX=0x00000278ee005598, RCX=0x00000278edfefd70, RDX=0x000000b1725fee10
RSP=0x000000b1725fee10, RBP=0x00000278f2b510f8, RSI=0x00000278f2b510d0, RDI=0x0000bc0c2ef32867
R8 =0x0000000000010002, R9 =0x0000bc0c2ef32867, R10=0x0000000000008000, R11=0x000000b1725feda0
R12=0x00007ffc7b513cf0, R13=0x00007ffc6a9072a0, R14=0x000000b1725fef08, R15=0x00000278f2b510d0
RIP=0x00007ffc7b5163b7, EFLAGS=0x0000000000010202


Register to memory mapping:

RIP=0x00007ffc7b5163b7 glass.dll
RAX=0x0 is NULL
RBX=0x00000278ee005598 is a global jni handle
RCX=0x00000278edfefd70 points into unknown readable memory: 0x00007ffc6a7145d8 | d8 45 71 6a fc 7f 00 00
RDX=0x000000b1725fee10 points into unknown readable memory: 0x0000000000000000 | 00 00 00 00 00 00 00 00
RSP=0x000000b1725fee10 points into unknown readable memory: 0x0000000000000000 | 00 00 00 00 00 00 00 00
RBP=0x00000278f2b510f8 points into unknown readable memory: 0x0000bc0c2ef32867 | 67 28 f3 2e 0c bc 00 00
RSI=0x00000278f2b510d0 points into unknown readable memory: 0xa89cb80c2eccd65a | 5a d6 cc 2e 0c b8 9c a8
RDI=0x0000bc0c2ef32867 is an unknown value
R8 =0x0000000000010002 is an unknown value
R9 =0x0000bc0c2ef32867 is an unknown value
R10=0x0000000000008000 is an unknown value
R11=0x000000b1725feda0 points into unknown readable memory: 0x00000278f2b510d0 | d0 10 b5 f2 78 02 00 00
R12=0x00007ffc7b513cf0 glass.dll
R13=0x00007ffc6a9072a0 jvm.dll
R14=0x000000b1725fef08 points into unknown readable memory: 0x000000b1725feef0 | f0 ee 5f 72 b1 00 00 00
R15=0x00000278f2b510d0 points into unknown readable memory: 0xa89cb80c2eccd65a | 5a d6 cc 2e 0c b8 9c a8


Top of Stack: (sp=0x000000b1725fee10)
0x000000b1725fee10:   0000000000000000 00000278f2b510d0
0x000000b1725fee20:   00007ffc6a9072a0 00007ffc7b513cf0
0x000000b1725fee30:   00000278f2b510d8 00007ffcadf242d6
0x000000b1725fee40:   0000bc0c2ef32867 0000027800000000
0x000000b1725fee50:   00000278f2b510f8 00000278f2b510d0
0x000000b1725fee60:   fffffffffffffffe 0000000000000000
0x000000b1725fee70:   0000000000000001 00007ffc7b4f0000
0x000000b1725fee80:   000000b1725feef8 00007ffcadf241fb
0x000000b1725fee90:   0000000000000000 000000b1725fef08
0x000000b1725feea0:   000000b1725ff1d0 00007ffcae000e40
0x000000b1725feeb0:   0000000000000001 00007ffcadf241b4
0x000000b1725feec0:   0000000000000000 0000000000000001
0x000000b1725feed0:   0000000000000001 000000b1725feef8
0x000000b1725feee0:   0000000000000000 00007ffc7b513b7d
0x000000b1725feef0:   00007ffc7b529f88 00007ffc00000002
0x000000b1725fef00:   0000000000000002 000000b1725feef0 

Instructions: (pc=0x00007ffc7b5163b7)
0x00007ffc7b5162b7:   8b 4d 58 e8 7d cf ff ff 48 8b 4d 60 e8 74 cf ff
0x00007ffc7b5162c7:   ff 48 8b 95 80 00 00 00 48 8b 8d 18 01 00 00 e8
0x00007ffc7b5162d7:   66 c4 ff ff 33 d2 33 c9 e8 bc e1 ff ff 90 48 89
0x00007ffc7b5162e7:   54 24 10 55 48 83 ec 20 48 8b ea 48 b8 00 00 00
0x00007ffc7b5162f7:   00 00 00 00 00 48 83 c4 20 5d c3 cc 40 55 48 8b
0x00007ffc7b516307:   ea 48 8b 01 33 c9 81 38 05 00 00 c0 0f 94 c1 8b
0x00007ffc7b516317:   c1 5d c3 cc 40 55 48 83 ec 20 48 8b ea 8a 4d 40
0x00007ffc7b516327:   48 83 c4 20 5d e9 63 d3 ff ff cc 40 55 48 83 ec
0x00007ffc7b516337:   20 48 8b ea 8a 4d 20 e8 51 d3 ff ff 90 48 83 c4
0x00007ffc7b516347:   20 5d c3 cc 40 55 48 83 ec 20 48 8b ea 48 83 c4
0x00007ffc7b516357:   20 5d e9 b2 d1 ff ff cc 40 55 48 83 ec 30 48 8b
0x00007ffc7b516367:   ea 48 8b 01 8b 10 48 89 4c 24 28 89 54 24 20 4c
0x00007ffc7b516377:   8d 0d 53 d6 ff ff 4c 8b 45 70 8b 55 68 48 8b 4d
0x00007ffc7b516387:   60 e8 f3 d0 ff ff 90 48 83 c4 30 5d c3 cc cc cc
0x00007ffc7b516397:   cc cc cc cc cc cc cc cc cc 40 53 48 83 ec 20 48
0x00007ffc7b5163a7:   8b 1d db 35 01 00 48 85 db 74 16 e8 79 8b ff ff
0x00007ffc7b5163b7:   4c 8b 00 48 8b d3 48 8b c8 41 ff 90 b0 00 00 00
0x00007ffc7b5163c7:   90 48 83 c4 20 5b c3 cc cc 40 53 48 83 ec 20 48
0x00007ffc7b5163d7:   8b 1d 4b 37 01 00 48 85 db 74 57 b8 ff ff ff ff
0x00007ffc7b5163e7:   f0 0f c1 43 10 83 f8 01 75 3d 48 85 db 74 38 48
0x00007ffc7b5163f7:   8b 0b 48 85 c9 74 0d ff 15 a4 0e 00 00 48 c7 03
0x00007ffc7b516407:   00 00 00 00 48 8b 4b 08 48 85 c9 74 0d e8 23 ce
0x00007ffc7b516417:   ff ff 48 c7 43 08 00 00 00 00 ba 18 00 00 00 48
0x00007ffc7b516427:   8b cb e8 0e ce ff ff 48 c7 05 ef 36 01 00 00 00
0x00007ffc7b516437:   00 00 48 83 c4 20 5b c3 cc 40 53 48 83 ec 20 48
0x00007ffc7b516447:   8b 1d bb 36 01 00 48 85 db 74 57 b8 ff ff ff ff
0x00007ffc7b516457:   f0 0f c1 43 10 83 f8 01 75 3d 48 85 db 74 38 48
0x00007ffc7b516467:   8b 0b 48 85 c9 74 0d ff 15 34 0e 00 00 48 c7 03
0x00007ffc7b516477:   00 00 00 00 48 8b 4b 08 48 85 c9 74 0d e8 b3 cd
0x00007ffc7b516487:   ff ff 48 c7 43 08 00 00 00 00 ba 18 00 00 00 48
0x00007ffc7b516497:   8b cb e8 9e cd ff ff 48 c7 05 5f 36 01 00 00 00
0x00007ffc7b5164a7:   00 00 48 83 c4 20 5b c3 cc 40 53 48 83 ec 20 48 


Stack slot to memory mapping:
stack at sp + 0 slots: 0x0 is NULL
stack at sp + 1 slots: 0x00000278f2b510d0 points into unknown readable memory: 0xa89cb80c2eccd65a | 5a d6 cc 2e 0c b8 9c a8
stack at sp + 2 slots: 0x00007ffc6a9072a0 jvm.dll
stack at sp + 3 slots: 0x00007ffc7b513cf0 glass.dll
stack at sp + 4 slots: 0x00000278f2b510d8 points into unknown readable memory: 0x0000bc0c2ef32867 | 67 28 f3 2e 0c bc 00 00
stack at sp + 5 slots: 0x00007ffcadf242d6 ucrtbase.dll
stack at sp + 6 slots: 0x0000bc0c2ef32867 is an unknown value
stack at sp + 7 slots: 0x0000027800000000 is an unknown value

VM_Operation (0x000000b1730ff500): Exit, mode: safepoint, requested by thread 0x00000278f2e9a830


---------------  P R O C E S S  ---------------

Threads class SMR info:
_java_thread_list=0x00000278f7f01160, length=21, elements={
0x00000278ce1d5ef0, 0x00000278ee00f740, 0x00000278ee010270, 0x00000278ee0146f0,
0x00000278ee017130, 0x00000278ee018200, 0x00000278ee019410, 0x00000278ee048920,
0x00000278ee04f800, 0x00000278ee061d70, 0x00000278edfdf0e0, 0x00000278f2752050,
0x00000278f251ac80, 0x00000278f2ab9990, 0x00000278f2b885a0, 0x00000278f2b8a300,
0x00000278f2d9de50, 0x00000278f2d95560, 0x00000278f2e9d2b0, 0x00000278f2e9bd70,
0x00000278f2e9a830
}

Java Threads: ( => current thread )
  0x00000278ce1d5ef0 JavaThread "main" [_thread_blocked, id=17284, stack(0x000000b171f00000,0x000000b172000000)]
  0x00000278ee00f740 JavaThread "Reference Handler" daemon [_thread_blocked, id=18456, stack(0x000000b172600000,0x000000b172700000)]
  0x00000278ee010270 JavaThread "Finalizer" daemon [_thread_blocked, id=11056, stack(0x000000b172700000,0x000000b172800000)]
  0x00000278ee0146f0 JavaThread "Signal Dispatcher" daemon [_thread_blocked, id=400, stack(0x000000b172800000,0x000000b172900000)]
  0x00000278ee017130 JavaThread "Attach Listener" daemon [_thread_blocked, id=15620, stack(0x000000b172900000,0x000000b172a00000)]
  0x00000278ee018200 JavaThread "Service Thread" daemon [_thread_blocked, id=8824, stack(0x000000b172a00000,0x000000b172b00000)]
  0x00000278ee019410 JavaThread "Monitor Deflation Thread" daemon [_thread_blocked, id=19412, stack(0x000000b172b00000,0x000000b172c00000)]
  0x00000278ee048920 JavaThread "C2 CompilerThread0" daemon [_thread_blocked, id=12296, stack(0x000000b172c00000,0x000000b172d00000)]
  0x00000278ee04f800 JavaThread "C1 CompilerThread0" daemon [_thread_blocked, id=7556, stack(0x000000b172d00000,0x000000b172e00000)]
  0x00000278ee061d70 JavaThread "Sweeper thread" daemon [_thread_blocked, id=7736, stack(0x000000b172e00000,0x000000b172f00000)]
  0x00000278edfdf0e0 JavaThread "Common-Cleaner" daemon [_thread_blocked, id=16072, stack(0x000000b172f00000,0x000000b173000000)]
  0x00000278f2752050 JavaThread "Monitor Ctrl-Break" daemon [_thread_in_native, id=13348, stack(0x000000b173100000,0x000000b173200000)]
  0x00000278f251ac80 JavaThread "Notification Thread" daemon [_thread_blocked, id=20116, stack(0x000000b173200000,0x000000b173300000)]
  0x00000278f2ab9990 JavaThread "QuantumRenderer-0" daemon [_thread_blocked, id=16824, stack(0x000000b173700000,0x000000b173800000)]
  0x00000278f2b885a0 JavaThread "InvokeLaterDispatcher" daemon [_thread_blocked, id=6040, stack(0x000000b173800000,0x000000b173900000)]
  0x00000278f2b8a300 JavaThread "JavaFX Application Thread" [_thread_in_native, id=18980, stack(0x000000b173900000,0x000000b173a00000)]
  0x00000278f2d9de50 JavaThread "JavaFX-Launcher" [_thread_blocked, id=18132, stack(0x000000b173e00000,0x000000b173f00000)]
  0x00000278f2d95560 JavaThread "Thread-2" daemon [_thread_in_native, id=3868, stack(0x000000b173d00000,0x000000b173e00000)]
  0x00000278f2e9d2b0 JavaThread "Prism Font Disposer" daemon [_thread_blocked, id=11996, stack(0x000000b174200000,0x000000b174300000)]
  0x00000278f2e9bd70 JavaThread "Cleaner-0" daemon [_thread_blocked, id=1992, stack(0x000000b174300000,0x000000b174400000)]
  0x00000278f2e9a830 JavaThread "SIGINT handler" daemon [_thread_blocked, id=5996, stack(0x000000b173000000,0x000000b173100000)]

Other Threads:
=>0x00000278edfefd70 VMThread "VM Thread" [stack: 0x000000b172500000,0x000000b172600000] [id=10096]
  0x00000278ce237420 WorkerThread "GC Thread#0" [stack: 0x000000b172000000,0x000000b172100000] [id=6628]
  0x00000278f296d1c0 WorkerThread "GC Thread#1" [stack: 0x000000b173400000,0x000000b173500000] [id=2904]
  0x00000278f2961090 WorkerThread "GC Thread#2" [stack: 0x000000b173500000,0x000000b173600000] [id=18112]
  0x00000278f298cdd0 WorkerThread "GC Thread#3" [stack: 0x000000b173600000,0x000000b173700000] [id=5096]
  0x00000278ce248060 ConcurrentGCThread "G1 Main Marker" terminated
  0x00000278ce248a90 WorkerThread "G1 Conc#0" [stack: 0x000000b172200000,0x000000b172300000] [id=9144]
  0x00000278ce29e100 ConcurrentGCThread "G1 Refine#0" terminated
  0x00000278ce29ec40 ConcurrentGCThread "G1 Service" terminated

Threads with active compile tasks:
C1 CompilerThread0  
[error occurred during error reporting (printing all threads), id 0xc0000005, EXCEPTION_ACCESS_VIOLATION (0xc0000005) at pc=0x00007ffc6a500753]

VM state: at safepoint (shutting down)

VM Mutex/Monitor currently owned by a thread:  ([mutex/lock_event])
[0x00000278ce1d1d80] Threads_lock - owner thread: 0x00000278edfefd70
[0x00000278ce1d2290] Heap_lock - owner thread: 0x00000278f2e9a830

Heap address: 0x0000000082600000, size: 2010 MB, Compressed Oops mode: 32-bit

CDS archive(s) mapped at: [0x0000000800000000-0x0000000800c30000-0x0000000800c30000), size 12779520, SharedBaseAddress: 0x0000000800000000, ArchiveRelocationMode: 0.
Compressed class space mapped at: 0x0000000801000000-0x0000000841000000, reserved size: 1073741824
Narrow klass base: 0x0000000800000000, Narrow klass shift: 0, Narrow klass range: 0x100000000

GC Precious Log:
 CardTable entry size: 512
 Card Set container configuration: InlinePtr #cards 5 size 8 Array Of Cards #cards 12 size 40 Howl #buckets 4 coarsen threshold 1843 Howl Bitmap #cards 512 size 80 coarsen threshold 460 Card regions per heap region 1 cards per card region 2048
 CPUs: 4 total, 4 available
 Memory: 8035M
 Large Page Support: Disabled
 NUMA Support: Disabled
 Compressed Oops: Enabled (32-bit)
 Heap Region Size: 1M
 Heap Min Capacity: 8M
 Heap Initial Capacity: 126M
 Heap Max Capacity: 2010M
 Pre-touch: Disabled
 Parallel Workers: 4
 Concurrent Workers: 1
 Concurrent Refinement Workers: 4
 Periodic GC: Disabled

Heap:
 garbage-first heap   total 129024K, used 64113K [0x0000000082600000, 0x0000000100000000)
  region size 1024K, 52 young (53248K), 2 survivors (2048K)
 Metaspace       used 14159K, committed 14464K, reserved 1114112K
  class space    used 2103K, committed 2240K, reserved 1048576K

Heap Regions: E=young(eden), S=young(survivor), O=old, HS=humongous(starts), HC=humongous(continues), CS=collection set, F=free, OA=open archive, CA=closed archive, TAMS=top-at-mark-start (previous, next)
|   0|0x0000000082600000, 0x0000000082700000, 0x0000000082700000|100%| O|  |TAMS 0x0000000082600000, 0x0000000082600000| Untracked 
|   1|0x0000000082700000, 0x0000000082800000, 0x0000000082800000|100%| O|  |TAMS 0x0000000082700000, 0x0000000082700000| Untracked 
|   2|0x0000000082800000, 0x0000000082900000, 0x0000000082900000|100%| O|  |TAMS 0x0000000082800000, 0x0000000082800000| Untracked 
|   3|0x0000000082900000, 0x0000000082a00000, 0x0000000082a00000|100%| O|  |TAMS 0x0000000082900000, 0x0000000082900000| Untracked 
|   4|0x0000000082a00000, 0x0000000082a3f000, 0x0000000082b00000| 24%| O|  |TAMS 0x0000000082a00000, 0x0000000082a00000| Untracked 
|   5|0x0000000082b00000, 0x0000000082c00000, 0x0000000082c00000|100%|HS|  |TAMS 0x0000000082b00000, 0x0000000082b00000| Complete 
|   6|0x0000000082c00000, 0x0000000082d00000, 0x0000000082d00000|100%|HC|  |TAMS 0x0000000082c00000, 0x0000000082c00000| Complete 
|   7|0x0000000082d00000, 0x0000000082e00000, 0x0000000082e00000|100%|HS|  |TAMS 0x0000000082d00000, 0x0000000082d00000| Complete 
|   8|0x0000000082e00000, 0x0000000082f00000, 0x0000000082f00000|100%|HS|  |TAMS 0x0000000082e00000, 0x0000000082e00000| Complete 
|   9|0x0000000082f00000, 0x0000000083000000, 0x0000000083000000|100%|HS|  |TAMS 0x0000000082f00000, 0x0000000082f00000| Complete 
|  10|0x0000000083000000, 0x0000000083100000, 0x0000000083100000|100%|HC|  |TAMS 0x0000000083000000, 0x0000000083000000| Complete 
|  11|0x0000000083100000, 0x0000000083200000, 0x0000000083200000|100%|HS|  |TAMS 0x0000000083100000, 0x0000000083100000| Complete 
|  12|0x0000000083200000, 0x0000000083300000, 0x0000000083300000|100%|HS|  |TAMS 0x0000000083200000, 0x0000000083200000| Complete 
|  13|0x0000000083300000, 0x0000000083400000, 0x0000000083400000|100%|HS|  |TAMS 0x0000000083300000, 0x0000000083300000| Complete 
|  14|0x0000000083400000, 0x0000000083400000, 0x0000000083500000|  0%| F|  |TAMS 0x0000000083400000, 0x0000000083400000| Untracked 
|  15|0x0000000083500000, 0x0000000083500000, 0x0000000083600000|  0%| F|  |TAMS 0x0000000083500000, 0x0000000083500000| Untracked 
|  16|0x0000000083600000, 0x0000000083600000, 0x0000000083700000|  0%| F|  |TAMS 0x0000000083600000, 0x0000000083600000| Untracked 
|  17|0x0000000083700000, 0x0000000083700000, 0x0000000083800000|  0%| F|  |TAMS 0x0000000083700000, 0x0000000083700000| Untracked 
|  18|0x0000000083800000, 0x0000000083800000, 0x0000000083900000|  0%| F|  |TAMS 0x0000000083800000, 0x0000000083800000| Untracked 
|  19|0x0000000083900000, 0x0000000083900000, 0x0000000083a00000|  0%| F|  |TAMS 0x0000000083900000, 0x0000000083900000| Untracked 
|  20|0x0000000083a00000, 0x0000000083a00000, 0x0000000083b00000|  0%| F|  |TAMS 0x0000000083a00000, 0x0000000083a00000| Untracked 
|  21|0x0000000083b00000, 0x0000000083b00000, 0x0000000083c00000|  0%| F|  |TAMS 0x0000000083b00000, 0x0000000083b00000| Untracked 
|  22|0x0000000083c00000, 0x0000000083c00000, 0x0000000083d00000|  0%| F|  |TAMS 0x0000000083c00000, 0x0000000083c00000| Untracked 
|  23|0x0000000083d00000, 0x0000000083d00000, 0x0000000083e00000|  0%| F|  |TAMS 0x0000000083d00000, 0x0000000083d00000| Untracked 
|  24|0x0000000083e00000, 0x0000000083e00000, 0x0000000083f00000|  0%| F|  |TAMS 0x0000000083e00000, 0x0000000083e00000| Untracked 
|  25|0x0000000083f00000, 0x0000000083f00000, 0x0000000084000000|  0%| F|  |TAMS 0x0000000083f00000, 0x0000000083f00000| Untracked 
|  26|0x0000000084000000, 0x0000000084000000, 0x0000000084100000|  0%| F|  |TAMS 0x0000000084000000, 0x0000000084000000| Untracked 
|  27|0x0000000084100000, 0x0000000084100000, 0x0000000084200000|  0%| F|  |TAMS 0x0000000084100000, 0x0000000084100000| Untracked 
|  28|0x0000000084200000, 0x0000000084200000, 0x0000000084300000|  0%| F|  |TAMS 0x0000000084200000, 0x0000000084200000| Untracked 
|  29|0x0000000084300000, 0x0000000084300000, 0x0000000084400000|  0%| F|  |TAMS 0x0000000084300000, 0x0000000084300000| Untracked 
|  30|0x0000000084400000, 0x0000000084400000, 0x0000000084500000|  0%| F|  |TAMS 0x0000000084400000, 0x0000000084400000| Untracked 
|  31|0x0000000084500000, 0x0000000084500000, 0x0000000084600000|  0%| F|  |TAMS 0x0000000084500000, 0x0000000084500000| Untracked 
|  32|0x0000000084600000, 0x0000000084600000, 0x0000000084700000|  0%| F|  |TAMS 0x0000000084600000, 0x0000000084600000| Untracked 
|  33|0x0000000084700000, 0x0000000084700000, 0x0000000084800000|  0%| F|  |TAMS 0x0000000084700000, 0x0000000084700000| Untracked 
|  34|0x0000000084800000, 0x0000000084800000, 0x0000000084900000|  0%| F|  |TAMS 0x0000000084800000, 0x0000000084800000| Untracked 
|  35|0x0000000084900000, 0x0000000084900000, 0x0000000084a00000|  0%| F|  |TAMS 0x0000000084900000, 0x0000000084900000| Untracked 
|  36|0x0000000084a00000, 0x0000000084a00000, 0x0000000084b00000|  0%| F|  |TAMS 0x0000000084a00000, 0x0000000084a00000| Untracked 
|  37|0x0000000084b00000, 0x0000000084b00000, 0x0000000084c00000|  0%| F|  |TAMS 0x0000000084b00000, 0x0000000084b00000| Untracked 
|  38|0x0000000084c00000, 0x0000000084c00000, 0x0000000084d00000|  0%| F|  |TAMS 0x0000000084c00000, 0x0000000084c00000| Untracked 
|  39|0x0000000084d00000, 0x0000000084d00000, 0x0000000084e00000|  0%| F|  |TAMS 0x0000000084d00000, 0x0000000084d00000| Untracked 
|  40|0x0000000084e00000, 0x0000000084e00000, 0x0000000084f00000|  0%| F|  |TAMS 0x0000000084e00000, 0x0000000084e00000| Untracked 
|  41|0x0000000084f00000, 0x0000000084f00000, 0x0000000085000000|  0%| F|  |TAMS 0x0000000084f00000, 0x0000000084f00000| Untracked 
|  42|0x0000000085000000, 0x0000000085000000, 0x0000000085100000|  0%| F|  |TAMS 0x0000000085000000, 0x0000000085000000| Untracked 
|  43|0x0000000085100000, 0x0000000085100000, 0x0000000085200000|  0%| F|  |TAMS 0x0000000085100000, 0x0000000085100000| Untracked 
|  44|0x0000000085200000, 0x0000000085200000, 0x0000000085300000|  0%| F|  |TAMS 0x0000000085200000, 0x0000000085200000| Untracked 
|  45|0x0000000085300000, 0x0000000085300000, 0x0000000085400000|  0%| F|  |TAMS 0x0000000085300000, 0x0000000085300000| Untracked 
|  46|0x0000000085400000, 0x0000000085400000, 0x0000000085500000|  0%| F|  |TAMS 0x0000000085400000, 0x0000000085400000| Untracked 
|  47|0x0000000085500000, 0x0000000085500000, 0x0000000085600000|  0%| F|  |TAMS 0x0000000085500000, 0x0000000085500000| Untracked 
|  48|0x0000000085600000, 0x0000000085600000, 0x0000000085700000|  0%| F|  |TAMS 0x0000000085600000, 0x0000000085600000| Untracked 
|  49|0x0000000085700000, 0x0000000085700000, 0x0000000085800000|  0%| F|  |TAMS 0x0000000085700000, 0x0000000085700000| Untracked 
|  50|0x0000000085800000, 0x0000000085800000, 0x0000000085900000|  0%| F|  |TAMS 0x0000000085800000, 0x0000000085800000| Untracked 
|  51|0x0000000085900000, 0x0000000085900000, 0x0000000085a00000|  0%| F|  |TAMS 0x0000000085900000, 0x0000000085900000| Untracked 
|  52|0x0000000085a00000, 0x0000000085a00000, 0x0000000085b00000|  0%| F|  |TAMS 0x0000000085a00000, 0x0000000085a00000| Untracked 
|  53|0x0000000085b00000, 0x0000000085b00000, 0x0000000085c00000|  0%| F|  |TAMS 0x0000000085b00000, 0x0000000085b00000| Untracked 
|  54|0x0000000085c00000, 0x0000000085c00000, 0x0000000085d00000|  0%| F|  |TAMS 0x0000000085c00000, 0x0000000085c00000| Untracked 
|  55|0x0000000085d00000, 0x0000000085d00000, 0x0000000085e00000|  0%| F|  |TAMS 0x0000000085d00000, 0x0000000085d00000| Untracked 
|  56|0x0000000085e00000, 0x0000000085e00000, 0x0000000085f00000|  0%| F|  |TAMS 0x0000000085e00000, 0x0000000085e00000| Untracked 
|  57|0x0000000085f00000, 0x0000000085f00000, 0x0000000086000000|  0%| F|  |TAMS 0x0000000085f00000, 0x0000000085f00000| Untracked 
|  58|0x0000000086000000, 0x0000000086000000, 0x0000000086100000|  0%| F|  |TAMS 0x0000000086000000, 0x0000000086000000| Untracked 
|  59|0x0000000086100000, 0x0000000086100000, 0x0000000086200000|  0%| F|  |TAMS 0x0000000086100000, 0x0000000086100000| Untracked 
|  60|0x0000000086200000, 0x0000000086200000, 0x0000000086300000|  0%| F|  |TAMS 0x0000000086200000, 0x0000000086200000| Untracked 
|  61|0x0000000086300000, 0x0000000086300000, 0x0000000086400000|  0%| F|  |TAMS 0x0000000086300000, 0x0000000086300000| Untracked 
|  62|0x0000000086400000, 0x0000000086400000, 0x0000000086500000|  0%| F|  |TAMS 0x0000000086400000, 0x0000000086400000| Untracked 
|  63|0x0000000086500000, 0x0000000086500000, 0x0000000086600000|  0%| F|  |TAMS 0x0000000086500000, 0x0000000086500000| Untracked 
|  64|0x0000000086600000, 0x0000000086600000, 0x0000000086700000|  0%| F|  |TAMS 0x0000000086600000, 0x0000000086600000| Untracked 
|  65|0x0000000086700000, 0x0000000086700000, 0x0000000086800000|  0%| F|  |TAMS 0x0000000086700000, 0x0000000086700000| Untracked 
|  66|0x0000000086800000, 0x0000000086800000, 0x0000000086900000|  0%| F|  |TAMS 0x0000000086800000, 0x0000000086800000| Untracked 
|  67|0x0000000086900000, 0x0000000086900000, 0x0000000086a00000|  0%| F|  |TAMS 0x0000000086900000, 0x0000000086900000| Untracked 
|  68|0x0000000086a00000, 0x0000000086a00000, 0x0000000086b00000|  0%| F|  |TAMS 0x0000000086a00000, 0x0000000086a00000| Untracked 
|  69|0x0000000086b00000, 0x0000000086b00000, 0x0000000086c00000|  0%| F|  |TAMS 0x0000000086b00000, 0x0000000086b00000| Untracked 
|  70|0x0000000086c00000, 0x0000000086c00000, 0x0000000086d00000|  0%| F|  |TAMS 0x0000000086c00000, 0x0000000086c00000| Untracked 
|  71|0x0000000086d00000, 0x0000000086d00000, 0x0000000086e00000|  0%| F|  |TAMS 0x0000000086d00000, 0x0000000086d00000| Untracked 
|  72|0x0000000086e00000, 0x0000000086e00000, 0x0000000086f00000|  0%| F|  |TAMS 0x0000000086e00000, 0x0000000086e00000| Untracked 
|  73|0x0000000086f00000, 0x0000000086f00000, 0x0000000087000000|  0%| F|  |TAMS 0x0000000086f00000, 0x0000000086f00000| Untracked 
|  74|0x0000000087000000, 0x000000008703ffe8, 0x0000000087100000| 24%| E|  |TAMS 0x0000000087000000, 0x0000000087000000| Complete 
|  75|0x0000000087100000, 0x0000000087200000, 0x0000000087200000|100%| E|CS|TAMS 0x0000000087100000, 0x0000000087100000| Complete 
|  76|0x0000000087200000, 0x0000000087300000, 0x0000000087300000|100%| E|CS|TAMS 0x0000000087200000, 0x0000000087200000| Complete 
|  77|0x0000000087300000, 0x0000000087400000, 0x0000000087400000|100%| E|CS|TAMS 0x0000000087300000, 0x0000000087300000| Complete 
|  78|0x0000000087400000, 0x0000000087500000, 0x0000000087500000|100%| E|CS|TAMS 0x0000000087400000, 0x0000000087400000| Complete 
|  79|0x0000000087500000, 0x0000000087600000, 0x0000000087600000|100%| E|CS|TAMS 0x0000000087500000, 0x0000000087500000| Complete 
|  80|0x0000000087600000, 0x0000000087700000, 0x0000000087700000|100%| E|CS|TAMS 0x0000000087600000, 0x0000000087600000| Complete 
|  81|0x0000000087700000, 0x0000000087800000, 0x0000000087800000|100%| E|CS|TAMS 0x0000000087700000, 0x0000000087700000| Complete 
|  82|0x0000000087800000, 0x0000000087900000, 0x0000000087900000|100%| E|CS|TAMS 0x0000000087800000, 0x0000000087800000| Complete 
|  83|0x0000000087900000, 0x0000000087a00000, 0x0000000087a00000|100%| E|CS|TAMS 0x0000000087900000, 0x0000000087900000| Complete 
|  84|0x0000000087a00000, 0x0000000087b00000, 0x0000000087b00000|100%| E|CS|TAMS 0x0000000087a00000, 0x0000000087a00000| Complete 
|  85|0x0000000087b00000, 0x0000000087c00000, 0x0000000087c00000|100%| E|CS|TAMS 0x0000000087b00000, 0x0000000087b00000| Complete 
|  86|0x0000000087c00000, 0x0000000087d00000, 0x0000000087d00000|100%| E|CS|TAMS 0x0000000087c00000, 0x0000000087c00000| Complete 
|  87|0x0000000087d00000, 0x0000000087e00000, 0x0000000087e00000|100%| E|CS|TAMS 0x0000000087d00000, 0x0000000087d00000| Complete 
|  88|0x0000000087e00000, 0x0000000087f00000, 0x0000000087f00000|100%| E|CS|TAMS 0x0000000087e00000, 0x0000000087e00000| Complete 
|  89|0x0000000087f00000, 0x0000000088000000, 0x0000000088000000|100%| E|  |TAMS 0x0000000087f00000, 0x0000000087f00000| Complete 
|  90|0x0000000088000000, 0x0000000088100000, 0x0000000088100000|100%| E|CS|TAMS 0x0000000088000000, 0x0000000088000000| Complete 
|  91|0x0000000088100000, 0x0000000088200000, 0x0000000088200000|100%| E|CS|TAMS 0x0000000088100000, 0x0000000088100000| Complete 
|  92|0x0000000088200000, 0x0000000088300000, 0x0000000088300000|100%| E|CS|TAMS 0x0000000088200000, 0x0000000088200000| Complete 
|  93|0x0000000088300000, 0x0000000088400000, 0x0000000088400000|100%| E|CS|TAMS 0x0000000088300000, 0x0000000088300000| Complete 
|  94|0x0000000088400000, 0x0000000088500000, 0x0000000088500000|100%| E|CS|TAMS 0x0000000088400000, 0x0000000088400000| Complete 
|  95|0x0000000088500000, 0x0000000088600000, 0x0000000088600000|100%| E|CS|TAMS 0x0000000088500000, 0x0000000088500000| Complete 
|  96|0x0000000088600000, 0x0000000088700000, 0x0000000088700000|100%| E|CS|TAMS 0x0000000088600000, 0x0000000088600000| Complete 
|  97|0x0000000088700000, 0x0000000088800000, 0x0000000088800000|100%| E|CS|TAMS 0x0000000088700000, 0x0000000088700000| Complete 
|  98|0x0000000088800000, 0x0000000088900000, 0x0000000088900000|100%| E|CS|TAMS 0x0000000088800000, 0x0000000088800000| Complete 
|  99|0x0000000088900000, 0x0000000088a00000, 0x0000000088a00000|100%| E|CS|TAMS 0x0000000088900000, 0x0000000088900000| Complete 
| 100|0x0000000088a00000, 0x0000000088b00000, 0x0000000088b00000|100%| E|CS|TAMS 0x0000000088a00000, 0x0000000088a00000| Complete 
| 101|0x0000000088b00000, 0x0000000088c00000, 0x0000000088c00000|100%| E|CS|TAMS 0x0000000088b00000, 0x0000000088b00000| Complete 
| 102|0x0000000088c00000, 0x0000000088d00000, 0x0000000088d00000|100%| E|CS|TAMS 0x0000000088c00000, 0x0000000088c00000| Complete 
| 103|0x0000000088d00000, 0x0000000088e00000, 0x0000000088e00000|100%| E|CS|TAMS 0x0000000088d00000, 0x0000000088d00000| Complete 
| 104|0x0000000088e00000, 0x0000000088f00000, 0x0000000088f00000|100%| E|CS|TAMS 0x0000000088e00000, 0x0000000088e00000| Complete 
| 105|0x0000000088f00000, 0x0000000089000000, 0x0000000089000000|100%| E|CS|TAMS 0x0000000088f00000, 0x0000000088f00000| Complete 
| 106|0x0000000089000000, 0x0000000089100000, 0x0000000089100000|100%| E|CS|TAMS 0x0000000089000000, 0x0000000089000000| Complete 
| 107|0x0000000089100000, 0x000000008915d450, 0x0000000089200000| 36%| S|CS|TAMS 0x0000000089100000, 0x0000000089100000| Complete 
| 108|0x0000000089200000, 0x0000000089300000, 0x0000000089300000|100%| S|CS|TAMS 0x0000000089200000, 0x0000000089200000| Complete 
| 109|0x0000000089300000, 0x0000000089400000, 0x0000000089400000|100%| E|CS|TAMS 0x0000000089300000, 0x0000000089300000| Complete 
| 110|0x0000000089400000, 0x0000000089500000, 0x0000000089500000|100%| E|CS|TAMS 0x0000000089400000, 0x0000000089400000| Complete 
| 111|0x0000000089500000, 0x0000000089600000, 0x0000000089600000|100%| E|CS|TAMS 0x0000000089500000, 0x0000000089500000| Complete 
| 112|0x0000000089600000, 0x0000000089700000, 0x0000000089700000|100%| E|CS|TAMS 0x0000000089600000, 0x0000000089600000| Complete 
| 113|0x0000000089700000, 0x0000000089800000, 0x0000000089800000|100%| E|CS|TAMS 0x0000000089700000, 0x0000000089700000| Complete 
| 114|0x0000000089800000, 0x0000000089900000, 0x0000000089900000|100%| E|CS|TAMS 0x0000000089800000, 0x0000000089800000| Complete 
| 115|0x0000000089900000, 0x0000000089a00000, 0x0000000089a00000|100%| E|CS|TAMS 0x0000000089900000, 0x0000000089900000| Complete 
| 116|0x0000000089a00000, 0x0000000089b00000, 0x0000000089b00000|100%| E|CS|TAMS 0x0000000089a00000, 0x0000000089a00000| Complete 
| 117|0x0000000089b00000, 0x0000000089c00000, 0x0000000089c00000|100%| E|CS|TAMS 0x0000000089b00000, 0x0000000089b00000| Complete 
| 118|0x0000000089c00000, 0x0000000089d00000, 0x0000000089d00000|100%| E|CS|TAMS 0x0000000089c00000, 0x0000000089c00000| Complete 
| 119|0x0000000089d00000, 0x0000000089e00000, 0x0000000089e00000|100%| E|CS|TAMS 0x0000000089d00000, 0x0000000089d00000| Complete 
| 120|0x0000000089e00000, 0x0000000089f00000, 0x0000000089f00000|100%| E|CS|TAMS 0x0000000089e00000, 0x0000000089e00000| Complete 
| 121|0x0000000089f00000, 0x000000008a000000, 0x000000008a000000|100%| E|CS|TAMS 0x0000000089f00000, 0x0000000089f00000| Complete 
| 122|0x000000008a000000, 0x000000008a100000, 0x000000008a100000|100%| E|CS|TAMS 0x000000008a000000, 0x000000008a000000| Complete 
| 123|0x000000008a100000, 0x000000008a200000, 0x000000008a200000|100%| E|CS|TAMS 0x000000008a100000, 0x000000008a100000| Complete 
| 124|0x000000008a200000, 0x000000008a300000, 0x000000008a300000|100%| E|CS|TAMS 0x000000008a200000, 0x000000008a200000| Complete 
| 125|0x000000008a300000, 0x000000008a400000, 0x000000008a400000|100%| E|CS|TAMS 0x000000008a300000, 0x000000008a300000| Complete 

Card table byte_map: [0x00000278e7370000,0x00000278e7760000] _byte_map_base: 0x00000278e6f5d000

Marking Bits (Prev, Next): (CMBitMap*) 0x00000278ce237a50, (CMBitMap*) 0x00000278ce237a90
 Prev Bits: [0x00000278e7b50000, 0x00000278e9ab8000)
 Next Bits: [0x00000278e9ac0000, 0x00000278eba28000)

Polling page: 0x00000278ce030000

Metaspace:

Usage:
  Non-class:     11.77 MB used.
      Class:      2.05 MB used.
       Both:     13.83 MB used.

Virtual space:
  Non-class space:       64.00 MB reserved,      11.94 MB ( 19%) committed,  1 nodes.
      Class space:        1.00 GB reserved,       2.19 MB ( <1%) committed,  1 nodes.
             Both:        1.06 GB reserved,      14.12 MB (  1%) committed. 

Chunk freelists:
   Non-Class:  3.03 MB
       Class:  1.86 MB
        Both:  4.89 MB

MaxMetaspaceSize: unlimited
CompressedClassSpaceSize: 1.00 GB
Initial GC threshold: 21.00 MB
Current GC threshold: 21.00 MB
CDS: on
MetaspaceReclaimPolicy: balanced
 - commit_granule_bytes: 65536.
 - commit_granule_words: 8192.
 - virtual_space_node_default_size: 8388608.
 - enlarge_chunks_in_place: 1.
 - new_chunks_are_fully_committed: 0.
 - uncommit_free_chunks: 1.
 - use_allocation_guard: 0.


Internal statistics:

num_allocs_failed_limit: 0.
num_arena_births: 238.
num_arena_deaths: 0.
num_vsnodes_births: 2.
num_vsnodes_deaths: 0.
num_space_committed: 226.
num_space_uncommitted: 0.
num_chunks_returned_to_freelist: 0.
num_chunks_taken_from_freelist: 714.
num_chunk_merges: 0.
num_chunk_splits: 505.
num_chunks_enlarged: 401.
num_inconsistent_stats: 0.

CodeHeap 'non-profiled nmethods': size=120000Kb used=1076Kb max_used=1076Kb free=118923Kb
 bounds [0x00000278df430000, 0x00000278df6a0000, 0x00000278e6960000]
CodeHeap 'profiled nmethods': size=120000Kb used=4719Kb max_used=4719Kb free=115280Kb
 bounds [0x00000278d7960000, 0x00000278d7e00000, 0x00000278dee90000]
CodeHeap 'non-nmethods': size=5760Kb used=1511Kb max_used=1565Kb free=4248Kb
 bounds [0x00000278dee90000, 0x00000278df100000, 0x00000278df430000]
 total_blobs=3384 nmethods=2591 adapters=703
 compilation: enabled
              stopped_count=0, restarted_count=0
 full_count=0

Compilation events (20 events):
Event: 5.776 Thread 0x00000278ee04f800 nmethod 2582 0x00000278d7df2590 code [0x00000278d7df2840, 0x00000278d7df3a98]
Event: 5.776 Thread 0x00000278ee04f800 2583       3       com.sun.javafx.scene.KeyboardShortcutsHandler::dispatchCapturingEvent (223 bytes)
Event: 5.778 Thread 0x00000278ee04f800 nmethod 2583 0x00000278d7df3f10 code [0x00000278d7df41c0, 0x00000278d7df51e8]
Event: 5.819 Thread 0x00000278ee04f800 2584       3       javafx.scene.Node::buildEventDispatchChain (100 bytes)
Event: 5.822 Thread 0x00000278ee04f800 nmethod 2584 0x00000278d7df5590 code [0x00000278d7df58c0, 0x00000278d7df7158]
Event: 5.822 Thread 0x00000278ee04f800 2585       3       javafx.scene.Node$$Lambda$292/0x0000000801184800::dispatchEvent (10 bytes)
Event: 5.822 Thread 0x00000278ee04f800 nmethod 2585 0x00000278d7df7810 code [0x00000278d7df79e0, 0x00000278d7df7e58]
Event: 5.830 Thread 0x00000278ee04f800 2586       3       javafx.geometry.Point2D::<init> (20 bytes)
Event: 5.831 Thread 0x00000278ee04f800 nmethod 2586 0x00000278d7df8010 code [0x00000278d7df81c0, 0x00000278d7df8338]
Event: 5.875 Thread 0x00000278ee04f800 2587       3       java.util.EnumMap::get (29 bytes)
Event: 5.876 Thread 0x00000278ee04f800 nmethod 2587 0x00000278d7df8410 code [0x00000278d7df85e0, 0x00000278d7df89a8]
Event: 5.876 Thread 0x00000278ee04f800 2588       3       java.util.EnumMap::isValidKey (36 bytes)
Event: 5.877 Thread 0x00000278ee04f800 nmethod 2588 0x00000278d7df8b10 code [0x00000278d7df8cc0, 0x00000278d7df8f48]
Event: 6.010 Thread 0x00000278ee04f800 2589       3       javafx.scene.Scene$MouseHandler::updateCursorFrame (61 bytes)
Event: 6.012 Thread 0x00000278ee04f800 nmethod 2589 0x00000278d7df9010 code [0x00000278d7df92c0, 0x00000278d7dfa168]
Event: 6.855 Thread 0x00000278ee04f800 2590       3       java.util.concurrent.locks.ReentrantLock::isHeldByCurrentThread (8 bytes)
Event: 6.856 Thread 0x00000278ee04f800 nmethod 2590 0x00000278d7dfa710 code [0x00000278d7dfa8c0, 0x00000278d7dfaab8]
Event: 6.878 Thread 0x00000278ee04f800 2591   !   3       com.sun.javafx.tk.quantum.QuantumToolkit::runWithoutRenderLock (49 bytes)
Event: 6.879 Thread 0x00000278ee04f800 nmethod 2591 0x00000278d7dfab90 code [0x00000278d7dfae00, 0x00000278d7dfba68]
Event: 9.804 Thread 0x00000278ee04f800 2592       3       java.lang.invoke.BootstrapMethodInvoker::widenAndCast (47 bytes)

GC Heap History (4 events):
Event: 0.276 GC heap before
{Heap before GC invocations=0 (full 0):
 garbage-first heap   total 129024K, used 12288K [0x0000000082600000, 0x0000000100000000)
  region size 1024K, 13 young (13312K), 0 survivors (0K)
 Metaspace       used 1720K, committed 1856K, reserved 1114112K
  class space    used 160K, committed 256K, reserved 1048576K
}
Event: 0.279 GC heap after
{Heap after GC invocations=1 (full 0):
 garbage-first heap   total 129024K, used 4237K [0x0000000082600000, 0x0000000100000000)
  region size 1024K, 2 young (2048K), 2 survivors (2048K)
 Metaspace       used 1720K, committed 1856K, reserved 1114112K
  class space    used 160K, committed 256K, reserved 1048576K
}
Event: 0.666 GC heap before
{Heap before GC invocations=1 (full 0):
 garbage-first heap   total 129024K, used 18573K [0x0000000082600000, 0x0000000100000000)
  region size 1024K, 17 young (17408K), 2 survivors (2048K)
 Metaspace       used 6465K, committed 6720K, reserved 1114112K
  class space    used 821K, committed 960K, reserved 1048576K
}
Event: 0.668 GC heap after
{Heap after GC invocations=2 (full 0):
 garbage-first heap   total 129024K, used 5745K [0x0000000082600000, 0x0000000100000000)
  region size 1024K, 2 young (2048K), 2 survivors (2048K)
 Metaspace       used 6465K, committed 6720K, reserved 1114112K
  class space    used 821K, committed 960K, reserved 1048576K
}

Dll operation events (20 events):
Event: 0.351 Loaded shared library C:\Users\tobia\OneDrive\Coding\javafx-sdk-19\bin\api-ms-win-crt-locale-l1-1-0.dll
Event: 0.352 Loaded shared library C:\Users\tobia\OneDrive\Coding\javafx-sdk-19\bin\api-ms-win-crt-math-l1-1-0.dll
Event: 0.354 Loaded shared library C:\Users\tobia\OneDrive\Coding\javafx-sdk-19\bin\api-ms-win-crt-multibyte-l1-1-0.dll
Event: 0.355 Loaded shared library C:\Users\tobia\OneDrive\Coding\javafx-sdk-19\bin\api-ms-win-crt-private-l1-1-0.dll
Event: 0.357 Loaded shared library C:\Users\tobia\OneDrive\Coding\javafx-sdk-19\bin\api-ms-win-crt-process-l1-1-0.dll
Event: 0.359 Loaded shared library C:\Users\tobia\OneDrive\Coding\javafx-sdk-19\bin\api-ms-win-crt-runtime-l1-1-0.dll
Event: 0.361 Loaded shared library C:\Users\tobia\OneDrive\Coding\javafx-sdk-19\bin\api-ms-win-crt-stdio-l1-1-0.dll
Event: 0.363 Loaded shared library C:\Users\tobia\OneDrive\Coding\javafx-sdk-19\bin\api-ms-win-crt-string-l1-1-0.dll
Event: 0.364 Loaded shared library C:\Users\tobia\OneDrive\Coding\javafx-sdk-19\bin\api-ms-win-crt-time-l1-1-0.dll
Event: 0.366 Loaded shared library C:\Users\tobia\OneDrive\Coding\javafx-sdk-19\bin\api-ms-win-crt-utility-l1-1-0.dll
Event: 0.367 Loaded shared library C:\Users\tobia\OneDrive\Coding\javafx-sdk-19\bin\ucrtbase.dll
Event: 0.369 Loaded shared library C:\Users\tobia\OneDrive\Coding\javafx-sdk-19\bin\vcruntime140.dll
Event: 0.371 Loaded shared library C:\Users\tobia\OneDrive\Coding\javafx-sdk-19\bin\vcruntime140_1.dll
Event: 0.373 Loaded shared library C:\Users\tobia\OneDrive\Coding\javafx-sdk-19\bin\msvcp140.dll
Event: 0.374 Loaded shared library C:\Users\tobia\OneDrive\Coding\javafx-sdk-19\bin\msvcp140_1.dll
Event: 0.376 Loaded shared library C:\Users\tobia\OneDrive\Coding\javafx-sdk-19\bin\msvcp140_2.dll
Event: 0.407 Loaded shared library C:\Users\tobia\OneDrive\Coding\javafx-sdk-19\bin\prism_d3d.dll
Event: 0.438 Loaded shared library C:\Users\tobia\OneDrive\Coding\javafx-sdk-19\bin\glass.dll
Event: 0.590 Loaded shared library C:\Users\tobia\.jdks\openjdk-19.0.1\bin\jimage.dll
Event: 0.619 Loaded shared library C:\Users\tobia\OneDrive\Coding\javafx-sdk-19\bin\javafx_font.dll

Deoptimization events (20 events):
Event: 3.743 Thread 0x00000278f2b8a300 Uncommon trap: trap_request=0xffffffde fr.pc=0x00000278df503230 relative=0x0000000000000090
Event: 3.743 Thread 0x00000278f2b8a300 Uncommon trap: reason=class_check action=maybe_recompile pc=0x00000278df503230 method=javafx.scene.Node.getScene()Ljavafx/scene/Scene; @ 7 c2
Event: 3.743 Thread 0x00000278f2b8a300 DEOPT PACKING pc=0x00000278df503230 sp=0x000000b1739faad0
Event: 3.743 Thread 0x00000278f2b8a300 DEOPT UNPACKING pc=0x00000278deef6da3 sp=0x000000b1739faa60 mode 2
Event: 3.766 Thread 0x00000278f2b8a300 Uncommon trap: trap_request=0xffffffde fr.pc=0x00000278df52e3c8 relative=0x00000000000000a8
Event: 3.766 Thread 0x00000278f2b8a300 Uncommon trap: reason=class_check action=maybe_recompile pc=0x00000278df52e3c8 method=javafx.beans.property.DoublePropertyBase.get()D @ 23 c2
Event: 3.766 Thread 0x00000278f2b8a300 DEOPT PACKING pc=0x00000278df52e3c8 sp=0x000000b1739fb620
Event: 3.766 Thread 0x00000278f2b8a300 DEOPT UNPACKING pc=0x00000278deef6da3 sp=0x000000b1739fb5b0 mode 2
Event: 3.767 Thread 0x00000278f2b8a300 Uncommon trap: trap_request=0xffffffde fr.pc=0x00000278df52e3c8 relative=0x00000000000000a8
Event: 3.767 Thread 0x00000278f2b8a300 Uncommon trap: reason=class_check action=maybe_recompile pc=0x00000278df52e3c8 method=javafx.beans.property.DoublePropertyBase.get()D @ 23 c2
Event: 3.767 Thread 0x00000278f2b8a300 DEOPT PACKING pc=0x00000278df52e3c8 sp=0x000000b1739fb5a0
Event: 3.767 Thread 0x00000278f2b8a300 DEOPT UNPACKING pc=0x00000278deef6da3 sp=0x000000b1739fb530 mode 2
Event: 3.767 Thread 0x00000278f2b8a300 Uncommon trap: trap_request=0xffffffde fr.pc=0x00000278df52e3c8 relative=0x00000000000000a8
Event: 3.767 Thread 0x00000278f2b8a300 Uncommon trap: reason=class_check action=maybe_recompile pc=0x00000278df52e3c8 method=javafx.beans.property.DoublePropertyBase.get()D @ 23 c2
Event: 3.767 Thread 0x00000278f2b8a300 DEOPT PACKING pc=0x00000278df52e3c8 sp=0x000000b1739fb5a0
Event: 3.767 Thread 0x00000278f2b8a300 DEOPT UNPACKING pc=0x00000278deef6da3 sp=0x000000b1739fb530 mode 2
Event: 3.787 Thread 0x00000278f2b8a300 Uncommon trap: trap_request=0xffffffde fr.pc=0x00000278df52e3c8 relative=0x00000000000000a8
Event: 3.787 Thread 0x00000278f2b8a300 Uncommon trap: reason=class_check action=maybe_recompile pc=0x00000278df52e3c8 method=javafx.beans.property.DoublePropertyBase.get()D @ 23 c2
Event: 3.787 Thread 0x00000278f2b8a300 DEOPT PACKING pc=0x00000278df52e3c8 sp=0x000000b1739f6080
Event: 3.787 Thread 0x00000278f2b8a300 DEOPT UNPACKING pc=0x00000278deef6da3 sp=0x000000b1739f6010 mode 2

Classes loaded (20 events):
Event: 1.086 Loading class sun/util/cldr/CLDRBaseLocaleDataMetaInfo$TZCanonicalIDMapHolder
Event: 1.086 Loading class sun/util/cldr/CLDRBaseLocaleDataMetaInfo$TZCanonicalIDMapHolder done
Event: 1.088 Loading class sun/util/resources/TimeZoneNames
Event: 1.088 Loading class sun/util/resources/TimeZoneNames done
Event: 1.088 Loading class sun/util/resources/TimeZoneNames_en
Event: 1.088 Loading class sun/util/resources/TimeZoneNames_en done
Event: 2.028 Loading class java/io/UnsupportedEncodingException
Event: 2.028 Loading class java/io/UnsupportedEncodingException done
Event: 3.218 Loading class java/io/EOFException
Event: 3.219 Loading class java/io/EOFException done
Event: 3.219 Loading class java/io/SequenceInputStream
Event: 3.219 Loading class java/io/SequenceInputStream done
Event: 3.221 Loading class java/util/Vector$1
Event: 3.221 Loading class java/util/Vector$1 done
Event: 3.736 Loading class java/lang/FdLibm$Hypot
Event: 3.737 Loading class java/lang/FdLibm$Hypot done
Event: 3.737 Loading class java/lang/FdLibm
Event: 3.737 Loading class java/lang/FdLibm done
Event: 9.802 Loading class jdk/internal/misc/Signal$1
Event: 9.802 Loading class jdk/internal/misc/Signal$1 done

Classes unloaded (0 events):
No events

Classes redefined (0 events):
No events

Internal exceptions (20 events):
Event: 0.771 Thread 0x00000278f2b8a300 Exception <a 'java/lang/NoSuchMethodError'{0x0000000089d7bf50}: 'void java.lang.invoke.DirectMethodHandle$Holder.invokeStaticInit(java.lang.Object, java.lang.Object)'> (0x0000000089d7bf50) 
thrown [s\open\src\hotspot\share\interpreter\linkResolver.cpp, line 774]
Event: 0.859 Thread 0x00000278f2b8a300 Implicit null exception at 0x00000278df484192 to 0x00000278df484840
Event: 0.912 Thread 0x00000278f2b8a300 Exception <a 'java/lang/NoSuchMethodError'{0x00000000898b36a8}: 'java.lang.Object java.lang.invoke.DirectMethodHandle$Holder.invokeInterface(java.lang.Object, java.lang.Object, java.lang.Object)'> (0x00000000898b36a8) 
thrown [s\open\src\hotspot\share\interpreter\linkResolver.cpp, line 774]
Event: 0.912 Thread 0x00000278f2b8a300 Exception <a 'java/lang/IncompatibleClassChangeError'{0x00000000898b7038}: Found class java.lang.Object, but interface was expected> (0x00000000898b7038) 
thrown [s\open\src\hotspot\share\interpreter\linkResolver.cpp, line 841]
Event: 0.952 Thread 0x00000278f2b8a300 Exception <a 'java/lang/NoSuchMethodError'{0x00000000897ce040}: 'int java.lang.invoke.DirectMethodHandle$Holder.invokeSpecial(java.lang.Object, java.lang.Object, int)'> (0x00000000897ce040) 
thrown [s\open\src\hotspot\share\interpreter\linkResolver.cpp, line 774]
Event: 0.953 Thread 0x00000278f2b8a300 Exception <a 'java/lang/NoSuchMethodError'{0x00000000897e2e90}: 'int java.lang.invoke.DirectMethodHandle$Holder.invokeSpecial(java.lang.Object, java.lang.Object, java.lang.Object, int)'> (0x00000000897e2e90) 
thrown [s\open\src\hotspot\share\interpreter\linkResolver.cpp, line 774]
Event: 0.954 Thread 0x00000278f2b8a300 Exception <a 'java/lang/NoSuchMethodError'{0x00000000897f5358}: 'java.lang.Object java.lang.invoke.DirectMethodHandle$Holder.invokeStatic(java.lang.Object, java.lang.Object, java.lang.Object, java.lang.Object, int)'> (0x00000000897f5358) 
thrown [s\open\src\hotspot\share\interpreter\linkResolver.cpp, line 774]
Event: 0.955 Thread 0x00000278f2b8a300 Exception <a 'java/lang/NoSuchMethodError'{0x00000000897fdfc8}: 'int java.lang.invoke.DirectMethodHandle$Holder.invokeSpecial(java.lang.Object, java.lang.Object, java.lang.Object)'> (0x00000000897fdfc8) 
thrown [s\open\src\hotspot\share\interpreter\linkResolver.cpp, line 774]
Event: 0.970 Thread 0x00000278f2b8a300 Exception <a 'java/lang/NoSuchMethodError'{0x0000000089688d40}: 'java.lang.Object java.lang.invoke.DirectMethodHandle$Holder.newInvokeSpecial(java.lang.Object, java.lang.Object, int)'> (0x0000000089688d40) 
thrown [s\open\src\hotspot\share\interpreter\linkResolver.cpp, line 774]
Event: 0.989 Thread 0x00000278f2ab9990 Exception <a 'java/lang/NoSuchMethodError'{0x0000000089512a98}: 'int java.lang.invoke.DirectMethodHandle$Holder.invokeStaticInit(java.lang.Object, java.lang.Object)'> (0x0000000089512a98) 
thrown [s\open\src\hotspot\share\interpreter\linkResolver.cpp, line 774]
Event: 2.044 Thread 0x00000278f2b8a300 Exception <a 'java/lang/NoSuchMethodError'{0x0000000088ebe1f8}: 'long java.lang.invoke.DirectMethodHandle$Holder.invokeStatic(java.lang.Object, java.lang.Object, java.lang.Object)'> (0x0000000088ebe1f8) 
thrown [s\open\src\hotspot\share\interpreter\linkResolver.cpp, line 774]
Event: 2.044 Thread 0x00000278f2b8a300 Exception <a 'java/lang/NoSuchMethodError'{0x0000000088ec1b20}: 'long java.lang.invoke.DirectMethodHandle$Holder.invokeStaticInit(java.lang.Object, java.lang.Object, java.lang.Object)'> (0x0000000088ec1b20) 
thrown [s\open\src\hotspot\share\interpreter\linkResolver.cpp, line 774]
Event: 2.046 Thread 0x00000278f2b8a300 Exception <a 'java/lang/NoSuchMethodError'{0x0000000088eda4c0}: 'java.lang.Object java.lang.invoke.DirectMethodHandle$Holder.newInvokeSpecial(java.lang.Object, java.lang.Object, long)'> (0x0000000088eda4c0) 
thrown [s\open\src\hotspot\share\interpreter\linkResolver.cpp, line 774]
Event: 2.046 Thread 0x00000278f2b8a300 Exception <a 'java/lang/NoSuchMethodError'{0x0000000088ede048}: 'java.lang.Object java.lang.invoke.Invokers$Holder.linkToTargetMethod(java.lang.Object, long, java.lang.Object)'> (0x0000000088ede048) 
thrown [s\open\src\hotspot\share\interpreter\linkResolver.cpp, line 774]
Event: 3.486 Thread 0x00000278f2b8a300 Exception <a 'java/lang/NoSuchMethodError'{0x0000000087df65f0}: 'java.lang.Object java.lang.invoke.DirectMethodHandle$Holder.newInvokeSpecial(java.lang.Object, java.lang.Object, int, int)'> (0x0000000087df65f0) 
thrown [s\open\src\hotspot\share\interpreter\linkResolver.cpp, line 774]
Event: 3.487 Thread 0x00000278f2b8a300 Exception <a 'java/lang/NoSuchMethodError'{0x0000000087dfa9b0}: 'java.lang.Object java.lang.invoke.DirectMethodHandle$Holder.invokeSpecial(java.lang.Object, java.lang.Object, java.lang.Object, int, int)'> (0x0000000087dfa9b0) 
thrown [s\open\src\hotspot\share\interpreter\linkResolver.cpp, line 774]
Event: 3.665 Thread 0x00000278f2b8a300 Exception <a 'java/lang/ClassNotFoundException'{0x0000000087625f48}: com/sun/javafx/scene/control/skin/resources/controls> (0x0000000087625f48) 
thrown [s\open\src\hotspot\share\prims\jni.cpp, line 536]
Event: 3.666 Thread 0x00000278f2b8a300 Exception <a 'java/lang/ClassNotFoundException'{0x00000000876342a8}: com/sun/javafx/scene/control/skin/resources/controls_en> (0x00000000876342a8) 
thrown [s\open\src\hotspot\share\prims\jni.cpp, line 536]
Event: 3.667 Thread 0x00000278f2b8a300 Exception <a 'java/lang/ClassNotFoundException'{0x00000000876369d8}: com/sun/javafx/scene/control/skin/resources/controls_en_GB> (0x00000000876369d8) 
thrown [s\open\src\hotspot\share\prims\jni.cpp, line 536]
Event: 3.707 Thread 0x00000278f2b8a300 Exception <a 'java/lang/NoSuchMethodError'{0x00000000875ad338}: 'void java.lang.invoke.DirectMethodHandle$Holder.invokeSpecial(java.lang.Object, java.lang.Object, java.lang.Object, java.lang.Object, java.lang.Object, java.lang.Object)'> (0x00000000875ad338) 
thrown [s\open\src\hotspot\share\interpreter\linkResolver.cpp, line 774]

VM Operations (20 events):
Event: 2.068 Executing VM operation: Cleanup done
Event: 3.069 Executing VM operation: Cleanup
Event: 3.069 Executing VM operation: Cleanup done
Event: 3.608 Executing VM operation: ICBufferFull
Event: 3.609 Executing VM operation: ICBufferFull done
Event: 3.651 Executing VM operation: HandshakeAllThreads
Event: 3.651 Executing VM operation: HandshakeAllThreads done
Event: 3.704 Executing VM operation: HandshakeAllThreads
Event: 3.705 Executing VM operation: HandshakeAllThreads done
Event: 3.705 Executing VM operation: HandshakeAllThreads
Event: 3.705 Executing VM operation: HandshakeAllThreads done
Event: 3.763 Executing VM operation: ICBufferFull
Event: 3.763 Executing VM operation: ICBufferFull done
Event: 5.763 Executing VM operation: Cleanup
Event: 5.764 Executing VM operation: Cleanup done
Event: 6.764 Executing VM operation: Cleanup
Event: 6.764 Executing VM operation: Cleanup done
Event: 7.764 Executing VM operation: Cleanup
Event: 7.765 Executing VM operation: Cleanup done
Event: 9.805 Executing VM operation: Exit

Events (20 events):
Event: 0.029 Thread 0x00000278ee061d70 Thread added: 0x00000278ee061d70
Event: 0.089 Thread 0x00000278edfdf0e0 Thread added: 0x00000278edfdf0e0
Event: 0.136 Thread 0x00000278f2527da0 Thread added: 0x00000278f2527da0
Event: 0.233 Thread 0x00000278f2752050 Thread added: 0x00000278f2752050
Event: 0.233 Thread 0x00000278f251ac80 Thread added: 0x00000278f251ac80
Event: 0.401 Thread 0x00000278f2ab9990 Thread added: 0x00000278f2ab9990
Event: 0.440 Thread 0x00000278f2b885a0 Thread added: 0x00000278f2b885a0
Event: 0.443 Thread 0x00000278f2b8a300 Thread added: 0x00000278f2b8a300
Event: 0.501 Thread 0x00000278f2d9de50 Thread added: 0x00000278f2d9de50
Event: 0.506 Thread 0x00000278f2d95560 Thread added: 0x00000278f2d95560
Event: 0.905 Thread 0x00000278f2e9d2b0 Thread added: 0x00000278f2e9d2b0
Event: 1.029 Thread 0x00000278f2e9bd70 Thread added: 0x00000278f2e9bd70
Event: 1.520 Thread 0x00000278f2527da0 Thread exited: 0x00000278f2527da0
Event: 3.244 Thread 0x00000278f7dc2ad0 Thread added: 0x00000278f7dc2ad0
Event: 4.198 Thread 0x00000278f7dc2ad0 Thread exited: 0x00000278f7dc2ad0
Event: 9.803 Thread 0x00000278f2e9a830 Thread added: 0x00000278f2e9a830
Event: 9.803 Thread 0x00000278f2e99d90 Thread added: 0x00000278f2e99d90
Event: 9.803 Thread 0x00000278f2e9ad80 Thread added: 0x00000278f2e9ad80
Event: 9.804 Thread 0x00000278f2e99d90 Thread exited: 0x00000278f2e99d90
Event: 9.805 Thread 0x00000278f2e9ad80 Thread exited: 0x00000278f2e9ad80


Dynamic libraries:
0x00007ff7d3e80000 - 0x00007ff7d3e8e000 	C:\Users\tobia\.jdks\openjdk-19.0.1\bin\java.exe
0x00007ffcb0530000 - 0x00007ffcb0728000 	C:\WINDOWS\SYSTEM32\ntdll.dll
0x00007ffcaecf0000 - 0x00007ffcaedaf000 	C:\WINDOWS\System32\KERNEL32.DLL
0x00007ffcadc10000 - 0x00007ffcadf06000 	C:\WINDOWS\System32\KERNELBASE.dll
0x00007ffcadf10000 - 0x00007ffcae010000 	C:\WINDOWS\System32\ucrtbase.dll
0x00007ffca1e80000 - 0x00007ffca1e9b000 	C:\Users\tobia\.jdks\openjdk-19.0.1\bin\VCRUNTIME140.dll
0x00007ffca7110000 - 0x00007ffca7127000 	C:\Users\tobia\.jdks\openjdk-19.0.1\bin\jli.dll
0x00007ffcaef40000 - 0x00007ffcaf0dd000 	C:\WINDOWS\System32\USER32.dll
0x00007ffcae310000 - 0x00007ffcae332000 	C:\WINDOWS\System32\win32u.dll
0x00007ffcaffd0000 - 0x00007ffcafffc000 	C:\WINDOWS\System32\GDI32.dll
0x00007ffca24d0000 - 0x00007ffca276a000 	C:\WINDOWS\WinSxS\amd64_microsoft.windows.common-controls_6595b64144ccf1df_6.0.19041.1110_none_60b5254171f9507e\COMCTL32.dll
0x00007ffcae470000 - 0x00007ffcae585000 	C:\WINDOWS\System32\gdi32full.dll
0x00007ffcae270000 - 0x00007ffcae30d000 	C:\WINDOWS\System32\msvcp_win.dll
0x00007ffcae590000 - 0x00007ffcae62e000 	C:\WINDOWS\System32\msvcrt.dll
0x00007ffcaffa0000 - 0x00007ffcaffd0000 	C:\WINDOWS\System32\IMM32.DLL
0x00007ffca8a30000 - 0x00007ffca8a3c000 	C:\Users\tobia\.jdks\openjdk-19.0.1\bin\vcruntime140_1.dll
0x00007ffc71130000 - 0x00007ffc711be000 	C:\Users\tobia\.jdks\openjdk-19.0.1\bin\msvcp140.dll
0x00007ffc69cf0000 - 0x00007ffc6a9b0000 	C:\Users\tobia\.jdks\openjdk-19.0.1\bin\server\jvm.dll
0x00007ffcb0440000 - 0x00007ffcb04ef000 	C:\WINDOWS\System32\ADVAPI32.dll
0x00007ffcaf9e0000 - 0x00007ffcafa7c000 	C:\WINDOWS\System32\sechost.dll
0x00007ffcb0180000 - 0x00007ffcb02a6000 	C:\WINDOWS\System32\RPCRT4.dll
0x00007ffc908b0000 - 0x00007ffc908d7000 	C:\WINDOWS\SYSTEM32\WINMM.dll
0x00007ffca1e70000 - 0x00007ffca1e79000 	C:\WINDOWS\SYSTEM32\WSOCK32.dll
0x00007ffca6630000 - 0x00007ffca663a000 	C:\WINDOWS\SYSTEM32\VERSION.dll
0x00007ffcafa80000 - 0x00007ffcafaeb000 	C:\WINDOWS\System32\WS2_32.dll
0x00007ffcac460000 - 0x00007ffcac472000 	C:\WINDOWS\SYSTEM32\kernel.appcore.dll
0x00007ffca85b0000 - 0x00007ffca85ba000 	C:\Users\tobia\.jdks\openjdk-19.0.1\bin\jimage.dll
0x00007ffcac250000 - 0x00007ffcac434000 	C:\WINDOWS\SYSTEM32\DBGHELP.DLL
0x00007ffca5760000 - 0x00007ffca5794000 	C:\WINDOWS\SYSTEM32\dbgcore.DLL
0x00007ffcae3e0000 - 0x00007ffcae462000 	C:\WINDOWS\System32\bcryptPrimitives.dll
0x00007ffca86b0000 - 0x00007ffca86be000 	C:\Users\tobia\.jdks\openjdk-19.0.1\bin\instrument.dll
0x00007ffc8c5c0000 - 0x00007ffc8c5e6000 	C:\Users\tobia\.jdks\openjdk-19.0.1\bin\java.dll
0x00007ffc6fab0000 - 0x00007ffc6fb87000 	C:\Users\tobia\.jdks\openjdk-19.0.1\bin\jsvml.dll
0x00007ffcaf0e0000 - 0x00007ffcaf824000 	C:\WINDOWS\System32\SHELL32.dll
0x00007ffcab970000 - 0x00007ffcac103000 	C:\WINDOWS\SYSTEM32\windows.storage.dll
0x00007ffcafbb0000 - 0x00007ffcaff04000 	C:\WINDOWS\System32\combase.dll
0x00007ffcad670000 - 0x00007ffcad69e000 	C:\WINDOWS\SYSTEM32\Wldp.dll
0x00007ffcb02b0000 - 0x00007ffcb035d000 	C:\WINDOWS\System32\SHCORE.dll
0x00007ffcafb50000 - 0x00007ffcafba5000 	C:\WINDOWS\System32\shlwapi.dll
0x00007ffcadb50000 - 0x00007ffcadb6f000 	C:\WINDOWS\SYSTEM32\profapi.dll
0x00007ffca1570000 - 0x00007ffca1583000 	C:\Users\tobia\.jdks\openjdk-19.0.1\bin\net.dll
0x00007ffca4b70000 - 0x00007ffca4c7a000 	C:\WINDOWS\SYSTEM32\WINHTTP.dll
0x00007ffcad3d0000 - 0x00007ffcad43a000 	C:\WINDOWS\system32\mswsock.dll
0x00007ffc8c510000 - 0x00007ffc8c526000 	C:\Users\tobia\.jdks\openjdk-19.0.1\bin\nio.dll
0x00007ffc8c4f0000 - 0x00007ffc8c508000 	C:\Users\tobia\.jdks\openjdk-19.0.1\bin\zip.dll
0x00007ffca8240000 - 0x00007ffca825a000 	C:\Program Files\JetBrains\IntelliJ IDEA 2022.2.1\bin\breakgen64.dll
0x00007ffca8590000 - 0x00007ffca8598000 	C:\Users\tobia\.jdks\openjdk-19.0.1\bin\extnet.dll
0x00000278ce080000 - 0x00000278ce083000 	C:\Users\tobia\OneDrive\Coding\javafx-sdk-19\bin\api-ms-win-core-console-l1-1-0.dll
0x00000278ce090000 - 0x00000278ce093000 	C:\Users\tobia\OneDrive\Coding\javafx-sdk-19\bin\api-ms-win-core-console-l1-2-0.dll
0x00000278ce2f0000 - 0x00000278ce2f3000 	C:\Users\tobia\OneDrive\Coding\javafx-sdk-19\bin\api-ms-win-core-datetime-l1-1-0.dll
0x00000278ce300000 - 0x00000278ce303000 	C:\Users\tobia\OneDrive\Coding\javafx-sdk-19\bin\api-ms-win-core-debug-l1-1-0.dll
0x00000278ce310000 - 0x00000278ce313000 	C:\Users\tobia\OneDrive\Coding\javafx-sdk-19\bin\api-ms-win-core-errorhandling-l1-1-0.dll
0x00000278ee180000 - 0x00000278ee184000 	C:\Users\tobia\OneDrive\Coding\javafx-sdk-19\bin\api-ms-win-core-file-l1-1-0.dll
0x00000278ee190000 - 0x00000278ee193000 	C:\Users\tobia\OneDrive\Coding\javafx-sdk-19\bin\api-ms-win-core-file-l1-2-0.dll
0x00000278ee1a0000 - 0x00000278ee1a3000 	C:\Users\tobia\OneDrive\Coding\javafx-sdk-19\bin\api-ms-win-core-file-l2-1-0.dll
0x00000278ee1b0000 - 0x00000278ee1b3000 	C:\Users\tobia\OneDrive\Coding\javafx-sdk-19\bin\api-ms-win-core-handle-l1-1-0.dll
0x00000278ee1c0000 - 0x00000278ee1c3000 	C:\Users\tobia\OneDrive\Coding\javafx-sdk-19\bin\api-ms-win-core-heap-l1-1-0.dll
0x00000278ee1d0000 - 0x00000278ee1d3000 	C:\Users\tobia\OneDrive\Coding\javafx-sdk-19\bin\api-ms-win-core-interlocked-l1-1-0.dll
0x00000278ee1e0000 - 0x00000278ee1e3000 	C:\Users\tobia\OneDrive\Coding\javafx-sdk-19\bin\api-ms-win-core-libraryloader-l1-1-0.dll
0x00000278ee1f0000 - 0x00000278ee1f3000 	C:\Users\tobia\OneDrive\Coding\javafx-sdk-19\bin\api-ms-win-core-localization-l1-2-0.dll
0x00000278ee200000 - 0x00000278ee203000 	C:\Users\tobia\OneDrive\Coding\javafx-sdk-19\bin\api-ms-win-core-memory-l1-1-0.dll
0x00000278ee210000 - 0x00000278ee213000 	C:\Users\tobia\OneDrive\Coding\javafx-sdk-19\bin\api-ms-win-core-namedpipe-l1-1-0.dll
0x00000278ee220000 - 0x00000278ee223000 	C:\Users\tobia\OneDrive\Coding\javafx-sdk-19\bin\api-ms-win-core-processenvironment-l1-1-0.dll
0x00000278ee230000 - 0x00000278ee233000 	C:\Users\tobia\OneDrive\Coding\javafx-sdk-19\bin\api-ms-win-core-processthreads-l1-1-0.dll
0x00000278ee240000 - 0x00000278ee243000 	C:\Users\tobia\OneDrive\Coding\javafx-sdk-19\bin\api-ms-win-core-processthreads-l1-1-1.dll
0x00000278ee250000 - 0x00000278ee253000 	C:\Users\tobia\OneDrive\Coding\javafx-sdk-19\bin\api-ms-win-core-profile-l1-1-0.dll
0x00000278ee260000 - 0x00000278ee263000 	C:\Users\tobia\OneDrive\Coding\javafx-sdk-19\bin\api-ms-win-core-rtlsupport-l1-1-0.dll
0x00000278ee270000 - 0x00000278ee273000 	C:\Users\tobia\OneDrive\Coding\javafx-sdk-19\bin\api-ms-win-core-string-l1-1-0.dll
0x00000278ee280000 - 0x00000278ee283000 	C:\Users\tobia\OneDrive\Coding\javafx-sdk-19\bin\api-ms-win-core-synch-l1-1-0.dll
0x00000278ee290000 - 0x00000278ee293000 	C:\Users\tobia\OneDrive\Coding\javafx-sdk-19\bin\api-ms-win-core-synch-l1-2-0.dll
0x00000278ee2a0000 - 0x00000278ee2a3000 	C:\Users\tobia\OneDrive\Coding\javafx-sdk-19\bin\api-ms-win-core-sysinfo-l1-1-0.dll
0x00000278ee2b0000 - 0x00000278ee2b3000 	C:\Users\tobia\OneDrive\Coding\javafx-sdk-19\bin\api-ms-win-core-timezone-l1-1-0.dll
0x00000278ee2c0000 - 0x00000278ee2c3000 	C:\Users\tobia\OneDrive\Coding\javafx-sdk-19\bin\api-ms-win-core-util-l1-1-0.dll
0x00000278ee2d0000 - 0x00000278ee2d3000 	C:\Users\tobia\OneDrive\Coding\javafx-sdk-19\bin\api-ms-win-crt-conio-l1-1-0.dll
0x00000278ee2e0000 - 0x00000278ee2e4000 	C:\Users\tobia\OneDrive\Coding\javafx-sdk-19\bin\api-ms-win-crt-convert-l1-1-0.dll
0x00000278ee2f0000 - 0x00000278ee2f3000 	C:\Users\tobia\OneDrive\Coding\javafx-sdk-19\bin\api-ms-win-crt-environment-l1-1-0.dll
0x00000278ee300000 - 0x00000278ee303000 	C:\Users\tobia\OneDrive\Coding\javafx-sdk-19\bin\api-ms-win-crt-filesystem-l1-1-0.dll
0x00000278ee310000 - 0x00000278ee313000 	C:\Users\tobia\OneDrive\Coding\javafx-sdk-19\bin\api-ms-win-crt-heap-l1-1-0.dll
0x00000278ee320000 - 0x00000278ee323000 	C:\Users\tobia\OneDrive\Coding\javafx-sdk-19\bin\api-ms-win-crt-locale-l1-1-0.dll
0x00000278ee330000 - 0x00000278ee335000 	C:\Users\tobia\OneDrive\Coding\javafx-sdk-19\bin\api-ms-win-crt-math-l1-1-0.dll
0x00000278ee340000 - 0x00000278ee345000 	C:\Users\tobia\OneDrive\Coding\javafx-sdk-19\bin\api-ms-win-crt-multibyte-l1-1-0.dll
0x00000278ee350000 - 0x00000278ee360000 	C:\Users\tobia\OneDrive\Coding\javafx-sdk-19\bin\api-ms-win-crt-private-l1-1-0.dll
0x00000278ee360000 - 0x00000278ee363000 	C:\Users\tobia\OneDrive\Coding\javafx-sdk-19\bin\api-ms-win-crt-process-l1-1-0.dll
0x00000278ee370000 - 0x00000278ee374000 	C:\Users\tobia\OneDrive\Coding\javafx-sdk-19\bin\api-ms-win-crt-runtime-l1-1-0.dll
0x00000278ee380000 - 0x00000278ee384000 	C:\Users\tobia\OneDrive\Coding\javafx-sdk-19\bin\api-ms-win-crt-stdio-l1-1-0.dll
0x00000278ee390000 - 0x00000278ee394000 	C:\Users\tobia\OneDrive\Coding\javafx-sdk-19\bin\api-ms-win-crt-string-l1-1-0.dll
0x00000278ee3a0000 - 0x00000278ee3a3000 	C:\Users\tobia\OneDrive\Coding\javafx-sdk-19\bin\api-ms-win-crt-time-l1-1-0.dll
0x00000278ee3b0000 - 0x00000278ee3b3000 	C:\Users\tobia\OneDrive\Coding\javafx-sdk-19\bin\api-ms-win-crt-utility-l1-1-0.dll
0x00007ffc6da80000 - 0x00007ffc6db7c000 	C:\Users\tobia\OneDrive\Coding\javafx-sdk-19\bin\ucrtbase.dll
0x00007ffca7060000 - 0x00007ffca707b000 	C:\Users\tobia\OneDrive\Coding\javafx-sdk-19\bin\vcruntime140.dll
0x00007ffca81b0000 - 0x00007ffca81bc000 	C:\Users\tobia\OneDrive\Coding\javafx-sdk-19\bin\vcruntime140_1.dll
0x00007ffc6fa20000 - 0x00007ffc6faae000 	C:\Users\tobia\OneDrive\Coding\javafx-sdk-19\bin\msvcp140.dll
0x00007ffca73d0000 - 0x00007ffca73d9000 	C:\Users\tobia\OneDrive\Coding\javafx-sdk-19\bin\msvcp140_1.dll
0x00007ffc8b4a0000 - 0x00007ffc8b4d0000 	C:\Users\tobia\OneDrive\Coding\javafx-sdk-19\bin\msvcp140_2.dll
0x00007ffc8b2b0000 - 0x00007ffc8b2dc000 	C:\Users\tobia\OneDrive\Coding\javafx-sdk-19\bin\prism_d3d.dll
0x00007ffc83c20000 - 0x00007ffc83ded000 	C:\WINDOWS\system32\d3d9.dll
0x00007ffcab4a0000 - 0x00007ffcab4cf000 	C:\WINDOWS\SYSTEM32\dwmapi.dll
0x00007ffcab2c0000 - 0x00007ffcab35e000 	C:\WINDOWS\system32\uxtheme.dll
0x00007ffc8bc40000 - 0x00007ffc8be0e000 	C:\WINDOWS\System32\DriverStore\FileRepository\igdlh64.inf_amd64_ba34b5e302b5992f\igdumdim64.dll
0x00007ffc9a4c0000 - 0x00007ffc9a5dd000 	C:\WINDOWS\System32\DriverStore\FileRepository\igdlh64.inf_amd64_ba34b5e302b5992f\igdgmm64.dll
0x00007ffc713f0000 - 0x00007ffc74fd2000 	C:\WINDOWS\System32\DriverStore\FileRepository\igdlh64.inf_amd64_ba34b5e302b5992f\igd9dxva64.dll
0x00007ffcae630000 - 0x00007ffcae75a000 	C:\WINDOWS\System32\OLE32.dll
0x00007ffcb00b0000 - 0x00007ffcb017d000 	C:\WINDOWS\System32\OLEAUT32.dll
0x00007ffc7b4f0000 - 0x00007ffc7b532000 	C:\Users\tobia\OneDrive\Coding\javafx-sdk-19\bin\glass.dll
0x00007ffcb0360000 - 0x00007ffcb043a000 	C:\WINDOWS\System32\COMDLG32.dll
0x00007ffcaebd0000 - 0x00007ffcaece4000 	C:\WINDOWS\System32\MSCTF.dll
0x00007ffc8bc10000 - 0x00007ffc8bc31000 	C:\WINDOWS\System32\DriverStore\FileRepository\igdlh64.inf_amd64_ba34b5e302b5992f\igdinfo64.dll
0x00007ffc98120000 - 0x00007ffc9a3c5000 	C:\WINDOWS\System32\DriverStore\FileRepository\igdlh64.inf_amd64_ba34b5e302b5992f\igc64.dll
0x00007ffc97bb0000 - 0x00007ffc97beb000 	C:\WINDOWS\SYSTEM32\dxcore.dll
0x00007ffcae170000 - 0x00007ffcae1be000 	C:\WINDOWS\System32\cfgmgr32.dll
0x00007ffc8c4b0000 - 0x00007ffc8c4c4000 	C:\Users\tobia\OneDrive\Coding\javafx-sdk-19\bin\javafx_font.dll
0x00007ffc9ce90000 - 0x00007ffc9d10f000 	C:\WINDOWS\SYSTEM32\dwrite.dll
0x00007ffcb0000000 - 0x00007ffcb00a9000 	C:\WINDOWS\System32\clbcatq.dll
0x00007ffca1620000 - 0x00007ffca17d4000 	C:\WINDOWS\SYSTEM32\WindowsCodecs.dll
0x00007ffcae340000 - 0x00007ffcae367000 	C:\WINDOWS\System32\bcrypt.dll
0x00007ffc7ec30000 - 0x00007ffc7ec6e000 	C:\WINDOWS\system32\dataexchange.dll
0x00007ffca9eb0000 - 0x00007ffcaa113000 	C:\WINDOWS\system32\d3d11.dll
0x00007ffcaa700000 - 0x00007ffcaa8e3000 	C:\WINDOWS\system32\dcomp.dll
0x00007ffcac510000 - 0x00007ffcac603000 	C:\WINDOWS\system32\dxgi.dll
0x00007ffca6650000 - 0x00007ffca6850000 	C:\WINDOWS\system32\twinapi.appcore.dll
0x00007ffc8a4b0000 - 0x00007ffc8a4e4000 	C:\Program Files\Common Files\Microsoft Shared\Ink\rtscom.dll
0x00007ffca0ec0000 - 0x00007ffca0fba000 	C:\WINDOWS\SYSTEM32\textinputframework.dll
0x00007ffcaafd0000 - 0x00007ffcab0c2000 	C:\WINDOWS\System32\CoreMessaging.dll
0x00007ffcaac70000 - 0x00007ffcaafce000 	C:\WINDOWS\System32\CoreUIComponents.dll
0x00007ffcacdc0000 - 0x00007ffcacdf3000 	C:\WINDOWS\SYSTEM32\ntmarta.dll
0x00007ffcaa5a0000 - 0x00007ffcaa6f4000 	C:\WINDOWS\SYSTEM32\wintypes.dll

dbghelp: loaded successfully - version: 4.0.5 - missing functions: none
symbol engine: initialized successfully - sym options: 0x614 - pdb path: .;C:\Users\tobia\.jdks\openjdk-19.0.1\bin;C:\WINDOWS\SYSTEM32;C:\WINDOWS\WinSxS\amd64_microsoft.windows.common-controls_6595b64144ccf1df_6.0.19041.1110_none_60b5254171f9507e;C:\Users\tobia\.jdks\openjdk-19.0.1\bin\server;C:\Program Files\JetBrains\IntelliJ IDEA 2022.2.1\bin;C:\Users\tobia\OneDrive\Coding\javafx-sdk-19\bin;C:\WINDOWS\System32\DriverStore\FileRepository\igdlh64.inf_amd64_ba34b5e302b5992f;C:\Program Files\Common Files\Microsoft Shared\Ink

VM Arguments:
jvm_args: --module-path=C:\Users\tobia\OneDrive\Coding\javafx-sdk-19\lib --add-modules=javafx.controls,javafx.fxml -javaagent:C:\Program Files\JetBrains\IntelliJ IDEA 2022.2.1\lib\idea_rt.jar=56261:C:\Program Files\JetBrains\IntelliJ IDEA 2022.2.1\bin -Dfile.encoding=UTF-8 -Dsun.stdout.encoding=UTF-8 -Dsun.stderr.encoding=UTF-8 
java_command: dk.dtu.compute.se.pisd.roborally.RoboRally
java_class_path (initial): C:\Users\tobia\OneDrive\Coding\Bobby\roborally\target\classes;C:\Users\tobia\.m2\repository\com\fasterxml\jackson-xml-databind\0.6.2\jackson-xml-databind-0.6.2.jar;C:\Users\tobia\.m2\repository\org\codehaus\jackson\jackson-mapper-asl\1.9.2\jackson-mapper-asl-1.9.2.jar;C:\Users\tobia\.m2\repository\org\codehaus\jackson\jackson-core-asl\1.9.2\jackson-core-asl-1.9.2.jar;C:\Users\tobia\.m2\repository\org\codehaus\jackson\jackson-xc\1.9.2\jackson-xc-1.9.2.jar;C:\Users\tobia\.m2\repository\org\codehaus\woodstox\stax2-api\3.1.0\stax2-api-3.1.0.jar;C:\Users\tobia\.m2\repository\javax\xml\stream\stax-api\1.0-2\stax-api-1.0-2.jar;C:\Users\tobia\.m2\repository\com\fasterxml\jackson\dataformat\jackson-dataformat-xml\2.8.5\jackson-dataformat-xml-2.8.5.jar;C:\Users\tobia\.m2\repository\com\fasterxml\jackson\core\jackson-core\2.15.0\jackson-core-2.15.0.jar;C:\Users\tobia\.m2\repository\com\fasterxml\jackson\core\jackson-annotations\2.15.0\jackson-annotations-2.15.0.jar;C:\Users\tobia\.m2\repository\com\fasterxml\jackson\core\jackson-databind\2.15.0\jackson-databind-2.15.0.jar;C:\Users\tobia\.m2\repository\com\fasterxml\jackson\module\jackson-module-jaxb-annotations\2.15.0\jackson-module-jaxb-annotations-2.15.0.jar;C:\Users\tobia\.m2\repository\jakarta\activation\jakarta.activation-api\2.1.2\jakarta.activation-api-2.1.2.jar;C:\Users\tobia\.m2\repository\com\fasterxml\woodstox\woodstox-core\5.0.3\woodstox-core-5.0.3.jar;C:\Users\tobia\.m2\repository\org\jetbrains\annotations\13.0\annotations-13.0.jar;C:\Users\tobia\.m2\repository\mysql\mysql-connector-java\8.0.11\mysql-connector-java-8.0.11.jar;C:\Users\tobia\.m2\repository\com\google\protobuf\protobuf-java\2.6.0\protobuf-java-2.6.0.jar;C:\Users\tobia\.m2\repository\com\google\code\gson\gson\2.8.2\gson-2.8.2.jar;C:\Users\tobia\.m2\repository\com\google\guava\guava\19.0\guava-19.0.jar;C:\Users\tobia\.m2\repository\org\springframework\boot\spring-boot-starter\3.1.0\spring-boot-starter-3.1.0.jar;C:\Users\tobia\.m2\repository\org\springframework\boot\spring-boot\3.1.0\spring-boot-3.1.0.jar;C:\Users\tobia\.m2\repository\org\springframework\spring-context\6.0.9\spring-context-6.0.9.jar;C:\Users\tobia\.m2\repository\org\springframework\boot\spring-boot-autoconfigure\3.1.0\spring-boot-autoconfigure-3.1.0.jar;C:\Users\tobia\.m2\repository\org\springframework\boot\spring-boot-starter-logging\3.1.0\spring-boot-starter-logging-3.1.0.jar;C:\Users\tobia\.m2\repository\ch\qos\logback\logback-classic\1.4.7\logback-classic-1.4.7.jar;C:\Users\tobia\.m2\repository\ch\qos\logback\logback-core\1.4.7\logback-core-1.4.7.jar;C:\Users\tobia\.m2\repository\org\apache\logging\log4j\log4j-to-slf4j\2.20.0\log4j-to-slf4j-2.20.0.jar;C:\Users\tobia\.m2\repository\org\apache\logging\log4j\log4j-api\2.20.0\log4j-api-2.20.0.jar;C:\Users\tobia\.m2\repository\org\slf4j\jul-to-slf4j\2.0.7\jul-to-slf4j-2.0.7.jar;C:\Users\tobia\.m2\repository\jakarta\annotation\jakarta.annotation-api\2.1.1\jakarta.annotation-api-2.1.1.jar;C:\Users\tobia\.m2\repository\org\springframework\spring-core\6.0.9\spring-core-6.0.9.jar;C:\Users\tobia\.m2\repository\org\springframework\spring-jcl\6.0.9\spring-jcl-6.0.9.jar;C:\Users\tobia\.m2\repository\org\yaml\snakeyaml\1.33\snakeyaml-1.33.jar;C:\Users\tobia\.m2\repository\jakarta\xml\bind\jakarta.xml.bind-api\4.0.0\jakarta.xml.bind-api-4.0.0.jar;C:\Users\tobia\.m2\repository\org\hamcrest\hamcrest\2.2\hamcrest-2.2.jar;C:\Users\tobia\.m2\repository\com\googlecode\json-simple\json-simple\1.1.1\json-simple-1.1.1.jar;C:\Users\tobia\.m2\repository\junit\junit\4.13.2\junit-4.13.2.jar;C:\Users\tobia\.m2\repository\org\hamcrest\hamcrest-core\2.2\hamcrest-core-2.2.jar;C:\Users\tobia\.m2\repository\org\openjfx\javafx-controls\17\javafx-controls-17.jar;C:\Users\tobia\.m2\repository\org\openjfx\javafx-controls\17\javafx-controls-17-win.jar;C:\Users\tobia\.m2\repository\org\openjfx\javafx-graphics\17\javafx-graphics-17.jar;C:\Users\tobia\.m2\repository\org\openjfx\javafx-graphics\17\javafx-graphics-17-win.jar;C:\Users\tobia\.m2\repository\org\openjfx\javafx-base\17\javafx-base-17.jar;C:\Users\tobia\.m2\repository\org\openjfx\javafx-base\17\javafx-base-17-win.jar;C:\Users\tobia\.m2\repository\org\openjfx\javafx-fxml\17\javafx-fxml-17.jar;C:\Users\tobia\.m2\repository\org\openjfx\javafx-fxml\17\javafx-fxml-17-win.jar;C:\Users\tobia\.m2\repository\org\testng\testng\7.8.0\testng-7.8.0.jar;C:\Users\tobia\.m2\repository\org\slf4j\slf4j-api\2.0.7\slf4j-api-2.0.7.jar;C:\Users\tobia\.m2\repository\com\beust\jcommander\1.82\jcommander-1.82.jar;C:\Users\tobia\.m2\repository\org\webjars\jquery\3.6.1\jquery-3.6.1.jar;C:\Users\tobia\.m2\repository\org\springframework\boot\spring-boot-starter-web\3.1.0\spring-boot-starter-web-3.1.0.jar;C:\Users\tobia\.m2\repository\org\springframework\boot\spring-boot-starter-json\3.1.0\spring-boot-starter-json-3.1.0.jar;C:\Users\tobia\.m2\repository\com\fasterxml\jackson\datatype\jackson-datatype-jdk8\2.15.0\jackson-datatype-jdk8-2.15.0.jar;C:\Users\tobia\.m2\repository\com\fasterxml\jackson\datatype\jackson-datatype-jsr310\2.15.0\jackson-datatype-jsr310-2.15.0.jar;C:\Users\tobia\.m2\repository\com\fasterxml\jackson\module\jackson-module-parameter-names\2.15.0\jackson-module-parameter-names-2.15.0.jar;C:\Users\tobia\.m2\repository\org\springframework\boot\spring-boot-starter-tomcat\3.1.0\spring-boot-starter-tomcat-3.1.0.jar;C:\Users\tobia\.m2\repository\org\apache\tomcat\embed\tomcat-embed-core\10.1.8\tomcat-embed-core-10.1.8.jar;C:\Users\tobia\.m2\repository\org\apache\tomcat\embed\tomcat-embed-el\10.1.8\tomcat-embed-el-10.1.8.jar;C:\Users\tobia\.m2\repository\org\apache\tomcat\embed\tomcat-embed-websocket\10.1.8\tomcat-embed-websocket-10.1.8.jar;C:\Users\tobia\.m2\repository\org\springframework\spring-web\6.0.9\spring-web-6.0.9.jar;C:\Users\tobia\.m2\repository\org\springframework\spring-beans\6.0.9\spring-beans-6.0.9.jar;C:\Users\tobia\.m2\repository\io\micrometer\micrometer-observation\1.11.0\micrometer-observation-1.11.0.jar;C:\Users\tobia\.m2\repository\io\micrometer\micrometer-commons\1.11.0\micrometer-commons-1.11.0.jar;C:\Users\tobia\.m2\repository\org\springframework\spring-webmvc\6.0.9\spring-webmvc-6.0.9.jar;C:\Users\tobia\.m2\repository\org\springframework\spring-aop\6.0.9\spring-aop-6.0.9.jar;C:\Users\tobia\.m2\repository\org\springframework\spring-expression\6.0.9\spring-expression-6.0.9.jar
Launcher Type: SUN_STANDARD

[Global flags]
     intx CICompilerCount                          = 3                                         {product} {ergonomic}
     uint ConcGCThreads                            = 1                                         {product} {ergonomic}
     uint G1ConcRefinementThreads                  = 4                                         {product} {ergonomic}
   size_t G1HeapRegionSize                         = 1048576                                   {product} {ergonomic}
    uintx GCDrainStackTargetSize                   = 64                                        {product} {ergonomic}
   size_t InitialHeapSize                          = 132120576                                 {product} {ergonomic}
   size_t MarkStackSize                            = 4194304                                   {product} {ergonomic}
   size_t MaxHeapSize                              = 2107637760                                {product} {ergonomic}
   size_t MaxNewSize                               = 1264582656                                {product} {ergonomic}
   size_t MinHeapDeltaBytes                        = 1048576                                   {product} {ergonomic}
   size_t MinHeapSize                              = 8388608                                   {product} {ergonomic}
    uintx NonNMethodCodeHeapSize                   = 5832780                                {pd product} {ergonomic}
    uintx NonProfiledCodeHeapSize                  = 122912730                              {pd product} {ergonomic}
    uintx ProfiledCodeHeapSize                     = 122912730                              {pd product} {ergonomic}
    uintx ReservedCodeCacheSize                    = 251658240                              {pd product} {ergonomic}
     bool SegmentedCodeCache                       = true                                      {product} {ergonomic}
   size_t SoftMaxHeapSize                          = 2107637760                             {manageable} {ergonomic}
     bool UseCompressedClassPointers               = true                           {product lp64_product} {ergonomic}
     bool UseCompressedOops                        = true                           {product lp64_product} {ergonomic}
     bool UseG1GC                                  = true                                      {product} {ergonomic}
     bool UseLargePagesIndividualAllocation        = false                                  {pd product} {ergonomic}

Logging:
Log output configuration:
 #0: stdout all=off uptime,level,tags foldmultilines=false
 #1: stderr all=off uptime,level,tags foldmultilines=false

Environment Variables:
PATH=C:\Program Files\Common Files\Oracle\Java\javapath;C:\Program Files (x86)\Intel\iCLS Client\;C:\Program Files\Intel\iCLS Client\;C:\Windows\system32;C:\Windows;C:\Windows\System32\Wbem;C:\Windows\System32\WindowsPowerShell\v1.0\;C:\Program Files (x86)\Intel\Intel(R) Management Engine Components\DAL;C:\Program Files\Intel\Intel(R) Management Engine Components\DAL;C:\Program Files (x86)\Intel\Intel(R) Management Engine Components\IPT;C:\Program Files\Intel\Intel(R) Management Engine Components\IPT;C:\Program Files (x86)\NVIDIA Corporation\PhysX\Common;C:\WINDOWS\system32;C:\WINDOWS;C:\WINDOWS\System32\Wbem;C:\WINDOWS\System32\WindowsPowerShell\v1.0\;C:\WINDOWS\System32\OpenSSH\;C:\Program Files\Microsoft SQL Server\150\Tools\Binn\;C:\Program Files\Microsoft SQL Server\Client SDK\ODBC\170\Tools\Binn\;C:\Program Files\dotnet\;C:\Program Files\Git\cmd;C:\Users\tobia\AppData\Local\Microsoft\WindowsApps;C:\Users\tobia\.dotnet\tools;C:\Program Files\Java\jdk-18.0.2.1\bin;C:\Users\tobia\AppData\Local\GitHubDesktop\bin
USERNAME=tobia
OS=Windows_NT
PROCESSOR_IDENTIFIER=Intel64 Family 6 Model 158 Stepping 9, GenuineIntel
TMP=C:\Users\tobia\AppData\Local\Temp
TEMP=C:\Users\tobia\AppData\Local\Temp



---------------  S Y S T E M  ---------------

OS:
 Windows 10 , 64 bit Build 19041 (10.0.19041.2913)
OS uptime: 8 days 20:43 hours

CPU: total 4 (initial active 4) (4 cores per cpu, 1 threads per core) family 6 model 158 stepping 9 microcode 0xb4, cx8, cmov, fxsr, mmx, 3dnowpref, sse, sse2, sse3, ssse3, sse4.1, sse4.2, popcnt, lzcnt, tsc, tscinvbit, avx, avx2, aes, erms, clmul, bmi1, bmi2, adx, fma, vzeroupper, clflush, clflushopt, rdtscp

Memory: 4k page, system-wide physical 8035M (1518M free)
TotalPageFile size 20835M (AvailPageFile size 7598M)
current process WorkingSet (physical memory assigned to process): 169M, peak: 182M
current process commit charge ("private bytes"): 268M, peak: 282M

vm_info: OpenJDK 64-Bit Server VM (19.0.1+10-21) for windows-amd64 JRE (19.0.1+10-21), built on 2022-09-14T12:45:06Z by "mach5one" with MS VC++ 17.1 (VS2022)

END.
