#
# A fatal error has been detected by the Java Runtime Environment:
#
#  EXCEPTION_ACCESS_VIOLATION (0xc0000005) at pc=0x00007ffc808463b7, pid=3764, tid=15552
#
# JRE version: OpenJDK Runtime Environment (19.0.1+10) (build 19.0.1+10-21)
# Java VM: OpenJDK 64-Bit Server VM (19.0.1+10-21, mixed mode, sharing, tiered, compressed oops, compressed class ptrs, g1 gc, windows-amd64)
# Problematic frame:
# C  [glass.dll+0x263b7]
#
# No core dump will be written. Minidumps are not enabled by default on client versions of Windows
#
# If you would like to submit a bug report, please visit:
#   https://bugreport.java.com/bugreport/crash.jsp
#

---------------  S U M M A R Y ------------

Command Line: --module-path=C:\Users\tobia\OneDrive\Coding\javafx-sdk-19\lib --add-modules=javafx.controls,javafx.fxml -javaagent:C:\Program Files\JetBrains\IntelliJ IDEA 2022.2.1\lib\idea_rt.jar=56419:C:\Program Files\JetBrains\IntelliJ IDEA 2022.2.1\bin -Dfile.encoding=UTF-8 -Dsun.stdout.encoding=UTF-8 -Dsun.stderr.encoding=UTF-8 dk.dtu.compute.se.pisd.roborally.RoboRally

Host: Intel(R) Core(TM) i5-7300HQ CPU @ 2.50GHz, 4 cores, 7G,  Windows 10 , 64 bit Build 19041 (10.0.19041.2913)
Time: Mon Jun  5 16:03:12 2023 Romance Summer Time elapsed time: 8.734400 seconds (0d 0h 0m 8s)

---------------  T H R E A D  ---------------

Current thread (0x000001f6fee146c0):  VMThread "VM Thread" [stack: 0x000000bb75800000,0x000000bb75900000] [id=15552]

Stack: [0x000000bb75800000,0x000000bb75900000],  sp=0x000000bb758fedf0,  free space=1019k
Native frames: (J=compiled Java code, j=interpreted, Vv=VM code, C=native code)
C  [glass.dll+0x263b7]


siginfo: EXCEPTION_ACCESS_VIOLATION (0xc0000005), reading address 0x0000000000000000


Registers:
RAX=0x0000000000000000, RBX=0x000001f6fee294d8, RCX=0x000001f6fee146c0, RDX=0x000000bb758fedf0
RSP=0x000000bb758fedf0, RBP=0x000001f69feb9818, RSI=0x000001f69feb97f0, RDI=0x000044ac38abc102
R8 =0x0000000000010002, R9 =0x000044ac38abc102, R10=0x0000000000008000, R11=0x000000bb758fed80
R12=0x00007ffc80843cf0, R13=0x00007ffc6a9772a0, R14=0x000000bb758feee8, R15=0x000001f69feb97f0
RIP=0x00007ffc808463b7, EFLAGS=0x0000000000010206


Register to memory mapping:

RIP=0x00007ffc808463b7 glass.dll
RAX=0x0 is NULL
RBX=0x000001f6fee294d8 is a global jni handle
RCX=0x000001f6fee146c0 points into unknown readable memory: 0x00007ffc6a7845d8 | d8 45 78 6a fc 7f 00 00
RDX=0x000000bb758fedf0 points into unknown readable memory: 0x0000000000000000 | 00 00 00 00 00 00 00 00
RSP=0x000000bb758fedf0 points into unknown readable memory: 0x0000000000000000 | 00 00 00 00 00 00 00 00
RBP=0x000001f69feb9818 points into unknown readable memory: 0x000044ac38abc102 | 02 c1 ab 38 ac 44 00 00
RSI=0x000001f69feb97f0 points into unknown readable memory: 0x0001bb5e3abb2122 | 22 21 bb 3a 5e bb 01 00
RDI=0x000044ac38abc102 is an unknown value
R8 =0x0000000000010002 is an unknown value
R9 =0x000044ac38abc102 is an unknown value
R10=0x0000000000008000 is an unknown value
R11=0x000000bb758fed80 points into unknown readable memory: 0x000001f69feb97f0 | f0 97 eb 9f f6 01 00 00
R12=0x00007ffc80843cf0 glass.dll
R13=0x00007ffc6a9772a0 jvm.dll
R14=0x000000bb758feee8 points into unknown readable memory: 0x000000bb758feed0 | d0 ee 8f 75 bb 00 00 00
R15=0x000001f69feb97f0 points into unknown readable memory: 0x0001bb5e3abb2122 | 22 21 bb 3a 5e bb 01 00


Top of Stack: (sp=0x000000bb758fedf0)
0x000000bb758fedf0:   0000000000000000 000001f69feb97f0
0x000000bb758fee00:   00007ffc6a9772a0 00007ffc80843cf0
0x000000bb758fee10:   000001f69feb97f8 00007ffcadf242d6
0x000000bb758fee20:   000044ac38abc102 000001f600000000
0x000000bb758fee30:   000001f69feb9818 000001f69feb97f0
0x000000bb758fee40:   fffffffffffffffe 0000000000000000
0x000000bb758fee50:   0000000000000001 00007ffc80820000
0x000000bb758fee60:   000000bb758feed8 00007ffcadf241fb
0x000000bb758fee70:   0000000000000000 000000bb758feee8
0x000000bb758fee80:   000000bb758ff1b0 00007ffcae000e40
0x000000bb758fee90:   0000000000000001 00007ffcadf241b4
0x000000bb758feea0:   0000000000000000 0000000000000001
0x000000bb758feeb0:   0000000000000001 000000bb758feed8
0x000000bb758feec0:   0000000000000000 00007ffc80843b7d
0x000000bb758feed0:   00007ffc80859f88 00007ffc00000002
0x000000bb758feee0:   0000000000000002 000000bb758feed0 

Instructions: (pc=0x00007ffc808463b7)
0x00007ffc808462b7:   8b 4d 58 e8 7d cf ff ff 48 8b 4d 60 e8 74 cf ff
0x00007ffc808462c7:   ff 48 8b 95 80 00 00 00 48 8b 8d 18 01 00 00 e8
0x00007ffc808462d7:   66 c4 ff ff 33 d2 33 c9 e8 bc e1 ff ff 90 48 89
0x00007ffc808462e7:   54 24 10 55 48 83 ec 20 48 8b ea 48 b8 00 00 00
0x00007ffc808462f7:   00 00 00 00 00 48 83 c4 20 5d c3 cc 40 55 48 8b
0x00007ffc80846307:   ea 48 8b 01 33 c9 81 38 05 00 00 c0 0f 94 c1 8b
0x00007ffc80846317:   c1 5d c3 cc 40 55 48 83 ec 20 48 8b ea 8a 4d 40
0x00007ffc80846327:   48 83 c4 20 5d e9 63 d3 ff ff cc 40 55 48 83 ec
0x00007ffc80846337:   20 48 8b ea 8a 4d 20 e8 51 d3 ff ff 90 48 83 c4
0x00007ffc80846347:   20 5d c3 cc 40 55 48 83 ec 20 48 8b ea 48 83 c4
0x00007ffc80846357:   20 5d e9 b2 d1 ff ff cc 40 55 48 83 ec 30 48 8b
0x00007ffc80846367:   ea 48 8b 01 8b 10 48 89 4c 24 28 89 54 24 20 4c
0x00007ffc80846377:   8d 0d 53 d6 ff ff 4c 8b 45 70 8b 55 68 48 8b 4d
0x00007ffc80846387:   60 e8 f3 d0 ff ff 90 48 83 c4 30 5d c3 cc cc cc
0x00007ffc80846397:   cc cc cc cc cc cc cc cc cc 40 53 48 83 ec 20 48
0x00007ffc808463a7:   8b 1d db 35 01 00 48 85 db 74 16 e8 79 8b ff ff
0x00007ffc808463b7:   4c 8b 00 48 8b d3 48 8b c8 41 ff 90 b0 00 00 00
0x00007ffc808463c7:   90 48 83 c4 20 5b c3 cc cc 40 53 48 83 ec 20 48
0x00007ffc808463d7:   8b 1d 4b 37 01 00 48 85 db 74 57 b8 ff ff ff ff
0x00007ffc808463e7:   f0 0f c1 43 10 83 f8 01 75 3d 48 85 db 74 38 48
0x00007ffc808463f7:   8b 0b 48 85 c9 74 0d ff 15 a4 0e 00 00 48 c7 03
0x00007ffc80846407:   00 00 00 00 48 8b 4b 08 48 85 c9 74 0d e8 23 ce
0x00007ffc80846417:   ff ff 48 c7 43 08 00 00 00 00 ba 18 00 00 00 48
0x00007ffc80846427:   8b cb e8 0e ce ff ff 48 c7 05 ef 36 01 00 00 00
0x00007ffc80846437:   00 00 48 83 c4 20 5b c3 cc 40 53 48 83 ec 20 48
0x00007ffc80846447:   8b 1d bb 36 01 00 48 85 db 74 57 b8 ff ff ff ff
0x00007ffc80846457:   f0 0f c1 43 10 83 f8 01 75 3d 48 85 db 74 38 48
0x00007ffc80846467:   8b 0b 48 85 c9 74 0d ff 15 34 0e 00 00 48 c7 03
0x00007ffc80846477:   00 00 00 00 48 8b 4b 08 48 85 c9 74 0d e8 b3 cd
0x00007ffc80846487:   ff ff 48 c7 43 08 00 00 00 00 ba 18 00 00 00 48
0x00007ffc80846497:   8b cb e8 9e cd ff ff 48 c7 05 5f 36 01 00 00 00
0x00007ffc808464a7:   00 00 48 83 c4 20 5b c3 cc 40 53 48 83 ec 20 48 


Stack slot to memory mapping:
stack at sp + 0 slots: 0x0 is NULL
stack at sp + 1 slots: 0x000001f69feb97f0 points into unknown readable memory: 0x0001bb5e3abb2122 | 22 21 bb 3a 5e bb 01 00
stack at sp + 2 slots: 0x00007ffc6a9772a0 jvm.dll
stack at sp + 3 slots: 0x00007ffc80843cf0 glass.dll
stack at sp + 4 slots: 0x000001f69feb97f8 points into unknown readable memory: 0x000044ac38abc102 | 02 c1 ab 38 ac 44 00 00
stack at sp + 5 slots: 0x00007ffcadf242d6 ucrtbase.dll
stack at sp + 6 slots: 0x000044ac38abc102 is an unknown value
stack at sp + 7 slots: 0x000001f600000000 is an unknown value

VM_Operation (0x000000bb763ff500): Exit, mode: safepoint, requested by thread 0x000001f6a0045270


---------------  P R O C E S S  ---------------

Threads class SMR info:
_java_thread_list=0x000001f6a067e600, length=20, elements={
0x000001f6f9e74920, 0x000001f6fee337a0, 0x000001f6fee34470, 0x000001f6fee363f0,
0x000001f6fee39150, 0x000001f6fee39c20, 0x000001f6fee3d8a0, 0x000001f6fee54870,
0x000001f69f018050, 0x000001f69f07f8a0, 0x000001f69fb0b8f0, 0x000001f69f973e20,
0x000001f69f37f8d0, 0x000001f6a05a0450, 0x000001f6a05a2de0, 0x000001f69ff691e0,
0x000001f6a0046d00, 0x000001f6a00457c0, 0x000001f6a0047250, 0x000001f6a0045270
}

Java Threads: ( => current thread )
  0x000001f6f9e74920 JavaThread "main" [_thread_blocked, id=3708, stack(0x000000bb75200000,0x000000bb75300000)]
  0x000001f6fee337a0 JavaThread "Reference Handler" daemon [_thread_blocked, id=16788, stack(0x000000bb75900000,0x000000bb75a00000)]
  0x000001f6fee34470 JavaThread "Finalizer" daemon [_thread_blocked, id=1224, stack(0x000000bb75a00000,0x000000bb75b00000)]
  0x000001f6fee363f0 JavaThread "Attach Listener" daemon [_thread_blocked, id=396, stack(0x000000bb75c00000,0x000000bb75d00000)]
  0x000001f6fee39150 JavaThread "Service Thread" daemon [_thread_blocked, id=7184, stack(0x000000bb75d00000,0x000000bb75e00000)]
  0x000001f6fee39c20 JavaThread "Monitor Deflation Thread" daemon [_thread_blocked, id=1732, stack(0x000000bb75e00000,0x000000bb75f00000)]
  0x000001f6fee3d8a0 JavaThread "C2 CompilerThread0" daemon [_thread_blocked, id=15632, stack(0x000000bb75f00000,0x000000bb76000000)]
  0x000001f6fee54870 JavaThread "C1 CompilerThread0" daemon [_thread_blocked, id=20116, stack(0x000000bb76000000,0x000000bb76100000)]
  0x000001f69f018050 JavaThread "Sweeper thread" daemon [_thread_blocked, id=18680, stack(0x000000bb76100000,0x000000bb76200000)]
  0x000001f69f07f8a0 JavaThread "Common-Cleaner" daemon [_thread_blocked, id=3452, stack(0x000000bb76200000,0x000000bb76300000)]
  0x000001f69fb0b8f0 JavaThread "Monitor Ctrl-Break" daemon [_thread_in_native, id=13072, stack(0x000000bb76400000,0x000000bb76500000)]
  0x000001f69f973e20 JavaThread "Notification Thread" daemon [_thread_blocked, id=20292, stack(0x000000bb76500000,0x000000bb76600000)]
  0x000001f69f37f8d0 JavaThread "QuantumRenderer-0" daemon [_thread_blocked, id=2388, stack(0x000000bb76a00000,0x000000bb76b00000)]
  0x000001f6a05a0450 JavaThread "InvokeLaterDispatcher" daemon [_thread_blocked, id=8776, stack(0x000000bb76b00000,0x000000bb76c00000)]
  0x000001f6a05a2de0 JavaThread "JavaFX Application Thread" [_thread_in_native, id=19592, stack(0x000000bb76c00000,0x000000bb76d00000)]
  0x000001f69ff691e0 JavaThread "JavaFX-Launcher" [_thread_blocked, id=18528, stack(0x000000bb77100000,0x000000bb77200000)]
  0x000001f6a0046d00 JavaThread "Thread-2" daemon [_thread_in_native, id=8132, stack(0x000000bb77000000,0x000000bb77100000)]
  0x000001f6a00457c0 JavaThread "Prism Font Disposer" daemon [_thread_blocked, id=6588, stack(0x000000bb77500000,0x000000bb77600000)]
  0x000001f6a0047250 JavaThread "Cleaner-0" daemon [_thread_blocked, id=17228, stack(0x000000bb77600000,0x000000bb77700000)]
  0x000001f6a0045270 JavaThread "SIGINT handler" daemon [_thread_blocked, id=15124, stack(0x000000bb76300000,0x000000bb76400000)]

Other Threads:
=>0x000001f6fee146c0 VMThread "VM Thread" [stack: 0x000000bb75800000,0x000000bb75900000] [id=15552]
  0x000001f6f9ed5d60 WorkerThread "GC Thread#0" [stack: 0x000000bb75300000,0x000000bb75400000] [id=15048]
  0x000001f69f97bb60 WorkerThread "GC Thread#1" [stack: 0x000000bb76700000,0x000000bb76800000] [id=2744]
  0x000001f6a0225f00 WorkerThread "GC Thread#2" [stack: 0x000000bb76800000,0x000000bb76900000] [id=8128]
  0x000001f6a05560d0 WorkerThread "GC Thread#3" [stack: 0x000000bb76900000,0x000000bb76a00000] [id=2396]
  0x000001f6f9ee7720 ConcurrentGCThread "G1 Main Marker" terminated
  0x000001f6f9ee89a0 WorkerThread "G1 Conc#0" [stack: 0x000000bb75500000,0x000000bb75600000] [id=19872]
  0x000001f6f9f3ea80 ConcurrentGCThread "G1 Refine#0" terminated
  0x000001f6feccaf80 ConcurrentGCThread "G1 Service" terminated

Threads with active compile tasks:

VM state: at safepoint (shutting down)

VM Mutex/Monitor currently owned by a thread:  ([mutex/lock_event])
[0x000001f6f9e72340] Threads_lock - owner thread: 0x000001f6fee146c0
[0x000001f6f9e711d0] Heap_lock - owner thread: 0x000001f6a0045270

Heap address: 0x0000000082600000, size: 2010 MB, Compressed Oops mode: 32-bit

CDS archive(s) mapped at: [0x0000000800000000-0x0000000800c30000-0x0000000800c30000), size 12779520, SharedBaseAddress: 0x0000000800000000, ArchiveRelocationMode: 0.
Compressed class space mapped at: 0x0000000801000000-0x0000000841000000, reserved size: 1073741824
Narrow klass base: 0x0000000800000000, Narrow klass shift: 0, Narrow klass range: 0x100000000

GC Precious Log:
 CardTable entry size: 512
 Card Set container configuration: InlinePtr #cards 5 size 8 Array Of Cards #cards 12 size 40 Howl #buckets 4 coarsen threshold 1843 Howl Bitmap #cards 512 size 80 coarsen threshold 460 Card regions per heap region 1 cards per card region 2048
 CPUs: 4 total, 4 available
 Memory: 8035M
 Large Page Support: Disabled
 NUMA Support: Disabled
 Compressed Oops: Enabled (32-bit)
 Heap Region Size: 1M
 Heap Min Capacity: 8M
 Heap Initial Capacity: 126M
 Heap Max Capacity: 2010M
 Pre-touch: Disabled
 Parallel Workers: 4
 Concurrent Workers: 1
 Concurrent Refinement Workers: 4
 Periodic GC: Disabled

Heap:
 garbage-first heap   total 129024K, used 28442K [0x0000000082600000, 0x0000000100000000)
  region size 1024K, 24 young (24576K), 2 survivors (2048K)
 Metaspace       used 11979K, committed 12224K, reserved 1114112K
  class space    used 1633K, committed 1728K, reserved 1048576K

Heap Regions: E=young(eden), S=young(survivor), O=old, HS=humongous(starts), HC=humongous(continues), CS=collection set, F=free, OA=open archive, CA=closed archive, TAMS=top-at-mark-start (previous, next)
|   0|0x0000000082600000, 0x0000000082700000, 0x0000000082700000|100%| O|  |TAMS 0x0000000082600000, 0x0000000082600000| Untracked 
|   1|0x0000000082700000, 0x0000000082800000, 0x0000000082800000|100%| O|  |TAMS 0x0000000082700000, 0x0000000082700000| Untracked 
|   2|0x0000000082800000, 0x0000000082900000, 0x0000000082900000|100%| O|  |TAMS 0x0000000082800000, 0x0000000082800000| Untracked 
|   3|0x0000000082900000, 0x0000000082a00000, 0x0000000082a00000|100%| O|  |TAMS 0x0000000082900000, 0x0000000082900000| Untracked 
|   4|0x0000000082a00000, 0x0000000082a67600, 0x0000000082b00000| 40%| O|  |TAMS 0x0000000082a00000, 0x0000000082a00000| Untracked 
|   5|0x0000000082b00000, 0x0000000082c00000, 0x0000000082c00000|100%|HS|  |TAMS 0x0000000082b00000, 0x0000000082b00000| Complete 
|   6|0x0000000082c00000, 0x0000000082d00000, 0x0000000082d00000|100%|HC|  |TAMS 0x0000000082c00000, 0x0000000082c00000| Complete 
|   7|0x0000000082d00000, 0x0000000082d00000, 0x0000000082e00000|  0%| F|  |TAMS 0x0000000082d00000, 0x0000000082d00000| Untracked 
|   8|0x0000000082e00000, 0x0000000082e00000, 0x0000000082f00000|  0%| F|  |TAMS 0x0000000082e00000, 0x0000000082e00000| Untracked 
|   9|0x0000000082f00000, 0x0000000082f00000, 0x0000000083000000|  0%| F|  |TAMS 0x0000000082f00000, 0x0000000082f00000| Untracked 
|  10|0x0000000083000000, 0x0000000083000000, 0x0000000083100000|  0%| F|  |TAMS 0x0000000083000000, 0x0000000083000000| Untracked 
|  11|0x0000000083100000, 0x0000000083100000, 0x0000000083200000|  0%| F|  |TAMS 0x0000000083100000, 0x0000000083100000| Untracked 
|  12|0x0000000083200000, 0x0000000083200000, 0x0000000083300000|  0%| F|  |TAMS 0x0000000083200000, 0x0000000083200000| Untracked 
|  13|0x0000000083300000, 0x0000000083300000, 0x0000000083400000|  0%| F|  |TAMS 0x0000000083300000, 0x0000000083300000| Untracked 
|  14|0x0000000083400000, 0x0000000083400000, 0x0000000083500000|  0%| F|  |TAMS 0x0000000083400000, 0x0000000083400000| Untracked 
|  15|0x0000000083500000, 0x0000000083500000, 0x0000000083600000|  0%| F|  |TAMS 0x0000000083500000, 0x0000000083500000| Untracked 
|  16|0x0000000083600000, 0x0000000083600000, 0x0000000083700000|  0%| F|  |TAMS 0x0000000083600000, 0x0000000083600000| Untracked 
|  17|0x0000000083700000, 0x0000000083700000, 0x0000000083800000|  0%| F|  |TAMS 0x0000000083700000, 0x0000000083700000| Untracked 
|  18|0x0000000083800000, 0x0000000083800000, 0x0000000083900000|  0%| F|  |TAMS 0x0000000083800000, 0x0000000083800000| Untracked 
|  19|0x0000000083900000, 0x0000000083900000, 0x0000000083a00000|  0%| F|  |TAMS 0x0000000083900000, 0x0000000083900000| Untracked 
|  20|0x0000000083a00000, 0x0000000083a00000, 0x0000000083b00000|  0%| F|  |TAMS 0x0000000083a00000, 0x0000000083a00000| Untracked 
|  21|0x0000000083b00000, 0x0000000083b00000, 0x0000000083c00000|  0%| F|  |TAMS 0x0000000083b00000, 0x0000000083b00000| Untracked 
|  22|0x0000000083c00000, 0x0000000083c00000, 0x0000000083d00000|  0%| F|  |TAMS 0x0000000083c00000, 0x0000000083c00000| Untracked 
|  23|0x0000000083d00000, 0x0000000083d00000, 0x0000000083e00000|  0%| F|  |TAMS 0x0000000083d00000, 0x0000000083d00000| Untracked 
|  24|0x0000000083e00000, 0x0000000083e00000, 0x0000000083f00000|  0%| F|  |TAMS 0x0000000083e00000, 0x0000000083e00000| Untracked 
|  25|0x0000000083f00000, 0x0000000083f00000, 0x0000000084000000|  0%| F|  |TAMS 0x0000000083f00000, 0x0000000083f00000| Untracked 
|  26|0x0000000084000000, 0x0000000084000000, 0x0000000084100000|  0%| F|  |TAMS 0x0000000084000000, 0x0000000084000000| Untracked 
|  27|0x0000000084100000, 0x0000000084100000, 0x0000000084200000|  0%| F|  |TAMS 0x0000000084100000, 0x0000000084100000| Untracked 
|  28|0x0000000084200000, 0x0000000084200000, 0x0000000084300000|  0%| F|  |TAMS 0x0000000084200000, 0x0000000084200000| Untracked 
|  29|0x0000000084300000, 0x0000000084300000, 0x0000000084400000|  0%| F|  |TAMS 0x0000000084300000, 0x0000000084300000| Untracked 
|  30|0x0000000084400000, 0x0000000084400000, 0x0000000084500000|  0%| F|  |TAMS 0x0000000084400000, 0x0000000084400000| Untracked 
|  31|0x0000000084500000, 0x0000000084500000, 0x0000000084600000|  0%| F|  |TAMS 0x0000000084500000, 0x0000000084500000| Untracked 
|  32|0x0000000084600000, 0x0000000084600000, 0x0000000084700000|  0%| F|  |TAMS 0x0000000084600000, 0x0000000084600000| Untracked 
|  33|0x0000000084700000, 0x0000000084700000, 0x0000000084800000|  0%| F|  |TAMS 0x0000000084700000, 0x0000000084700000| Untracked 
|  34|0x0000000084800000, 0x0000000084800000, 0x0000000084900000|  0%| F|  |TAMS 0x0000000084800000, 0x0000000084800000| Untracked 
|  35|0x0000000084900000, 0x0000000084900000, 0x0000000084a00000|  0%| F|  |TAMS 0x0000000084900000, 0x0000000084900000| Untracked 
|  36|0x0000000084a00000, 0x0000000084a00000, 0x0000000084b00000|  0%| F|  |TAMS 0x0000000084a00000, 0x0000000084a00000| Untracked 
|  37|0x0000000084b00000, 0x0000000084b00000, 0x0000000084c00000|  0%| F|  |TAMS 0x0000000084b00000, 0x0000000084b00000| Untracked 
|  38|0x0000000084c00000, 0x0000000084c00000, 0x0000000084d00000|  0%| F|  |TAMS 0x0000000084c00000, 0x0000000084c00000| Untracked 
|  39|0x0000000084d00000, 0x0000000084d00000, 0x0000000084e00000|  0%| F|  |TAMS 0x0000000084d00000, 0x0000000084d00000| Untracked 
|  40|0x0000000084e00000, 0x0000000084e00000, 0x0000000084f00000|  0%| F|  |TAMS 0x0000000084e00000, 0x0000000084e00000| Untracked 
|  41|0x0000000084f00000, 0x0000000084f00000, 0x0000000085000000|  0%| F|  |TAMS 0x0000000084f00000, 0x0000000084f00000| Untracked 
|  42|0x0000000085000000, 0x0000000085000000, 0x0000000085100000|  0%| F|  |TAMS 0x0000000085000000, 0x0000000085000000| Untracked 
|  43|0x0000000085100000, 0x0000000085100000, 0x0000000085200000|  0%| F|  |TAMS 0x0000000085100000, 0x0000000085100000| Untracked 
|  44|0x0000000085200000, 0x0000000085200000, 0x0000000085300000|  0%| F|  |TAMS 0x0000000085200000, 0x0000000085200000| Untracked 
|  45|0x0000000085300000, 0x0000000085300000, 0x0000000085400000|  0%| F|  |TAMS 0x0000000085300000, 0x0000000085300000| Untracked 
|  46|0x0000000085400000, 0x0000000085400000, 0x0000000085500000|  0%| F|  |TAMS 0x0000000085400000, 0x0000000085400000| Untracked 
|  47|0x0000000085500000, 0x0000000085500000, 0x0000000085600000|  0%| F|  |TAMS 0x0000000085500000, 0x0000000085500000| Untracked 
|  48|0x0000000085600000, 0x0000000085600000, 0x0000000085700000|  0%| F|  |TAMS 0x0000000085600000, 0x0000000085600000| Untracked 
|  49|0x0000000085700000, 0x0000000085700000, 0x0000000085800000|  0%| F|  |TAMS 0x0000000085700000, 0x0000000085700000| Untracked 
|  50|0x0000000085800000, 0x0000000085800000, 0x0000000085900000|  0%| F|  |TAMS 0x0000000085800000, 0x0000000085800000| Untracked 
|  51|0x0000000085900000, 0x0000000085900000, 0x0000000085a00000|  0%| F|  |TAMS 0x0000000085900000, 0x0000000085900000| Untracked 
|  52|0x0000000085a00000, 0x0000000085a00000, 0x0000000085b00000|  0%| F|  |TAMS 0x0000000085a00000, 0x0000000085a00000| Untracked 
|  53|0x0000000085b00000, 0x0000000085b00000, 0x0000000085c00000|  0%| F|  |TAMS 0x0000000085b00000, 0x0000000085b00000| Untracked 
|  54|0x0000000085c00000, 0x0000000085c00000, 0x0000000085d00000|  0%| F|  |TAMS 0x0000000085c00000, 0x0000000085c00000| Untracked 
|  55|0x0000000085d00000, 0x0000000085d00000, 0x0000000085e00000|  0%| F|  |TAMS 0x0000000085d00000, 0x0000000085d00000| Untracked 
|  56|0x0000000085e00000, 0x0000000085e00000, 0x0000000085f00000|  0%| F|  |TAMS 0x0000000085e00000, 0x0000000085e00000| Untracked 
|  57|0x0000000085f00000, 0x0000000085f00000, 0x0000000086000000|  0%| F|  |TAMS 0x0000000085f00000, 0x0000000085f00000| Untracked 
|  58|0x0000000086000000, 0x0000000086000000, 0x0000000086100000|  0%| F|  |TAMS 0x0000000086000000, 0x0000000086000000| Untracked 
|  59|0x0000000086100000, 0x0000000086100000, 0x0000000086200000|  0%| F|  |TAMS 0x0000000086100000, 0x0000000086100000| Untracked 
|  60|0x0000000086200000, 0x0000000086200000, 0x0000000086300000|  0%| F|  |TAMS 0x0000000086200000, 0x0000000086200000| Untracked 
|  61|0x0000000086300000, 0x0000000086300000, 0x0000000086400000|  0%| F|  |TAMS 0x0000000086300000, 0x0000000086300000| Untracked 
|  62|0x0000000086400000, 0x0000000086400000, 0x0000000086500000|  0%| F|  |TAMS 0x0000000086400000, 0x0000000086400000| Untracked 
|  63|0x0000000086500000, 0x0000000086500000, 0x0000000086600000|  0%| F|  |TAMS 0x0000000086500000, 0x0000000086500000| Untracked 
|  64|0x0000000086600000, 0x0000000086600000, 0x0000000086700000|  0%| F|  |TAMS 0x0000000086600000, 0x0000000086600000| Untracked 
|  65|0x0000000086700000, 0x0000000086700000, 0x0000000086800000|  0%| F|  |TAMS 0x0000000086700000, 0x0000000086700000| Untracked 
|  66|0x0000000086800000, 0x0000000086800000, 0x0000000086900000|  0%| F|  |TAMS 0x0000000086800000, 0x0000000086800000| Untracked 
|  67|0x0000000086900000, 0x0000000086900000, 0x0000000086a00000|  0%| F|  |TAMS 0x0000000086900000, 0x0000000086900000| Untracked 
|  68|0x0000000086a00000, 0x0000000086a00000, 0x0000000086b00000|  0%| F|  |TAMS 0x0000000086a00000, 0x0000000086a00000| Untracked 
|  69|0x0000000086b00000, 0x0000000086b00000, 0x0000000086c00000|  0%| F|  |TAMS 0x0000000086b00000, 0x0000000086b00000| Untracked 
|  70|0x0000000086c00000, 0x0000000086c00000, 0x0000000086d00000|  0%| F|  |TAMS 0x0000000086c00000, 0x0000000086c00000| Untracked 
|  71|0x0000000086d00000, 0x0000000086d00000, 0x0000000086e00000|  0%| F|  |TAMS 0x0000000086d00000, 0x0000000086d00000| Untracked 
|  72|0x0000000086e00000, 0x0000000086e00000, 0x0000000086f00000|  0%| F|  |TAMS 0x0000000086e00000, 0x0000000086e00000| Untracked 
|  73|0x0000000086f00000, 0x0000000086f00000, 0x0000000087000000|  0%| F|  |TAMS 0x0000000086f00000, 0x0000000086f00000| Untracked 
|  74|0x0000000087000000, 0x0000000087000000, 0x0000000087100000|  0%| F|  |TAMS 0x0000000087000000, 0x0000000087000000| Untracked 
|  75|0x0000000087100000, 0x0000000087100000, 0x0000000087200000|  0%| F|  |TAMS 0x0000000087100000, 0x0000000087100000| Untracked 
|  76|0x0000000087200000, 0x0000000087200000, 0x0000000087300000|  0%| F|  |TAMS 0x0000000087200000, 0x0000000087200000| Untracked 
|  77|0x0000000087300000, 0x0000000087300000, 0x0000000087400000|  0%| F|  |TAMS 0x0000000087300000, 0x0000000087300000| Untracked 
|  78|0x0000000087400000, 0x0000000087400000, 0x0000000087500000|  0%| F|  |TAMS 0x0000000087400000, 0x0000000087400000| Untracked 
|  79|0x0000000087500000, 0x0000000087500000, 0x0000000087600000|  0%| F|  |TAMS 0x0000000087500000, 0x0000000087500000| Untracked 
|  80|0x0000000087600000, 0x0000000087600000, 0x0000000087700000|  0%| F|  |TAMS 0x0000000087600000, 0x0000000087600000| Untracked 
|  81|0x0000000087700000, 0x0000000087700000, 0x0000000087800000|  0%| F|  |TAMS 0x0000000087700000, 0x0000000087700000| Untracked 
|  82|0x0000000087800000, 0x0000000087800000, 0x0000000087900000|  0%| F|  |TAMS 0x0000000087800000, 0x0000000087800000| Untracked 
|  83|0x0000000087900000, 0x0000000087900000, 0x0000000087a00000|  0%| F|  |TAMS 0x0000000087900000, 0x0000000087900000| Untracked 
|  84|0x0000000087a00000, 0x0000000087a00000, 0x0000000087b00000|  0%| F|  |TAMS 0x0000000087a00000, 0x0000000087a00000| Untracked 
|  85|0x0000000087b00000, 0x0000000087b00000, 0x0000000087c00000|  0%| F|  |TAMS 0x0000000087b00000, 0x0000000087b00000| Untracked 
|  86|0x0000000087c00000, 0x0000000087c00000, 0x0000000087d00000|  0%| F|  |TAMS 0x0000000087c00000, 0x0000000087c00000| Untracked 
|  87|0x0000000087d00000, 0x0000000087d00000, 0x0000000087e00000|  0%| F|  |TAMS 0x0000000087d00000, 0x0000000087d00000| Untracked 
|  88|0x0000000087e00000, 0x0000000087e00000, 0x0000000087f00000|  0%| F|  |TAMS 0x0000000087e00000, 0x0000000087e00000| Untracked 
|  89|0x0000000087f00000, 0x0000000087f00000, 0x0000000088000000|  0%| F|  |TAMS 0x0000000087f00000, 0x0000000087f00000| Untracked 
|  90|0x0000000088000000, 0x0000000088000000, 0x0000000088100000|  0%| F|  |TAMS 0x0000000088000000, 0x0000000088000000| Untracked 
|  91|0x0000000088100000, 0x0000000088100000, 0x0000000088200000|  0%| F|  |TAMS 0x0000000088100000, 0x0000000088100000| Untracked 
|  92|0x0000000088200000, 0x0000000088200000, 0x0000000088300000|  0%| F|  |TAMS 0x0000000088200000, 0x0000000088200000| Untracked 
|  93|0x0000000088300000, 0x0000000088300000, 0x0000000088400000|  0%| F|  |TAMS 0x0000000088300000, 0x0000000088300000| Untracked 
|  94|0x0000000088400000, 0x0000000088400000, 0x0000000088500000|  0%| F|  |TAMS 0x0000000088400000, 0x0000000088400000| Untracked 
|  95|0x0000000088500000, 0x0000000088500000, 0x0000000088600000|  0%| F|  |TAMS 0x0000000088500000, 0x0000000088500000| Untracked 
|  96|0x0000000088600000, 0x0000000088600000, 0x0000000088700000|  0%| F|  |TAMS 0x0000000088600000, 0x0000000088600000| Untracked 
|  97|0x0000000088700000, 0x0000000088700000, 0x0000000088800000|  0%| F|  |TAMS 0x0000000088700000, 0x0000000088700000| Untracked 
|  98|0x0000000088800000, 0x0000000088800000, 0x0000000088900000|  0%| F|  |TAMS 0x0000000088800000, 0x0000000088800000| Untracked 
|  99|0x0000000088900000, 0x0000000088900000, 0x0000000088a00000|  0%| F|  |TAMS 0x0000000088900000, 0x0000000088900000| Untracked 
| 100|0x0000000088a00000, 0x0000000088a00000, 0x0000000088b00000|  0%| F|  |TAMS 0x0000000088a00000, 0x0000000088a00000| Untracked 
| 101|0x0000000088b00000, 0x0000000088b00000, 0x0000000088c00000|  0%| F|  |TAMS 0x0000000088b00000, 0x0000000088b00000| Untracked 
| 102|0x0000000088c00000, 0x0000000088c00800, 0x0000000088d00000|  0%| E|  |TAMS 0x0000000088c00000, 0x0000000088c00000| Complete 
| 103|0x0000000088d00000, 0x0000000088e00000, 0x0000000088e00000|100%| E|CS|TAMS 0x0000000088d00000, 0x0000000088d00000| Complete 
| 104|0x0000000088e00000, 0x0000000088f00000, 0x0000000088f00000|100%| E|CS|TAMS 0x0000000088e00000, 0x0000000088e00000| Complete 
| 105|0x0000000088f00000, 0x0000000089000000, 0x0000000089000000|100%| E|CS|TAMS 0x0000000088f00000, 0x0000000088f00000| Complete 
| 106|0x0000000089000000, 0x0000000089100000, 0x0000000089100000|100%| E|CS|TAMS 0x0000000089000000, 0x0000000089000000| Complete 
| 107|0x0000000089100000, 0x000000008915f2a0, 0x0000000089200000| 37%| S|CS|TAMS 0x0000000089100000, 0x0000000089100000| Complete 
| 108|0x0000000089200000, 0x0000000089300000, 0x0000000089300000|100%| S|CS|TAMS 0x0000000089200000, 0x0000000089200000| Complete 
| 109|0x0000000089300000, 0x0000000089400000, 0x0000000089400000|100%| E|CS|TAMS 0x0000000089300000, 0x0000000089300000| Complete 
| 110|0x0000000089400000, 0x0000000089500000, 0x0000000089500000|100%| E|CS|TAMS 0x0000000089400000, 0x0000000089400000| Complete 
| 111|0x0000000089500000, 0x0000000089600000, 0x0000000089600000|100%| E|CS|TAMS 0x0000000089500000, 0x0000000089500000| Complete 
| 112|0x0000000089600000, 0x0000000089700000, 0x0000000089700000|100%| E|CS|TAMS 0x0000000089600000, 0x0000000089600000| Complete 
| 113|0x0000000089700000, 0x0000000089800000, 0x0000000089800000|100%| E|CS|TAMS 0x0000000089700000, 0x0000000089700000| Complete 
| 114|0x0000000089800000, 0x0000000089900000, 0x0000000089900000|100%| E|CS|TAMS 0x0000000089800000, 0x0000000089800000| Complete 
| 115|0x0000000089900000, 0x0000000089a00000, 0x0000000089a00000|100%| E|CS|TAMS 0x0000000089900000, 0x0000000089900000| Complete 
| 116|0x0000000089a00000, 0x0000000089b00000, 0x0000000089b00000|100%| E|CS|TAMS 0x0000000089a00000, 0x0000000089a00000| Complete 
| 117|0x0000000089b00000, 0x0000000089c00000, 0x0000000089c00000|100%| E|CS|TAMS 0x0000000089b00000, 0x0000000089b00000| Complete 
| 118|0x0000000089c00000, 0x0000000089d00000, 0x0000000089d00000|100%| E|CS|TAMS 0x0000000089c00000, 0x0000000089c00000| Complete 
| 119|0x0000000089d00000, 0x0000000089e00000, 0x0000000089e00000|100%| E|CS|TAMS 0x0000000089d00000, 0x0000000089d00000| Complete 
| 120|0x0000000089e00000, 0x0000000089f00000, 0x0000000089f00000|100%| E|CS|TAMS 0x0000000089e00000, 0x0000000089e00000| Complete 
| 121|0x0000000089f00000, 0x000000008a000000, 0x000000008a000000|100%| E|  |TAMS 0x0000000089f00000, 0x0000000089f00000| Complete 
| 122|0x000000008a000000, 0x000000008a100000, 0x000000008a100000|100%| E|CS|TAMS 0x000000008a000000, 0x000000008a000000| Complete 
| 123|0x000000008a100000, 0x000000008a200000, 0x000000008a200000|100%| E|CS|TAMS 0x000000008a100000, 0x000000008a100000| Complete 
| 124|0x000000008a200000, 0x000000008a300000, 0x000000008a300000|100%| E|CS|TAMS 0x000000008a200000, 0x000000008a200000| Complete 
| 125|0x000000008a300000, 0x000000008a400000, 0x000000008a400000|100%| E|CS|TAMS 0x000000008a300000, 0x000000008a300000| Complete 

Card table byte_map: [0x000001f6fc110000,0x000001f6fc500000] _byte_map_base: 0x000001f6fbcfd000

Marking Bits (Prev, Next): (CMBitMap*) 0x000001f6f9ed72b0, (CMBitMap*) 0x000001f6f9ed72f0
 Prev Bits: [0x000001f6fc8f0000, 0x000001f6fe858000)
 Next Bits: [0x000001f696e90000, 0x000001f698df8000)

Polling page: 0x000001f6f9cb0000

Metaspace:

Usage:
  Non-class:     10.10 MB used.
      Class:      1.60 MB used.
       Both:     11.70 MB used.

Virtual space:
  Non-class space:       64.00 MB reserved,      10.25 MB ( 16%) committed,  1 nodes.
      Class space:        1.00 GB reserved,       1.69 MB ( <1%) committed,  1 nodes.
             Both:        1.06 GB reserved,      11.94 MB (  1%) committed. 

Chunk freelists:
   Non-Class:  608.00 KB
       Class:  2.32 MB
        Both:  2.92 MB

MaxMetaspaceSize: unlimited
CompressedClassSpaceSize: 1.00 GB
Initial GC threshold: 21.00 MB
Current GC threshold: 21.00 MB
CDS: on
MetaspaceReclaimPolicy: balanced
 - commit_granule_bytes: 65536.
 - commit_granule_words: 8192.
 - virtual_space_node_default_size: 8388608.
 - enlarge_chunks_in_place: 1.
 - new_chunks_are_fully_committed: 0.
 - uncommit_free_chunks: 1.
 - use_allocation_guard: 0.


Internal statistics:

num_allocs_failed_limit: 0.
num_arena_births: 226.
num_arena_deaths: 0.
num_vsnodes_births: 2.
num_vsnodes_deaths: 0.
num_space_committed: 191.
num_space_uncommitted: 0.
num_chunks_returned_to_freelist: 0.
num_chunks_taken_from_freelist: 617.
num_chunk_merges: 0.
num_chunk_splits: 430.
num_chunks_enlarged: 339.
num_inconsistent_stats: 0.

CodeHeap 'non-profiled nmethods': size=120000Kb used=693Kb max_used=693Kb free=119306Kb
 bounds [0x000001f68f960000, 0x000001f68fbd0000, 0x000001f696e90000]
CodeHeap 'profiled nmethods': size=120000Kb used=3165Kb max_used=3165Kb free=116834Kb
 bounds [0x000001f687e90000, 0x000001f6881b0000, 0x000001f68f3c0000]
CodeHeap 'non-nmethods': size=5760Kb used=1496Kb max_used=1530Kb free=4263Kb
 bounds [0x000001f68f3c0000, 0x000001f68f630000, 0x000001f68f960000]
 total_blobs=2734 nmethods=1956 adapters=688
 compilation: enabled
              stopped_count=0, restarted_count=0
 full_count=0

Compilation events (20 events):
Event: 4.779 Thread 0x000001f6fee54870 1948   !   3       com.sun.javafx.tk.quantum.QuantumToolkit::lambda$runToolkit$12 (16 bytes)
Event: 4.779 Thread 0x000001f6fee54870 nmethod 1948 0x000001f6881a3d90 code [0x000001f6881a3f60, 0x000001f6881a4288]
Event: 4.790 Thread 0x000001f6fee54870 1949       3       javafx.scene.input.MouseEvent::copyFor (7 bytes)
Event: 4.790 Thread 0x000001f6fee54870 nmethod 1949 0x000001f6881a4410 code [0x000001f6881a45c0, 0x000001f6881a4788]
Event: 4.880 Thread 0x000001f6fee54870 1950       3       com.sun.javafx.tk.Toolkit::isFxUserThread (15 bytes)
Event: 4.880 Thread 0x000001f6fee54870 nmethod 1950 0x000001f6881a4810 code [0x000001f6881a49c0, 0x000001f6881a4b58]
Event: 5.026 Thread 0x000001f6fee54870 1951       3       java.util.EnumMap::get (29 bytes)
Event: 5.027 Thread 0x000001f6fee54870 nmethod 1951 0x000001f6881a4c10 code [0x000001f6881a4de0, 0x000001f6881a51a8]
Event: 5.027 Thread 0x000001f6fee54870 1952       3       java.util.EnumMap::isValidKey (36 bytes)
Event: 5.027 Thread 0x000001f6fee54870 nmethod 1952 0x000001f6881a5310 code [0x000001f6881a54c0, 0x000001f6881a5748]
Event: 5.027 Thread 0x000001f6fee54870 1953       1       com.sun.javafx.stage.WindowEventDispatcher::getLastDispatcher (5 bytes)
Event: 5.027 Thread 0x000001f6fee54870 nmethod 1953 0x000001f68fa0d010 code [0x000001f68fa0d1a0, 0x000001f68fa0d258]
Event: 5.082 Thread 0x000001f6fee54870 1954       1       com.sun.javafx.scene.SceneEventDispatcher::getLastDispatcher (5 bytes)
Event: 5.082 Thread 0x000001f6fee54870 nmethod 1954 0x000001f68fa0d310 code [0x000001f68fa0d4a0, 0x000001f68fa0d558]
Event: 5.791 Thread 0x000001f6fee54870 1955       3       java.util.concurrent.locks.ReentrantLock::isHeldByCurrentThread (8 bytes)
Event: 5.792 Thread 0x000001f6fee54870 nmethod 1955 0x000001f6881a5810 code [0x000001f6881a59c0, 0x000001f6881a5bb8]
Event: 5.814 Thread 0x000001f6fee54870 1956   !   3       com.sun.javafx.tk.quantum.QuantumToolkit::runWithoutRenderLock (49 bytes)
Event: 5.815 Thread 0x000001f6fee54870 nmethod 1956 0x000001f6881a5c90 code [0x000001f6881a5f00, 0x000001f6881a6b68]
Event: 6.444 Thread 0x000001f6fee54870 1957       3       com.sun.glass.ui.Window::getScreen (8 bytes)
Event: 6.445 Thread 0x000001f6fee54870 nmethod 1957 0x000001f6881a6f10 code [0x000001f6881a70e0, 0x000001f6881a7438]

GC Heap History (4 events):
Event: 0.473 GC heap before
{Heap before GC invocations=0 (full 0):
 garbage-first heap   total 129024K, used 12288K [0x0000000082600000, 0x0000000100000000)
  region size 1024K, 13 young (13312K), 0 survivors (0K)
 Metaspace       used 1716K, committed 1856K, reserved 1114112K
  class space    used 160K, committed 256K, reserved 1048576K
}
Event: 0.476 GC heap after
{Heap after GC invocations=1 (full 0):
 garbage-first heap   total 129024K, used 4535K [0x0000000082600000, 0x0000000100000000)
  region size 1024K, 2 young (2048K), 2 survivors (2048K)
 Metaspace       used 1716K, committed 1856K, reserved 1114112K
  class space    used 160K, committed 256K, reserved 1048576K
}
Event: 0.815 GC heap before
{Heap before GC invocations=1 (full 0):
 garbage-first heap   total 129024K, used 18871K [0x0000000082600000, 0x0000000100000000)
  region size 1024K, 17 young (17408K), 2 survivors (2048K)
 Metaspace       used 6443K, committed 6720K, reserved 1114112K
  class space    used 818K, committed 960K, reserved 1048576K
}
Event: 0.820 GC heap after
{Heap after GC invocations=2 (full 0):
 garbage-first heap   total 129024K, used 5914K [0x0000000082600000, 0x0000000100000000)
  region size 1024K, 2 young (2048K), 2 survivors (2048K)
 Metaspace       used 6443K, committed 6720K, reserved 1114112K
  class space    used 818K, committed 960K, reserved 1048576K
}

Dll operation events (20 events):
Event: 0.544 Loaded shared library C:\Users\tobia\OneDrive\Coding\javafx-sdk-19\bin\api-ms-win-crt-locale-l1-1-0.dll
Event: 0.546 Loaded shared library C:\Users\tobia\OneDrive\Coding\javafx-sdk-19\bin\api-ms-win-crt-math-l1-1-0.dll
Event: 0.547 Loaded shared library C:\Users\tobia\OneDrive\Coding\javafx-sdk-19\bin\api-ms-win-crt-multibyte-l1-1-0.dll
Event: 0.549 Loaded shared library C:\Users\tobia\OneDrive\Coding\javafx-sdk-19\bin\api-ms-win-crt-private-l1-1-0.dll
Event: 0.550 Loaded shared library C:\Users\tobia\OneDrive\Coding\javafx-sdk-19\bin\api-ms-win-crt-process-l1-1-0.dll
Event: 0.552 Loaded shared library C:\Users\tobia\OneDrive\Coding\javafx-sdk-19\bin\api-ms-win-crt-runtime-l1-1-0.dll
Event: 0.554 Loaded shared library C:\Users\tobia\OneDrive\Coding\javafx-sdk-19\bin\api-ms-win-crt-stdio-l1-1-0.dll
Event: 0.555 Loaded shared library C:\Users\tobia\OneDrive\Coding\javafx-sdk-19\bin\api-ms-win-crt-string-l1-1-0.dll
Event: 0.557 Loaded shared library C:\Users\tobia\OneDrive\Coding\javafx-sdk-19\bin\api-ms-win-crt-time-l1-1-0.dll
Event: 0.558 Loaded shared library C:\Users\tobia\OneDrive\Coding\javafx-sdk-19\bin\api-ms-win-crt-utility-l1-1-0.dll
Event: 0.560 Loaded shared library C:\Users\tobia\OneDrive\Coding\javafx-sdk-19\bin\ucrtbase.dll
Event: 0.562 Loaded shared library C:\Users\tobia\OneDrive\Coding\javafx-sdk-19\bin\vcruntime140.dll
Event: 0.563 Loaded shared library C:\Users\tobia\OneDrive\Coding\javafx-sdk-19\bin\vcruntime140_1.dll
Event: 0.566 Loaded shared library C:\Users\tobia\OneDrive\Coding\javafx-sdk-19\bin\msvcp140.dll
Event: 0.568 Loaded shared library C:\Users\tobia\OneDrive\Coding\javafx-sdk-19\bin\msvcp140_1.dll
Event: 0.569 Loaded shared library C:\Users\tobia\OneDrive\Coding\javafx-sdk-19\bin\msvcp140_2.dll
Event: 0.599 Loaded shared library C:\Users\tobia\OneDrive\Coding\javafx-sdk-19\bin\prism_d3d.dll
Event: 0.632 Loaded shared library C:\Users\tobia\OneDrive\Coding\javafx-sdk-19\bin\glass.dll
Event: 0.767 Loaded shared library C:\Users\tobia\.jdks\openjdk-19.0.1\bin\jimage.dll
Event: 0.780 Loaded shared library C:\Users\tobia\OneDrive\Coding\javafx-sdk-19\bin\javafx_font.dll

Deoptimization events (20 events):
Event: 1.112 Thread 0x000001f6fee363f0 Uncommon trap: trap_request=0xffffffc6 fr.pc=0x000001f68f9b56fc relative=0x00000000000002bc
Event: 1.112 Thread 0x000001f6fee363f0 Uncommon trap: reason=bimorphic_or_optimized_type_check action=maybe_recompile pc=0x000001f68f9b56fc method=java.util.concurrent.ConcurrentHashMap.get(Ljava/lang/Object;)Ljava/lang/Object; @ 149 c2
Event: 1.112 Thread 0x000001f6fee363f0 DEOPT PACKING pc=0x000001f68f9b56fc sp=0x000000bb75cfe100
Event: 1.112 Thread 0x000001f6fee363f0 DEOPT UNPACKING pc=0x000001f68f426da3 sp=0x000000bb75cfe070 mode 2
Event: 1.112 Thread 0x000001f6fee363f0 Uncommon trap: trap_request=0xffffffc6 fr.pc=0x000001f68f9b56fc relative=0x00000000000002bc
Event: 1.112 Thread 0x000001f6fee363f0 Uncommon trap: reason=bimorphic_or_optimized_type_check action=maybe_recompile pc=0x000001f68f9b56fc method=java.util.concurrent.ConcurrentHashMap.get(Ljava/lang/Object;)Ljava/lang/Object; @ 149 c2
Event: 1.112 Thread 0x000001f6fee363f0 DEOPT PACKING pc=0x000001f68f9b56fc sp=0x000000bb75cfe100
Event: 1.112 Thread 0x000001f6fee363f0 DEOPT UNPACKING pc=0x000001f68f426da3 sp=0x000000bb75cfe070 mode 2
Event: 1.112 Thread 0x000001f6fee363f0 Uncommon trap: trap_request=0xffffffc6 fr.pc=0x000001f68f9b56fc relative=0x00000000000002bc
Event: 1.112 Thread 0x000001f6fee363f0 Uncommon trap: reason=bimorphic_or_optimized_type_check action=maybe_recompile pc=0x000001f68f9b56fc method=java.util.concurrent.ConcurrentHashMap.get(Ljava/lang/Object;)Ljava/lang/Object; @ 149 c2
Event: 1.112 Thread 0x000001f6fee363f0 DEOPT PACKING pc=0x000001f68f9b56fc sp=0x000000bb75cfe100
Event: 1.112 Thread 0x000001f6fee363f0 DEOPT UNPACKING pc=0x000001f68f426da3 sp=0x000000bb75cfe070 mode 2
Event: 1.112 Thread 0x000001f6fee363f0 Uncommon trap: trap_request=0xffffffc6 fr.pc=0x000001f68f9b56fc relative=0x00000000000002bc
Event: 1.112 Thread 0x000001f6fee363f0 Uncommon trap: reason=bimorphic_or_optimized_type_check action=maybe_recompile pc=0x000001f68f9b56fc method=java.util.concurrent.ConcurrentHashMap.get(Ljava/lang/Object;)Ljava/lang/Object; @ 149 c2
Event: 1.112 Thread 0x000001f6fee363f0 DEOPT PACKING pc=0x000001f68f9b56fc sp=0x000000bb75cfe100
Event: 1.112 Thread 0x000001f6fee363f0 DEOPT UNPACKING pc=0x000001f68f426da3 sp=0x000000bb75cfe070 mode 2
Event: 1.119 Thread 0x000001f6fee363f0 Uncommon trap: trap_request=0xffffff45 fr.pc=0x000001f68f9b8c7c relative=0x000000000000015c
Event: 1.119 Thread 0x000001f6fee363f0 Uncommon trap: reason=unstable_if action=reinterpret pc=0x000001f68f9b8c7c method=java.util.concurrent.locks.ReentrantLock$NonfairSync.initialTryLock()Z @ 10 c2
Event: 1.119 Thread 0x000001f6fee363f0 DEOPT PACKING pc=0x000001f68f9b8c7c sp=0x000000bb75cfeda0
Event: 1.119 Thread 0x000001f6fee363f0 DEOPT UNPACKING pc=0x000001f68f426da3 sp=0x000000bb75cfed48 mode 2

Classes loaded (20 events):
Event: 1.178 Loading class java/nio/DirectFloatBufferU
Event: 1.178 Loading class java/nio/DirectFloatBufferU done
Event: 1.186 Loading class java/lang/ArrayIndexOutOfBoundsException
Event: 1.187 Loading class java/lang/ArrayIndexOutOfBoundsException done
Event: 1.191 Loading class java/util/concurrent/ConcurrentLinkedQueue
Event: 1.191 Loading class java/util/concurrent/ConcurrentLinkedQueue done
Event: 1.191 Loading class java/util/concurrent/ConcurrentLinkedQueue$Node
Event: 1.191 Loading class java/util/concurrent/ConcurrentLinkedQueue$Node done
Event: 1.193 Loading class jdk/internal/ref/CleanerImpl$InnocuousThreadFactory
Event: 1.193 Loading class jdk/internal/ref/CleanerImpl$InnocuousThreadFactory done
Event: 1.198 Loading class sun/misc/Unsafe
Event: 1.198 Loading class sun/misc/Unsafe done
Event: 1.199 Loading class java/lang/invoke/DirectMethodHandle$StaticAccessor
Event: 1.199 Loading class java/lang/invoke/DirectMethodHandle$StaticAccessor done
Event: 2.476 Loading class java/io/UnsupportedEncodingException
Event: 2.476 Loading class java/io/UnsupportedEncodingException done
Event: 8.358 Loading class jdk/internal/misc/Signal$1
Event: 8.358 Loading class jdk/internal/misc/Signal$1 done
Event: 8.360 Loading class java/util/LinkedList$ListItr
Event: 8.361 Loading class java/util/LinkedList$ListItr done

Classes unloaded (0 events):
No events

Classes redefined (0 events):
No events

Internal exceptions (20 events):
Event: 0.734 Thread 0x000001f6a05a2de0 Exception <a 'java/lang/NullPointerException'{0x0000000089afeda8}> (0x0000000089afeda8) 
thrown [s\open\src\hotspot\share\interpreter\linkResolver.cpp, line 1374]
Event: 0.799 Thread 0x000001f6a05a2de0 Implicit null exception at 0x000001f68f9aa260 to 0x000001f68f9aacc0
Event: 0.866 Thread 0x000001f6a05a2de0 Exception <a 'java/lang/ClassNotFoundException'{0x000000008a037fa8}: com/sun/glass/ui/win/themes> (0x000000008a037fa8) 
thrown [s\open\src\hotspot\share\prims\jni.cpp, line 536]
Event: 0.867 Thread 0x000001f6a05a2de0 Exception <a 'java/lang/ClassNotFoundException'{0x000000008a043e68}: com/sun/glass/ui/win/themes_en> (0x000000008a043e68) 
thrown [s\open\src\hotspot\share\prims\jni.cpp, line 536]
Event: 0.868 Thread 0x000001f6a05a2de0 Exception <a 'java/lang/ClassNotFoundException'{0x000000008a04c048}: com/sun/glass/ui/win/themes_en_GB> (0x000000008a04c048) 
thrown [s\open\src\hotspot\share\prims\jni.cpp, line 536]
Event: 0.919 Thread 0x000001f6a05a2de0 Exception <a 'java/lang/NoSuchMethodError'{0x0000000089d89228}: 'void java.lang.invoke.DirectMethodHandle$Holder.invokeStaticInit(java.lang.Object, java.lang.Object)'> (0x0000000089d89228) 
thrown [s\open\src\hotspot\share\interpreter\linkResolver.cpp, line 774]
Event: 0.999 Thread 0x000001f6a05a2de0 Implicit null exception at 0x000001f68f9bcc12 to 0x000001f68f9bd2c0
Event: 1.017 Thread 0x000001f6a05a2de0 Implicit null exception at 0x000001f68f981c2c to 0x000001f68f981e10
Event: 1.055 Thread 0x000001f6a05a2de0 Exception <a 'java/lang/NoSuchMethodError'{0x00000000898c1378}: 'java.lang.Object java.lang.invoke.DirectMethodHandle$Holder.invokeInterface(java.lang.Object, java.lang.Object, java.lang.Object)'> (0x00000000898c1378) 
thrown [s\open\src\hotspot\share\interpreter\linkResolver.cpp, line 774]
Event: 1.055 Thread 0x000001f6a05a2de0 Exception <a 'java/lang/IncompatibleClassChangeError'{0x00000000898c4d08}: Found class java.lang.Object, but interface was expected> (0x00000000898c4d08) 
thrown [s\open\src\hotspot\share\interpreter\linkResolver.cpp, line 841]
Event: 1.094 Thread 0x000001f6a05a2de0 Exception <a 'java/lang/NoSuchMethodError'{0x00000000897e7ef8}: 'int java.lang.invoke.DirectMethodHandle$Holder.invokeSpecial(java.lang.Object, java.lang.Object, int)'> (0x00000000897e7ef8) 
thrown [s\open\src\hotspot\share\interpreter\linkResolver.cpp, line 774]
Event: 1.094 Thread 0x000001f6a05a2de0 Exception <a 'java/lang/NoSuchMethodError'{0x00000000897efdb8}: 'int java.lang.invoke.DirectMethodHandle$Holder.invokeSpecial(java.lang.Object, java.lang.Object, java.lang.Object, int)'> (0x00000000897efdb8) 
thrown [s\open\src\hotspot\share\interpreter\linkResolver.cpp, line 774]
Event: 1.096 Thread 0x000001f6a05a2de0 Exception <a 'java/lang/NoSuchMethodError'{0x0000000089650d08}: 'java.lang.Object java.lang.invoke.DirectMethodHandle$Holder.invokeStatic(java.lang.Object, java.lang.Object, java.lang.Object, java.lang.Object, int)'> (0x0000000089650d08) 
thrown [s\open\src\hotspot\share\interpreter\linkResolver.cpp, line 774]
Event: 1.109 Thread 0x000001f6a05a2de0 Exception <a 'java/lang/NoSuchMethodError'{0x0000000089659738}: 'int java.lang.invoke.DirectMethodHandle$Holder.invokeSpecial(java.lang.Object, java.lang.Object, java.lang.Object)'> (0x0000000089659738) 
thrown [s\open\src\hotspot\share\interpreter\linkResolver.cpp, line 774]
Event: 1.133 Thread 0x000001f6a05a2de0 Exception <a 'java/lang/NoSuchMethodError'{0x00000000895c10a0}: 'java.lang.Object java.lang.invoke.DirectMethodHandle$Holder.newInvokeSpecial(java.lang.Object, java.lang.Object, int)'> (0x00000000895c10a0) 
thrown [s\open\src\hotspot\share\interpreter\linkResolver.cpp, line 774]
Event: 1.152 Thread 0x000001f69f37f8d0 Exception <a 'java/lang/NoSuchMethodError'{0x0000000089460fb8}: 'int java.lang.invoke.DirectMethodHandle$Holder.invokeStaticInit(java.lang.Object, java.lang.Object)'> (0x0000000089460fb8) 
thrown [s\open\src\hotspot\share\interpreter\linkResolver.cpp, line 774]
Event: 2.508 Thread 0x000001f6a05a2de0 Exception <a 'java/lang/NoSuchMethodError'{0x0000000088ea1ab0}: 'long java.lang.invoke.DirectMethodHandle$Holder.invokeStatic(java.lang.Object, java.lang.Object, java.lang.Object)'> (0x0000000088ea1ab0) 
thrown [s\open\src\hotspot\share\interpreter\linkResolver.cpp, line 774]
Event: 2.509 Thread 0x000001f6a05a2de0 Exception <a 'java/lang/NoSuchMethodError'{0x0000000088ea53d8}: 'long java.lang.invoke.DirectMethodHandle$Holder.invokeStaticInit(java.lang.Object, java.lang.Object, java.lang.Object)'> (0x0000000088ea53d8) 
thrown [s\open\src\hotspot\share\interpreter\linkResolver.cpp, line 774]
Event: 2.511 Thread 0x000001f6a05a2de0 Exception <a 'java/lang/NoSuchMethodError'{0x0000000088ebddf8}: 'java.lang.Object java.lang.invoke.DirectMethodHandle$Holder.newInvokeSpecial(java.lang.Object, java.lang.Object, long)'> (0x0000000088ebddf8) 
thrown [s\open\src\hotspot\share\interpreter\linkResolver.cpp, line 774]
Event: 2.512 Thread 0x000001f6a05a2de0 Exception <a 'java/lang/NoSuchMethodError'{0x0000000088ec1980}: 'java.lang.Object java.lang.invoke.Invokers$Holder.linkToTargetMethod(java.lang.Object, long, java.lang.Object)'> (0x0000000088ec1980) 
thrown [s\open\src\hotspot\share\interpreter\linkResolver.cpp, line 774]

VM Operations (20 events):
Event: 0.412 Executing VM operation: HandshakeAllThreads done
Event: 0.473 Executing VM operation: G1CollectForAllocation
Event: 0.476 Executing VM operation: G1CollectForAllocation done
Event: 0.628 Executing VM operation: HandshakeAllThreads
Event: 0.628 Executing VM operation: HandshakeAllThreads done
Event: 0.814 Executing VM operation: G1CollectForAllocation
Event: 0.820 Executing VM operation: G1CollectForAllocation done
Event: 0.883 Executing VM operation: HandshakeAllThreads
Event: 0.883 Executing VM operation: HandshakeAllThreads done
Event: 1.130 Executing VM operation: ICBufferFull
Event: 1.130 Executing VM operation: ICBufferFull done
Event: 2.130 Executing VM operation: Cleanup
Event: 2.130 Executing VM operation: Cleanup done
Event: 3.131 Executing VM operation: Cleanup
Event: 3.131 Executing VM operation: Cleanup done
Event: 4.131 Executing VM operation: Cleanup
Event: 4.131 Executing VM operation: Cleanup done
Event: 6.132 Executing VM operation: Cleanup
Event: 6.132 Executing VM operation: Cleanup done
Event: 8.360 Executing VM operation: Exit

Events (20 events):
Event: 0.040 Thread 0x000001f6fee54870 Thread added: 0x000001f6fee54870
Event: 0.041 Thread 0x000001f69f018050 Thread added: 0x000001f69f018050
Event: 0.117 Thread 0x000001f69f07f8a0 Thread added: 0x000001f69f07f8a0
Event: 0.165 Thread 0x000001f69f2382f0 Thread added: 0x000001f69f2382f0
Event: 0.409 Thread 0x000001f69fb0b8f0 Thread added: 0x000001f69fb0b8f0
Event: 0.409 Thread 0x000001f69f973e20 Thread added: 0x000001f69f973e20
Event: 0.594 Thread 0x000001f69f37f8d0 Thread added: 0x000001f69f37f8d0
Event: 0.633 Thread 0x000001f6a05a0450 Thread added: 0x000001f6a05a0450
Event: 0.637 Thread 0x000001f6a05a2de0 Thread added: 0x000001f6a05a2de0
Event: 0.693 Thread 0x000001f69ff691e0 Thread added: 0x000001f69ff691e0
Event: 0.699 Thread 0x000001f6a0046d00 Thread added: 0x000001f6a0046d00
Event: 1.047 Thread 0x000001f6a00457c0 Thread added: 0x000001f6a00457c0
Event: 1.193 Thread 0x000001f6a0047250 Thread added: 0x000001f6a0047250
Event: 1.311 Thread 0x000001f69f2382f0 Thread exited: 0x000001f69f2382f0
Event: 8.358 Thread 0x000001f6a0045270 Thread added: 0x000001f6a0045270
Event: 8.358 Thread 0x000001f6a00477a0 Thread added: 0x000001f6a00477a0
Event: 8.358 Thread 0x000001f6a0044d20 Thread added: 0x000001f6a0044d20
Event: 8.359 Thread 0x000001f6a0044d20 Thread exited: 0x000001f6a0044d20
Event: 8.361 Thread 0x000001f6fee35500 Thread exited: 0x000001f6fee35500
Event: 8.361 Thread 0x000001f6a00477a0 Thread exited: 0x000001f6a00477a0


Dynamic libraries:
0x00007ff7d3e80000 - 0x00007ff7d3e8e000 	C:\Users\tobia\.jdks\openjdk-19.0.1\bin\java.exe
0x00007ffcb0530000 - 0x00007ffcb0728000 	C:\WINDOWS\SYSTEM32\ntdll.dll
0x00007ffcaecf0000 - 0x00007ffcaedaf000 	C:\WINDOWS\System32\KERNEL32.DLL
0x00007ffcadc10000 - 0x00007ffcadf06000 	C:\WINDOWS\System32\KERNELBASE.dll
0x00007ffcadf10000 - 0x00007ffcae010000 	C:\WINDOWS\System32\ucrtbase.dll
0x00007ffca7110000 - 0x00007ffca7127000 	C:\Users\tobia\.jdks\openjdk-19.0.1\bin\jli.dll
0x00007ffca7320000 - 0x00007ffca733b000 	C:\Users\tobia\.jdks\openjdk-19.0.1\bin\VCRUNTIME140.dll
0x00007ffcaef40000 - 0x00007ffcaf0dd000 	C:\WINDOWS\System32\USER32.dll
0x00007ffcae310000 - 0x00007ffcae332000 	C:\WINDOWS\System32\win32u.dll
0x00007ffca24d0000 - 0x00007ffca276a000 	C:\WINDOWS\WinSxS\amd64_microsoft.windows.common-controls_6595b64144ccf1df_6.0.19041.1110_none_60b5254171f9507e\COMCTL32.dll
0x00007ffcaffd0000 - 0x00007ffcafffc000 	C:\WINDOWS\System32\GDI32.dll
0x00007ffcae470000 - 0x00007ffcae585000 	C:\WINDOWS\System32\gdi32full.dll
0x00007ffcae270000 - 0x00007ffcae30d000 	C:\WINDOWS\System32\msvcp_win.dll
0x00007ffcae590000 - 0x00007ffcae62e000 	C:\WINDOWS\System32\msvcrt.dll
0x00007ffcaffa0000 - 0x00007ffcaffd0000 	C:\WINDOWS\System32\IMM32.DLL
0x00007ffca81f0000 - 0x00007ffca81fc000 	C:\Users\tobia\.jdks\openjdk-19.0.1\bin\vcruntime140_1.dll
0x00007ffc7a580000 - 0x00007ffc7a60e000 	C:\Users\tobia\.jdks\openjdk-19.0.1\bin\msvcp140.dll
0x00007ffc69d60000 - 0x00007ffc6aa20000 	C:\Users\tobia\.jdks\openjdk-19.0.1\bin\server\jvm.dll
0x00007ffcb0440000 - 0x00007ffcb04ef000 	C:\WINDOWS\System32\ADVAPI32.dll
0x00007ffcaf9e0000 - 0x00007ffcafa7c000 	C:\WINDOWS\System32\sechost.dll
0x00007ffcb0180000 - 0x00007ffcb02a6000 	C:\WINDOWS\System32\RPCRT4.dll
0x00007ffca1e70000 - 0x00007ffca1e79000 	C:\WINDOWS\SYSTEM32\WSOCK32.dll
0x00007ffc908b0000 - 0x00007ffc908d7000 	C:\WINDOWS\SYSTEM32\WINMM.dll
0x00007ffcafa80000 - 0x00007ffcafaeb000 	C:\WINDOWS\System32\WS2_32.dll
0x00007ffca6630000 - 0x00007ffca663a000 	C:\WINDOWS\SYSTEM32\VERSION.dll
0x00007ffcac460000 - 0x00007ffcac472000 	C:\WINDOWS\SYSTEM32\kernel.appcore.dll
0x00007ffca73d0000 - 0x00007ffca73da000 	C:\Users\tobia\.jdks\openjdk-19.0.1\bin\jimage.dll
0x00007ffcac250000 - 0x00007ffcac434000 	C:\WINDOWS\SYSTEM32\DBGHELP.DLL
0x00007ffca5760000 - 0x00007ffca5794000 	C:\WINDOWS\SYSTEM32\dbgcore.DLL
0x00007ffcae3e0000 - 0x00007ffcae462000 	C:\WINDOWS\System32\bcryptPrimitives.dll
0x00007ffca81e0000 - 0x00007ffca81ee000 	C:\Users\tobia\.jdks\openjdk-19.0.1\bin\instrument.dll
0x00007ffca14c0000 - 0x00007ffca14e6000 	C:\Users\tobia\.jdks\openjdk-19.0.1\bin\java.dll
0x00007ffc6f360000 - 0x00007ffc6f437000 	C:\Users\tobia\.jdks\openjdk-19.0.1\bin\jsvml.dll
0x00007ffcaf0e0000 - 0x00007ffcaf824000 	C:\WINDOWS\System32\SHELL32.dll
0x00007ffcab970000 - 0x00007ffcac103000 	C:\WINDOWS\SYSTEM32\windows.storage.dll
0x00007ffcafbb0000 - 0x00007ffcaff04000 	C:\WINDOWS\System32\combase.dll
0x00007ffcad670000 - 0x00007ffcad69e000 	C:\WINDOWS\SYSTEM32\Wldp.dll
0x00007ffcb02b0000 - 0x00007ffcb035d000 	C:\WINDOWS\System32\SHCORE.dll
0x00007ffcafb50000 - 0x00007ffcafba5000 	C:\WINDOWS\System32\shlwapi.dll
0x00007ffcadb50000 - 0x00007ffcadb6f000 	C:\WINDOWS\SYSTEM32\profapi.dll
0x00007ffca7060000 - 0x00007ffca7073000 	C:\Users\tobia\.jdks\openjdk-19.0.1\bin\net.dll
0x00007ffca4b70000 - 0x00007ffca4c7a000 	C:\WINDOWS\SYSTEM32\WINHTTP.dll
0x00007ffcad3d0000 - 0x00007ffcad43a000 	C:\WINDOWS\system32\mswsock.dll
0x00007ffca6fc0000 - 0x00007ffca6fd6000 	C:\Users\tobia\.jdks\openjdk-19.0.1\bin\nio.dll
0x00007ffca5f70000 - 0x00007ffca5f88000 	C:\Users\tobia\.jdks\openjdk-19.0.1\bin\zip.dll
0x00007ffca1e80000 - 0x00007ffca1e9a000 	C:\Program Files\JetBrains\IntelliJ IDEA 2022.2.1\bin\breakgen64.dll
0x00007ffca1e30000 - 0x00007ffca1e38000 	C:\Users\tobia\.jdks\openjdk-19.0.1\bin\extnet.dll
0x000001f69af20000 - 0x000001f69af23000 	C:\Users\tobia\OneDrive\Coding\javafx-sdk-19\bin\api-ms-win-core-console-l1-1-0.dll
0x000001f69af30000 - 0x000001f69af33000 	C:\Users\tobia\OneDrive\Coding\javafx-sdk-19\bin\api-ms-win-core-console-l1-2-0.dll
0x000001f69af40000 - 0x000001f69af43000 	C:\Users\tobia\OneDrive\Coding\javafx-sdk-19\bin\api-ms-win-core-datetime-l1-1-0.dll
0x000001f69af50000 - 0x000001f69af53000 	C:\Users\tobia\OneDrive\Coding\javafx-sdk-19\bin\api-ms-win-core-debug-l1-1-0.dll
0x000001f69af60000 - 0x000001f69af63000 	C:\Users\tobia\OneDrive\Coding\javafx-sdk-19\bin\api-ms-win-core-errorhandling-l1-1-0.dll
0x000001f69af70000 - 0x000001f69af74000 	C:\Users\tobia\OneDrive\Coding\javafx-sdk-19\bin\api-ms-win-core-file-l1-1-0.dll
0x000001f69af80000 - 0x000001f69af83000 	C:\Users\tobia\OneDrive\Coding\javafx-sdk-19\bin\api-ms-win-core-file-l1-2-0.dll
0x000001f69af90000 - 0x000001f69af93000 	C:\Users\tobia\OneDrive\Coding\javafx-sdk-19\bin\api-ms-win-core-file-l2-1-0.dll
0x000001f69afa0000 - 0x000001f69afa3000 	C:\Users\tobia\OneDrive\Coding\javafx-sdk-19\bin\api-ms-win-core-handle-l1-1-0.dll
0x000001f69afb0000 - 0x000001f69afb3000 	C:\Users\tobia\OneDrive\Coding\javafx-sdk-19\bin\api-ms-win-core-heap-l1-1-0.dll
0x000001f69afc0000 - 0x000001f69afc3000 	C:\Users\tobia\OneDrive\Coding\javafx-sdk-19\bin\api-ms-win-core-interlocked-l1-1-0.dll
0x000001f69afd0000 - 0x000001f69afd3000 	C:\Users\tobia\OneDrive\Coding\javafx-sdk-19\bin\api-ms-win-core-libraryloader-l1-1-0.dll
0x000001f69afe0000 - 0x000001f69afe3000 	C:\Users\tobia\OneDrive\Coding\javafx-sdk-19\bin\api-ms-win-core-localization-l1-2-0.dll
0x000001f69aff0000 - 0x000001f69aff3000 	C:\Users\tobia\OneDrive\Coding\javafx-sdk-19\bin\api-ms-win-core-memory-l1-1-0.dll
0x000001f6a0bd0000 - 0x000001f6a0bd3000 	C:\Users\tobia\OneDrive\Coding\javafx-sdk-19\bin\api-ms-win-core-namedpipe-l1-1-0.dll
0x000001f6a0be0000 - 0x000001f6a0be3000 	C:\Users\tobia\OneDrive\Coding\javafx-sdk-19\bin\api-ms-win-core-processenvironment-l1-1-0.dll
0x000001f6a0bf0000 - 0x000001f6a0bf3000 	C:\Users\tobia\OneDrive\Coding\javafx-sdk-19\bin\api-ms-win-core-processthreads-l1-1-0.dll
0x000001f6a0c00000 - 0x000001f6a0c03000 	C:\Users\tobia\OneDrive\Coding\javafx-sdk-19\bin\api-ms-win-core-processthreads-l1-1-1.dll
0x000001f6a0c10000 - 0x000001f6a0c13000 	C:\Users\tobia\OneDrive\Coding\javafx-sdk-19\bin\api-ms-win-core-profile-l1-1-0.dll
0x000001f6a0c20000 - 0x000001f6a0c23000 	C:\Users\tobia\OneDrive\Coding\javafx-sdk-19\bin\api-ms-win-core-rtlsupport-l1-1-0.dll
0x000001f6a0c30000 - 0x000001f6a0c33000 	C:\Users\tobia\OneDrive\Coding\javafx-sdk-19\bin\api-ms-win-core-string-l1-1-0.dll
0x000001f6a0c40000 - 0x000001f6a0c43000 	C:\Users\tobia\OneDrive\Coding\javafx-sdk-19\bin\api-ms-win-core-synch-l1-1-0.dll
0x000001f6a0c50000 - 0x000001f6a0c53000 	C:\Users\tobia\OneDrive\Coding\javafx-sdk-19\bin\api-ms-win-core-synch-l1-2-0.dll
0x000001f6a0c60000 - 0x000001f6a0c63000 	C:\Users\tobia\OneDrive\Coding\javafx-sdk-19\bin\api-ms-win-core-sysinfo-l1-1-0.dll
0x000001f6a0c70000 - 0x000001f6a0c73000 	C:\Users\tobia\OneDrive\Coding\javafx-sdk-19\bin\api-ms-win-core-timezone-l1-1-0.dll
0x000001f6a0c80000 - 0x000001f6a0c83000 	C:\Users\tobia\OneDrive\Coding\javafx-sdk-19\bin\api-ms-win-core-util-l1-1-0.dll
0x000001f6a0c90000 - 0x000001f6a0c93000 	C:\Users\tobia\OneDrive\Coding\javafx-sdk-19\bin\api-ms-win-crt-conio-l1-1-0.dll
0x000001f6a0ca0000 - 0x000001f6a0ca4000 	C:\Users\tobia\OneDrive\Coding\javafx-sdk-19\bin\api-ms-win-crt-convert-l1-1-0.dll
0x000001f6a0cb0000 - 0x000001f6a0cb3000 	C:\Users\tobia\OneDrive\Coding\javafx-sdk-19\bin\api-ms-win-crt-environment-l1-1-0.dll
0x000001f6a0cc0000 - 0x000001f6a0cc3000 	C:\Users\tobia\OneDrive\Coding\javafx-sdk-19\bin\api-ms-win-crt-filesystem-l1-1-0.dll
0x000001f6a0cd0000 - 0x000001f6a0cd3000 	C:\Users\tobia\OneDrive\Coding\javafx-sdk-19\bin\api-ms-win-crt-heap-l1-1-0.dll
0x000001f6a0ce0000 - 0x000001f6a0ce3000 	C:\Users\tobia\OneDrive\Coding\javafx-sdk-19\bin\api-ms-win-crt-locale-l1-1-0.dll
0x000001f6a0cf0000 - 0x000001f6a0cf5000 	C:\Users\tobia\OneDrive\Coding\javafx-sdk-19\bin\api-ms-win-crt-math-l1-1-0.dll
0x000001f6a0d00000 - 0x000001f6a0d05000 	C:\Users\tobia\OneDrive\Coding\javafx-sdk-19\bin\api-ms-win-crt-multibyte-l1-1-0.dll
0x000001f6a0d10000 - 0x000001f6a0d20000 	C:\Users\tobia\OneDrive\Coding\javafx-sdk-19\bin\api-ms-win-crt-private-l1-1-0.dll
0x000001f6a0d20000 - 0x000001f6a0d23000 	C:\Users\tobia\OneDrive\Coding\javafx-sdk-19\bin\api-ms-win-crt-process-l1-1-0.dll
0x000001f6a0d30000 - 0x000001f6a0d34000 	C:\Users\tobia\OneDrive\Coding\javafx-sdk-19\bin\api-ms-win-crt-runtime-l1-1-0.dll
0x000001f6a0d40000 - 0x000001f6a0d44000 	C:\Users\tobia\OneDrive\Coding\javafx-sdk-19\bin\api-ms-win-crt-stdio-l1-1-0.dll
0x000001f6a0d50000 - 0x000001f6a0d54000 	C:\Users\tobia\OneDrive\Coding\javafx-sdk-19\bin\api-ms-win-crt-string-l1-1-0.dll
0x000001f6a0d60000 - 0x000001f6a0d63000 	C:\Users\tobia\OneDrive\Coding\javafx-sdk-19\bin\api-ms-win-crt-time-l1-1-0.dll
0x000001f6a0d70000 - 0x000001f6a0d73000 	C:\Users\tobia\OneDrive\Coding\javafx-sdk-19\bin\api-ms-win-crt-utility-l1-1-0.dll
0x00007ffc6da80000 - 0x00007ffc6db7c000 	C:\Users\tobia\OneDrive\Coding\javafx-sdk-19\bin\ucrtbase.dll
0x00007ffca1300000 - 0x00007ffca131b000 	C:\Users\tobia\OneDrive\Coding\javafx-sdk-19\bin\vcruntime140.dll
0x00007ffca81b0000 - 0x00007ffca81bc000 	C:\Users\tobia\OneDrive\Coding\javafx-sdk-19\bin\vcruntime140_1.dll
0x00007ffc71130000 - 0x00007ffc711be000 	C:\Users\tobia\OneDrive\Coding\javafx-sdk-19\bin\msvcp140.dll
0x00007ffca73b0000 - 0x00007ffca73b9000 	C:\Users\tobia\OneDrive\Coding\javafx-sdk-19\bin\msvcp140_1.dll
0x00007ffc8c510000 - 0x00007ffc8c540000 	C:\Users\tobia\OneDrive\Coding\javafx-sdk-19\bin\msvcp140_2.dll
0x00007ffc8b610000 - 0x00007ffc8b63c000 	C:\Users\tobia\OneDrive\Coding\javafx-sdk-19\bin\prism_d3d.dll
0x00007ffc83c20000 - 0x00007ffc83ded000 	C:\WINDOWS\system32\d3d9.dll
0x00007ffcab4a0000 - 0x00007ffcab4cf000 	C:\WINDOWS\SYSTEM32\dwmapi.dll
0x00007ffcab2c0000 - 0x00007ffcab35e000 	C:\WINDOWS\system32\uxtheme.dll
0x00007ffc8bc40000 - 0x00007ffc8be0e000 	C:\WINDOWS\System32\DriverStore\FileRepository\igdlh64.inf_amd64_ba34b5e302b5992f\igdumdim64.dll
0x00007ffc9a4c0000 - 0x00007ffc9a5dd000 	C:\WINDOWS\System32\DriverStore\FileRepository\igdlh64.inf_amd64_ba34b5e302b5992f\igdgmm64.dll
0x00007ffc713f0000 - 0x00007ffc74fd2000 	C:\WINDOWS\System32\DriverStore\FileRepository\igdlh64.inf_amd64_ba34b5e302b5992f\igd9dxva64.dll
0x00007ffcae630000 - 0x00007ffcae75a000 	C:\WINDOWS\System32\OLE32.dll
0x00007ffcb00b0000 - 0x00007ffcb017d000 	C:\WINDOWS\System32\OLEAUT32.dll
0x00007ffc80820000 - 0x00007ffc80862000 	C:\Users\tobia\OneDrive\Coding\javafx-sdk-19\bin\glass.dll
0x00007ffcb0360000 - 0x00007ffcb043a000 	C:\WINDOWS\System32\COMDLG32.dll
0x00007ffcaebd0000 - 0x00007ffcaece4000 	C:\WINDOWS\System32\MSCTF.dll
0x00007ffc8bc10000 - 0x00007ffc8bc31000 	C:\WINDOWS\System32\DriverStore\FileRepository\igdlh64.inf_amd64_ba34b5e302b5992f\igdinfo64.dll
0x00007ffc98120000 - 0x00007ffc9a3c5000 	C:\WINDOWS\System32\DriverStore\FileRepository\igdlh64.inf_amd64_ba34b5e302b5992f\igc64.dll
0x00007ffc97bb0000 - 0x00007ffc97beb000 	C:\WINDOWS\SYSTEM32\dxcore.dll
0x00007ffcae170000 - 0x00007ffcae1be000 	C:\WINDOWS\System32\cfgmgr32.dll
0x00007ffc934c0000 - 0x00007ffc934d4000 	C:\Users\tobia\OneDrive\Coding\javafx-sdk-19\bin\javafx_font.dll
0x00007ffc9ce90000 - 0x00007ffc9d10f000 	C:\WINDOWS\SYSTEM32\dwrite.dll
0x00007ffcb0000000 - 0x00007ffcb00a9000 	C:\WINDOWS\System32\clbcatq.dll
0x00007ffca1620000 - 0x00007ffca17d4000 	C:\WINDOWS\SYSTEM32\WindowsCodecs.dll
0x00007ffcae340000 - 0x00007ffcae367000 	C:\WINDOWS\System32\bcrypt.dll
0x00007ffc7ec30000 - 0x00007ffc7ec6e000 	C:\WINDOWS\system32\dataexchange.dll
0x00007ffca9eb0000 - 0x00007ffcaa113000 	C:\WINDOWS\system32\d3d11.dll
0x00007ffcaa700000 - 0x00007ffcaa8e3000 	C:\WINDOWS\system32\dcomp.dll
0x00007ffcac510000 - 0x00007ffcac603000 	C:\WINDOWS\system32\dxgi.dll
0x00007ffca6650000 - 0x00007ffca6850000 	C:\WINDOWS\system32\twinapi.appcore.dll
0x00007ffc8a4b0000 - 0x00007ffc8a4e4000 	C:\Program Files\Common Files\Microsoft Shared\Ink\rtscom.dll
0x00007ffca0ec0000 - 0x00007ffca0fba000 	C:\WINDOWS\SYSTEM32\textinputframework.dll
0x00007ffcaac70000 - 0x00007ffcaafce000 	C:\WINDOWS\System32\CoreUIComponents.dll
0x00007ffcaafd0000 - 0x00007ffcab0c2000 	C:\WINDOWS\System32\CoreMessaging.dll
0x00007ffcacdc0000 - 0x00007ffcacdf3000 	C:\WINDOWS\SYSTEM32\ntmarta.dll
0x00007ffcaa5a0000 - 0x00007ffcaa6f4000 	C:\WINDOWS\SYSTEM32\wintypes.dll

dbghelp: loaded successfully - version: 4.0.5 - missing functions: none
symbol engine: initialized successfully - sym options: 0x614 - pdb path: .;C:\Users\tobia\.jdks\openjdk-19.0.1\bin;C:\WINDOWS\SYSTEM32;C:\WINDOWS\WinSxS\amd64_microsoft.windows.common-controls_6595b64144ccf1df_6.0.19041.1110_none_60b5254171f9507e;C:\Users\tobia\.jdks\openjdk-19.0.1\bin\server;C:\Program Files\JetBrains\IntelliJ IDEA 2022.2.1\bin;C:\Users\tobia\OneDrive\Coding\javafx-sdk-19\bin;C:\WINDOWS\System32\DriverStore\FileRepository\igdlh64.inf_amd64_ba34b5e302b5992f;C:\Program Files\Common Files\Microsoft Shared\Ink

VM Arguments:
jvm_args: --module-path=C:\Users\tobia\OneDrive\Coding\javafx-sdk-19\lib --add-modules=javafx.controls,javafx.fxml -javaagent:C:\Program Files\JetBrains\IntelliJ IDEA 2022.2.1\lib\idea_rt.jar=56419:C:\Program Files\JetBrains\IntelliJ IDEA 2022.2.1\bin -Dfile.encoding=UTF-8 -Dsun.stdout.encoding=UTF-8 -Dsun.stderr.encoding=UTF-8 
java_command: dk.dtu.compute.se.pisd.roborally.RoboRally
java_class_path (initial): C:\Users\tobia\OneDrive\Coding\Bobby\roborally\target\classes;C:\Users\tobia\.m2\repository\com\fasterxml\jackson-xml-databind\0.6.2\jackson-xml-databind-0.6.2.jar;C:\Users\tobia\.m2\repository\org\codehaus\jackson\jackson-mapper-asl\1.9.2\jackson-mapper-asl-1.9.2.jar;C:\Users\tobia\.m2\repository\org\codehaus\jackson\jackson-core-asl\1.9.2\jackson-core-asl-1.9.2.jar;C:\Users\tobia\.m2\repository\org\codehaus\jackson\jackson-xc\1.9.2\jackson-xc-1.9.2.jar;C:\Users\tobia\.m2\repository\org\codehaus\woodstox\stax2-api\3.1.0\stax2-api-3.1.0.jar;C:\Users\tobia\.m2\repository\javax\xml\stream\stax-api\1.0-2\stax-api-1.0-2.jar;C:\Users\tobia\.m2\repository\com\fasterxml\jackson\dataformat\jackson-dataformat-xml\2.8.5\jackson-dataformat-xml-2.8.5.jar;C:\Users\tobia\.m2\repository\com\fasterxml\jackson\core\jackson-core\2.15.0\jackson-core-2.15.0.jar;C:\Users\tobia\.m2\repository\com\fasterxml\jackson\core\jackson-annotations\2.15.0\jackson-annotations-2.15.0.jar;C:\Users\tobia\.m2\repository\com\fasterxml\jackson\core\jackson-databind\2.15.0\jackson-databind-2.15.0.jar;C:\Users\tobia\.m2\repository\com\fasterxml\jackson\module\jackson-module-jaxb-annotations\2.15.0\jackson-module-jaxb-annotations-2.15.0.jar;C:\Users\tobia\.m2\repository\jakarta\activation\jakarta.activation-api\2.1.2\jakarta.activation-api-2.1.2.jar;C:\Users\tobia\.m2\repository\com\fasterxml\woodstox\woodstox-core\5.0.3\woodstox-core-5.0.3.jar;C:\Users\tobia\.m2\repository\org\jetbrains\annotations\13.0\annotations-13.0.jar;C:\Users\tobia\.m2\repository\mysql\mysql-connector-java\8.0.11\mysql-connector-java-8.0.11.jar;C:\Users\tobia\.m2\repository\com\google\protobuf\protobuf-java\2.6.0\protobuf-java-2.6.0.jar;C:\Users\tobia\.m2\repository\com\google\code\gson\gson\2.8.2\gson-2.8.2.jar;C:\Users\tobia\.m2\repository\com\google\guava\guava\19.0\guava-19.0.jar;C:\Users\tobia\.m2\repository\org\springframework\boot\spring-boot-starter\3.1.0\spring-boot-starter-3.1.0.jar;C:\Users\tobia\.m2\repository\org\springframework\boot\spring-boot\3.1.0\spring-boot-3.1.0.jar;C:\Users\tobia\.m2\repository\org\springframework\spring-context\6.0.9\spring-context-6.0.9.jar;C:\Users\tobia\.m2\repository\org\springframework\boot\spring-boot-autoconfigure\3.1.0\spring-boot-autoconfigure-3.1.0.jar;C:\Users\tobia\.m2\repository\org\springframework\boot\spring-boot-starter-logging\3.1.0\spring-boot-starter-logging-3.1.0.jar;C:\Users\tobia\.m2\repository\ch\qos\logback\logback-classic\1.4.7\logback-classic-1.4.7.jar;C:\Users\tobia\.m2\repository\ch\qos\logback\logback-core\1.4.7\logback-core-1.4.7.jar;C:\Users\tobia\.m2\repository\org\apache\logging\log4j\log4j-to-slf4j\2.20.0\log4j-to-slf4j-2.20.0.jar;C:\Users\tobia\.m2\repository\org\apache\logging\log4j\log4j-api\2.20.0\log4j-api-2.20.0.jar;C:\Users\tobia\.m2\repository\org\slf4j\jul-to-slf4j\2.0.7\jul-to-slf4j-2.0.7.jar;C:\Users\tobia\.m2\repository\jakarta\annotation\jakarta.annotation-api\2.1.1\jakarta.annotation-api-2.1.1.jar;C:\Users\tobia\.m2\repository\org\springframework\spring-core\6.0.9\spring-core-6.0.9.jar;C:\Users\tobia\.m2\repository\org\springframework\spring-jcl\6.0.9\spring-jcl-6.0.9.jar;C:\Users\tobia\.m2\repository\org\yaml\snakeyaml\1.33\snakeyaml-1.33.jar;C:\Users\tobia\.m2\repository\jakarta\xml\bind\jakarta.xml.bind-api\4.0.0\jakarta.xml.bind-api-4.0.0.jar;C:\Users\tobia\.m2\repository\org\hamcrest\hamcrest\2.2\hamcrest-2.2.jar;C:\Users\tobia\.m2\repository\com\googlecode\json-simple\json-simple\1.1.1\json-simple-1.1.1.jar;C:\Users\tobia\.m2\repository\junit\junit\4.13.2\junit-4.13.2.jar;C:\Users\tobia\.m2\repository\org\hamcrest\hamcrest-core\2.2\hamcrest-core-2.2.jar;C:\Users\tobia\.m2\repository\org\openjfx\javafx-controls\17\javafx-controls-17.jar;C:\Users\tobia\.m2\repository\org\openjfx\javafx-controls\17\javafx-controls-17-win.jar;C:\Users\tobia\.m2\repository\org\openjfx\javafx-graphics\17\javafx-graphics-17.jar;C:\Users\tobia\.m2\repository\org\openjfx\javafx-graphics\17\javafx-graphics-17-win.jar;C:\Users\tobia\.m2\repository\org\openjfx\javafx-base\17\javafx-base-17.jar;C:\Users\tobia\.m2\repository\org\openjfx\javafx-base\17\javafx-base-17-win.jar;C:\Users\tobia\.m2\repository\org\openjfx\javafx-fxml\17\javafx-fxml-17.jar;C:\Users\tobia\.m2\repository\org\openjfx\javafx-fxml\17\javafx-fxml-17-win.jar;C:\Users\tobia\.m2\repository\org\testng\testng\7.8.0\testng-7.8.0.jar;C:\Users\tobia\.m2\repository\org\slf4j\slf4j-api\2.0.7\slf4j-api-2.0.7.jar;C:\Users\tobia\.m2\repository\com\beust\jcommander\1.82\jcommander-1.82.jar;C:\Users\tobia\.m2\repository\org\webjars\jquery\3.6.1\jquery-3.6.1.jar;C:\Users\tobia\.m2\repository\org\springframework\boot\spring-boot-starter-web\3.1.0\spring-boot-starter-web-3.1.0.jar;C:\Users\tobia\.m2\repository\org\springframework\boot\spring-boot-starter-json\3.1.0\spring-boot-starter-json-3.1.0.jar;C:\Users\tobia\.m2\repository\com\fasterxml\jackson\datatype\jackson-datatype-jdk8\2.15.0\jackson-datatype-jdk8-2.15.0.jar;C:\Users\tobia\.m2\repository\com\fasterxml\jackson\datatype\jackson-datatype-jsr310\2.15.0\jackson-datatype-jsr310-2.15.0.jar;C:\Users\tobia\.m2\repository\com\fasterxml\jackson\module\jackson-module-parameter-names\2.15.0\jackson-module-parameter-names-2.15.0.jar;C:\Users\tobia\.m2\repository\org\springframework\boot\spring-boot-starter-tomcat\3.1.0\spring-boot-starter-tomcat-3.1.0.jar;C:\Users\tobia\.m2\repository\org\apache\tomcat\embed\tomcat-embed-core\10.1.8\tomcat-embed-core-10.1.8.jar;C:\Users\tobia\.m2\repository\org\apache\tomcat\embed\tomcat-embed-el\10.1.8\tomcat-embed-el-10.1.8.jar;C:\Users\tobia\.m2\repository\org\apache\tomcat\embed\tomcat-embed-websocket\10.1.8\tomcat-embed-websocket-10.1.8.jar;C:\Users\tobia\.m2\repository\org\springframework\spring-web\6.0.9\spring-web-6.0.9.jar;C:\Users\tobia\.m2\repository\org\springframework\spring-beans\6.0.9\spring-beans-6.0.9.jar;C:\Users\tobia\.m2\repository\io\micrometer\micrometer-observation\1.11.0\micrometer-observation-1.11.0.jar;C:\Users\tobia\.m2\repository\io\micrometer\micrometer-commons\1.11.0\micrometer-commons-1.11.0.jar;C:\Users\tobia\.m2\repository\org\springframework\spring-webmvc\6.0.9\spring-webmvc-6.0.9.jar;C:\Users\tobia\.m2\repository\org\springframework\spring-aop\6.0.9\spring-aop-6.0.9.jar;C:\Users\tobia\.m2\repository\org\springframework\spring-expression\6.0.9\spring-expression-6.0.9.jar
Launcher Type: SUN_STANDARD

[Global flags]
     intx CICompilerCount                          = 3                                         {product} {ergonomic}
     uint ConcGCThreads                            = 1                                         {product} {ergonomic}
     uint G1ConcRefinementThreads                  = 4                                         {product} {ergonomic}
   size_t G1HeapRegionSize                         = 1048576                                   {product} {ergonomic}
    uintx GCDrainStackTargetSize                   = 64                                        {product} {ergonomic}
   size_t InitialHeapSize                          = 132120576                                 {product} {ergonomic}
   size_t MarkStackSize                            = 4194304                                   {product} {ergonomic}
   size_t MaxHeapSize                              = 2107637760                                {product} {ergonomic}
   size_t MaxNewSize                               = 1264582656                                {product} {ergonomic}
   size_t MinHeapDeltaBytes                        = 1048576                                   {product} {ergonomic}
   size_t MinHeapSize                              = 8388608                                   {product} {ergonomic}
    uintx NonNMethodCodeHeapSize                   = 5832780                                {pd product} {ergonomic}
    uintx NonProfiledCodeHeapSize                  = 122912730                              {pd product} {ergonomic}
    uintx ProfiledCodeHeapSize                     = 122912730                              {pd product} {ergonomic}
    uintx ReservedCodeCacheSize                    = 251658240                              {pd product} {ergonomic}
     bool SegmentedCodeCache                       = true                                      {product} {ergonomic}
   size_t SoftMaxHeapSize                          = 2107637760                             {manageable} {ergonomic}
     bool UseCompressedClassPointers               = true                           {product lp64_product} {ergonomic}
     bool UseCompressedOops                        = true                           {product lp64_product} {ergonomic}
     bool UseG1GC                                  = true                                      {product} {ergonomic}
     bool UseLargePagesIndividualAllocation        = false                                  {pd product} {ergonomic}

Logging:
Log output configuration:
 #0: stdout all=off uptime,level,tags foldmultilines=false
 #1: stderr all=off uptime,level,tags foldmultilines=false

Environment Variables:
PATH=C:\Program Files\Common Files\Oracle\Java\javapath;C:\Program Files (x86)\Intel\iCLS Client\;C:\Program Files\Intel\iCLS Client\;C:\Windows\system32;C:\Windows;C:\Windows\System32\Wbem;C:\Windows\System32\WindowsPowerShell\v1.0\;C:\Program Files (x86)\Intel\Intel(R) Management Engine Components\DAL;C:\Program Files\Intel\Intel(R) Management Engine Components\DAL;C:\Program Files (x86)\Intel\Intel(R) Management Engine Components\IPT;C:\Program Files\Intel\Intel(R) Management Engine Components\IPT;C:\Program Files (x86)\NVIDIA Corporation\PhysX\Common;C:\WINDOWS\system32;C:\WINDOWS;C:\WINDOWS\System32\Wbem;C:\WINDOWS\System32\WindowsPowerShell\v1.0\;C:\WINDOWS\System32\OpenSSH\;C:\Program Files\Microsoft SQL Server\150\Tools\Binn\;C:\Program Files\Microsoft SQL Server\Client SDK\ODBC\170\Tools\Binn\;C:\Program Files\dotnet\;C:\Program Files\Git\cmd;C:\Users\tobia\AppData\Local\Microsoft\WindowsApps;C:\Users\tobia\.dotnet\tools;C:\Program Files\Java\jdk-18.0.2.1\bin;C:\Users\tobia\AppData\Local\GitHubDesktop\bin
USERNAME=tobia
OS=Windows_NT
PROCESSOR_IDENTIFIER=Intel64 Family 6 Model 158 Stepping 9, GenuineIntel
TMP=C:\Users\tobia\AppData\Local\Temp
TEMP=C:\Users\tobia\AppData\Local\Temp



---------------  S Y S T E M  ---------------

OS:
 Windows 10 , 64 bit Build 19041 (10.0.19041.2913)
OS uptime: 8 days 20:59 hours

CPU: total 4 (initial active 4) (4 cores per cpu, 1 threads per core) family 6 model 158 stepping 9 microcode 0xb4, cx8, cmov, fxsr, mmx, 3dnowpref, sse, sse2, sse3, ssse3, sse4.1, sse4.2, popcnt, lzcnt, tsc, tscinvbit, avx, avx2, aes, erms, clmul, bmi1, bmi2, adx, fma, vzeroupper, clflush, clflushopt, rdtscp

Memory: 4k page, system-wide physical 8035M (1157M free)
TotalPageFile size 20835M (AvailPageFile size 7911M)
current process WorkingSet (physical memory assigned to process): 131M, peak: 145M
current process commit charge ("private bytes"): 268M, peak: 278M

vm_info: OpenJDK 64-Bit Server VM (19.0.1+10-21) for windows-amd64 JRE (19.0.1+10-21), built on 2022-09-14T12:45:06Z by "mach5one" with MS VC++ 17.1 (VS2022)

END.
